This file contains any messages produced by compilers while
running configure, to aid debugging if configure makes a mistake.

It was created by activemq-cpp configure 3.9.5, which was
generated by GNU Autoconf 2.69.  Invocation command line was

  $ ./configure 

## --------- ##
## Platform. ##
## --------- ##

hostname = dell
uname -m = x86_64
uname -r = 5.13.0-40-generic
uname -s = Linux
uname -v = #45-Ubuntu SMP Tue Mar 29 14:48:14 UTC 2022

/usr/bin/uname -p = x86_64
/bin/uname -X     = unknown

/bin/arch              = x86_64
/usr/bin/arch -k       = unknown
/usr/convex/getsysinfo = unknown
/usr/bin/hostinfo      = unknown
/bin/machine           = unknown
/usr/bin/oslevel       = unknown
/bin/universe          = unknown

PATH: /home/aaron/Fortify/Fortify_SCA_and_Apps_21.2.3/bin
PATH: /home/aaron/.nvm/versions/node/v17.3.1/bin
PATH: /home/aaron/Fortify/Fortify_SCA_and_Apps_21.2.3/bin
PATH: /home/aaron/Fortify/Fortify_SCA_and_Apps_21.2.3/bin
PATH: /home/aaron/Fortify/Fortify_SCA_and_Apps_21.2.3/bin
PATH: /home/aaron/apps
PATH: /home/aaron/.local/bin
PATH: /usr/local/sbin
PATH: /usr/local/bin
PATH: /usr/sbin
PATH: /usr/bin
PATH: /sbin
PATH: /bin
PATH: /usr/games
PATH: /usr/local/games
PATH: /snap/bin
PATH: /snap/bin


## ----------- ##
## Core tests. ##
## ----------- ##

configure:2941: checking for a BSD-compatible install
configure:3009: result: /usr/bin/install -c
configure:3020: checking whether build environment is sane
configure:3075: result: yes
configure:3221: checking for a thread-safe mkdir -p
configure:3260: result: /usr/bin/mkdir -p
configure:3267: checking for gawk
configure:3283: found /usr/bin/gawk
configure:3294: result: gawk
configure:3305: checking whether make sets $(MAKE)
configure:3327: result: yes
configure:3356: checking whether make supports nested variables
configure:3373: result: yes
configure:3521: checking build system type
configure:3535: result: x86_64-pc-linux-gnu
configure:3555: checking host system type
configure:3568: result: x86_64-pc-linux-gnu
configure:3646: checking for gcc
configure:3662: found /usr/bin/gcc
configure:3673: result: gcc
configure:3902: checking for C compiler version
configure:3911: gcc --version >&5
gcc (Ubuntu 11.2.0-7ubuntu2) 11.2.0
Copyright (C) 2021 Free Software Foundation, Inc.
This is free software; see the source for copying conditions.  There is NO
warranty; not even for MERCHANTABILITY or FITNESS FOR A PARTICULAR PURPOSE.

configure:3922: $? = 0
configure:3911: gcc -v >&5
Using built-in specs.
COLLECT_GCC=gcc
COLLECT_LTO_WRAPPER=/usr/lib/gcc/x86_64-linux-gnu/11/lto-wrapper
OFFLOAD_TARGET_NAMES=nvptx-none:amdgcn-amdhsa
OFFLOAD_TARGET_DEFAULT=1
Target: x86_64-linux-gnu
Configured with: ../src/configure -v --with-pkgversion='Ubuntu 11.2.0-7ubuntu2' --with-bugurl=file:///usr/share/doc/gcc-11/README.Bugs --enable-languages=c,ada,c++,go,brig,d,fortran,objc,obj-c++,m2 --prefix=/usr --with-gcc-major-version-only --program-suffix=-11 --program-prefix=x86_64-linux-gnu- --enable-shared --enable-linker-build-id --libexecdir=/usr/lib --without-included-gettext --enable-threads=posix --libdir=/usr/lib --enable-nls --enable-bootstrap --enable-clocale=gnu --enable-libstdcxx-debug --enable-libstdcxx-time=yes --with-default-libstdcxx-abi=new --enable-gnu-unique-object --disable-vtable-verify --enable-plugin --enable-default-pie --with-system-zlib --enable-libphobos-checking=release --with-target-system-zlib=auto --enable-objc-gc=auto --enable-multiarch --disable-werror --enable-cet --with-arch-32=i686 --with-abi=m64 --with-multilib-list=m32,m64,mx32 --enable-multilib --with-tune=generic --enable-offload-targets=nvptx-none=/build/gcc-11-ZPT0kp/gcc-11-11.2.0/debian/tmp-nvptx/usr,amdgcn-amdhsa=/build/gcc-11-ZPT0kp/gcc-11-11.2.0/debian/tmp-gcn/usr --without-cuda-driver --enable-checking=release --build=x86_64-linux-gnu --host=x86_64-linux-gnu --target=x86_64-linux-gnu --with-build-config=bootstrap-lto-lean --enable-link-serialization=2
Thread model: posix
Supported LTO compression algorithms: zlib zstd
gcc version 11.2.0 (Ubuntu 11.2.0-7ubuntu2) 
... rest of stderr output deleted ...
configure:3922: $? = 0
configure:3911: gcc -V >&5
gcc: error: unrecognized command-line option '-V'
gcc: fatal error: no input files
compilation terminated.
configure:3922: $? = 1
configure:3911: gcc -qversion >&5
gcc: error: unrecognized command-line option '-qversion'; did you mean '--version'?
gcc: fatal error: no input files
compilation terminated.
configure:3922: $? = 1
configure:3942: checking whether the C compiler works
configure:3964: gcc    conftest.c  >&5
configure:3968: $? = 0
configure:4016: result: yes
configure:4019: checking for C compiler default output file name
configure:4021: result: a.out
configure:4027: checking for suffix of executables
configure:4034: gcc -o conftest    conftest.c  >&5
configure:4038: $? = 0
configure:4060: result: 
configure:4082: checking whether we are cross compiling
configure:4090: gcc -o conftest    conftest.c  >&5
configure:4094: $? = 0
configure:4101: ./conftest
configure:4105: $? = 0
configure:4120: result: no
configure:4125: checking for suffix of object files
configure:4147: gcc -c   conftest.c >&5
configure:4151: $? = 0
configure:4172: result: o
configure:4176: checking whether we are using the GNU C compiler
configure:4195: gcc -c   conftest.c >&5
configure:4195: $? = 0
configure:4204: result: yes
configure:4213: checking whether gcc accepts -g
configure:4233: gcc -c -g  conftest.c >&5
configure:4233: $? = 0
configure:4274: result: yes
configure:4291: checking for gcc option to accept ISO C89
configure:4354: gcc  -c -g -O2  conftest.c >&5
configure:4354: $? = 0
configure:4367: result: none needed
configure:4392: checking whether gcc understands -c and -o together
configure:4414: gcc -c conftest.c -o conftest2.o
configure:4417: $? = 0
configure:4414: gcc -c conftest.c -o conftest2.o
configure:4417: $? = 0
configure:4429: result: yes
configure:4449: checking whether make supports the include directive
configure:4464: make -f confmf.GNU && cat confinc.out
this is the am__doit target
configure:4467: $? = 0
configure:4486: result: yes (GNU style)
configure:4511: checking dependency style of gcc
configure:4622: result: gcc3
configure:4695: checking for g++
configure:4711: found /usr/bin/g++
configure:4722: result: g++
configure:4749: checking for C++ compiler version
configure:4758: g++ --version >&5
g++ (Ubuntu 11.2.0-7ubuntu2) 11.2.0
Copyright (C) 2021 Free Software Foundation, Inc.
This is free software; see the source for copying conditions.  There is NO
warranty; not even for MERCHANTABILITY or FITNESS FOR A PARTICULAR PURPOSE.

configure:4769: $? = 0
configure:4758: g++ -v >&5
Using built-in specs.
COLLECT_GCC=g++
COLLECT_LTO_WRAPPER=/usr/lib/gcc/x86_64-linux-gnu/11/lto-wrapper
OFFLOAD_TARGET_NAMES=nvptx-none:amdgcn-amdhsa
OFFLOAD_TARGET_DEFAULT=1
Target: x86_64-linux-gnu
Configured with: ../src/configure -v --with-pkgversion='Ubuntu 11.2.0-7ubuntu2' --with-bugurl=file:///usr/share/doc/gcc-11/README.Bugs --enable-languages=c,ada,c++,go,brig,d,fortran,objc,obj-c++,m2 --prefix=/usr --with-gcc-major-version-only --program-suffix=-11 --program-prefix=x86_64-linux-gnu- --enable-shared --enable-linker-build-id --libexecdir=/usr/lib --without-included-gettext --enable-threads=posix --libdir=/usr/lib --enable-nls --enable-bootstrap --enable-clocale=gnu --enable-libstdcxx-debug --enable-libstdcxx-time=yes --with-default-libstdcxx-abi=new --enable-gnu-unique-object --disable-vtable-verify --enable-plugin --enable-default-pie --with-system-zlib --enable-libphobos-checking=release --with-target-system-zlib=auto --enable-objc-gc=auto --enable-multiarch --disable-werror --enable-cet --with-arch-32=i686 --with-abi=m64 --with-multilib-list=m32,m64,mx32 --enable-multilib --with-tune=generic --enable-offload-targets=nvptx-none=/build/gcc-11-ZPT0kp/gcc-11-11.2.0/debian/tmp-nvptx/usr,amdgcn-amdhsa=/build/gcc-11-ZPT0kp/gcc-11-11.2.0/debian/tmp-gcn/usr --without-cuda-driver --enable-checking=release --build=x86_64-linux-gnu --host=x86_64-linux-gnu --target=x86_64-linux-gnu --with-build-config=bootstrap-lto-lean --enable-link-serialization=2
Thread model: posix
Supported LTO compression algorithms: zlib zstd
gcc version 11.2.0 (Ubuntu 11.2.0-7ubuntu2) 
... rest of stderr output deleted ...
configure:4769: $? = 0
configure:4758: g++ -V >&5
g++: error: unrecognized command-line option '-V'
g++: fatal error: no input files
compilation terminated.
configure:4769: $? = 1
configure:4758: g++ -qversion >&5
g++: error: unrecognized command-line option '-qversion'; did you mean '--version'?
g++: fatal error: no input files
compilation terminated.
configure:4769: $? = 1
configure:4773: checking whether we are using the GNU C++ compiler
configure:4792: g++ -c   conftest.cpp >&5
configure:4792: $? = 0
configure:4801: result: yes
configure:4810: checking whether g++ accepts -g
configure:4830: g++ -c -g  conftest.cpp >&5
configure:4830: $? = 0
configure:4871: result: yes
configure:4896: checking dependency style of g++
configure:5007: result: gcc3
configure:5371: checking how to print strings
configure:5398: result: printf
configure:5419: checking for a sed that does not truncate output
configure:5483: result: /usr/bin/sed
configure:5501: checking for grep that handles long lines and -e
configure:5559: result: /usr/bin/grep
configure:5564: checking for egrep
configure:5626: result: /usr/bin/grep -E
configure:5631: checking for fgrep
configure:5693: result: /usr/bin/grep -F
configure:5728: checking for ld used by gcc
configure:5795: result: /usr/bin/ld
configure:5802: checking if the linker (/usr/bin/ld) is GNU ld
configure:5817: result: yes
configure:5829: checking for BSD- or MS-compatible name lister (nm)
configure:5883: result: /usr/bin/nm -B
configure:6013: checking the name lister (/usr/bin/nm -B) interface
configure:6020: gcc -c -g -O2  conftest.c >&5
configure:6023: /usr/bin/nm -B "conftest.o"
configure:6026: output
0000000000000000 B some_variable
configure:6033: result: BSD nm
configure:6036: checking whether ln -s works
configure:6040: result: yes
configure:6048: checking the maximum length of command line arguments
configure:6179: result: 1572864
configure:6227: checking how to convert x86_64-pc-linux-gnu file names to x86_64-pc-linux-gnu format
configure:6267: result: func_convert_file_noop
configure:6274: checking how to convert x86_64-pc-linux-gnu file names to toolchain format
configure:6294: result: func_convert_file_noop
configure:6301: checking for /usr/bin/ld option to reload object files
configure:6308: result: -r
configure:6382: checking for objdump
configure:6409: result: objdump
configure:6438: checking how to recognize dependent libraries
configure:6638: result: pass_all
configure:6723: checking for dlltool
configure:6750: result: dlltool
configure:6780: checking how to associate runtime and link libraries
configure:6807: result: printf %s\n
configure:6868: checking for ar
configure:6884: found /usr/bin/ar
configure:6895: result: ar
configure:6932: checking for archiver @FILE support
configure:6949: gcc -c -g -O2  conftest.c >&5
configure:6949: $? = 0
configure:6952: ar cr libconftest.a @conftest.lst >&5
configure:6955: $? = 0
configure:6960: ar cr libconftest.a @conftest.lst >&5
ar: conftest.o: No such file or directory
configure:6963: $? = 1
configure:6975: result: @
configure:7033: checking for strip
configure:7049: found /usr/bin/strip
configure:7060: result: strip
configure:7132: checking for ranlib
configure:7148: found /usr/bin/ranlib
configure:7159: result: ranlib
configure:7261: checking command to parse /usr/bin/nm -B output from gcc object
configure:7414: gcc -c -g -O2  conftest.c >&5
configure:7417: $? = 0
configure:7421: /usr/bin/nm -B conftest.o | sed -n -e 's/^.*[	 ]\([ABCDGIRSTW][ABCDGIRSTW]*\)[	 ][	 ]*\([_A-Za-z][_A-Za-z0-9]*\)$/\1 \2 \2/p' | sed '/ __gnu_lto/d' > conftest.nm
configure:7487: gcc -o conftest -g -O2   conftest.c conftstm.o >&5
configure:7490: $? = 0
configure:7528: result: ok
configure:7575: checking for sysroot
configure:7605: result: no
configure:7612: checking for a working dd
configure:7650: result: /usr/bin/dd
configure:7654: checking how to truncate binary pipes
configure:7669: result: /usr/bin/dd bs=4096 count=1
configure:7805: gcc -c -g -O2  conftest.c >&5
configure:7808: $? = 0
configure:7998: checking for mt
configure:8014: found /usr/bin/mt
configure:8025: result: mt
configure:8048: checking if mt is a manifest tool
configure:8054: mt '-?'
configure:8062: result: no
configure:8739: checking how to run the C preprocessor
configure:8770: gcc -E  conftest.c
configure:8770: $? = 0
configure:8784: gcc -E  conftest.c
conftest.c:11:10: fatal error: ac_nonexistent.h: No such file or directory
   11 | #include <ac_nonexistent.h>
      |          ^~~~~~~~~~~~~~~~~~
compilation terminated.
configure:8784: $? = 1
configure: failed program was:
| /* confdefs.h */
| #define PACKAGE_NAME "activemq-cpp"
| #define PACKAGE_TARNAME "activemq-cpp"
| #define PACKAGE_VERSION "3.9.5"
| #define PACKAGE_STRING "activemq-cpp 3.9.5"
| #define PACKAGE_BUGREPORT "dev@activemq.apache.org"
| #define PACKAGE_URL ""
| #define PACKAGE "activemq-cpp"
| #define VERSION "3.9.5"
| /* end confdefs.h.  */
| #include <ac_nonexistent.h>
configure:8809: result: gcc -E
configure:8829: gcc -E  conftest.c
configure:8829: $? = 0
configure:8843: gcc -E  conftest.c
conftest.c:11:10: fatal error: ac_nonexistent.h: No such file or directory
   11 | #include <ac_nonexistent.h>
      |          ^~~~~~~~~~~~~~~~~~
compilation terminated.
configure:8843: $? = 1
configure: failed program was:
| /* confdefs.h */
| #define PACKAGE_NAME "activemq-cpp"
| #define PACKAGE_TARNAME "activemq-cpp"
| #define PACKAGE_VERSION "3.9.5"
| #define PACKAGE_STRING "activemq-cpp 3.9.5"
| #define PACKAGE_BUGREPORT "dev@activemq.apache.org"
| #define PACKAGE_URL ""
| #define PACKAGE "activemq-cpp"
| #define VERSION "3.9.5"
| /* end confdefs.h.  */
| #include <ac_nonexistent.h>
configure:8872: checking for ANSI C header files
configure:8892: gcc -c -g -O2  conftest.c >&5
configure:8892: $? = 0
configure:8965: gcc -o conftest -g -O2   conftest.c  >&5
configure:8965: $? = 0
configure:8965: ./conftest
configure:8965: $? = 0
configure:8976: result: yes
configure:8989: checking for sys/types.h
configure:8989: gcc -c -g -O2  conftest.c >&5
configure:8989: $? = 0
configure:8989: result: yes
configure:8989: checking for sys/stat.h
configure:8989: gcc -c -g -O2  conftest.c >&5
configure:8989: $? = 0
configure:8989: result: yes
configure:8989: checking for stdlib.h
configure:8989: gcc -c -g -O2  conftest.c >&5
configure:8989: $? = 0
configure:8989: result: yes
configure:8989: checking for string.h
configure:8989: gcc -c -g -O2  conftest.c >&5
configure:8989: $? = 0
configure:8989: result: yes
configure:8989: checking for memory.h
configure:8989: gcc -c -g -O2  conftest.c >&5
configure:8989: $? = 0
configure:8989: result: yes
configure:8989: checking for strings.h
configure:8989: gcc -c -g -O2  conftest.c >&5
configure:8989: $? = 0
configure:8989: result: yes
configure:8989: checking for inttypes.h
configure:8989: gcc -c -g -O2  conftest.c >&5
configure:8989: $? = 0
configure:8989: result: yes
configure:8989: checking for stdint.h
configure:8989: gcc -c -g -O2  conftest.c >&5
configure:8989: $? = 0
configure:8989: result: yes
configure:8989: checking for unistd.h
configure:8989: gcc -c -g -O2  conftest.c >&5
configure:8989: $? = 0
configure:8989: result: yes
configure:9003: checking for dlfcn.h
configure:9003: gcc -c -g -O2  conftest.c >&5
configure:9003: $? = 0
configure:9003: result: yes
configure:9268: checking for objdir
configure:9283: result: .libs
configure:9547: checking if gcc supports -fno-rtti -fno-exceptions
configure:9565: gcc -c -g -O2  -fno-rtti -fno-exceptions conftest.c >&5
cc1: warning: command-line option '-fno-rtti' is valid for C++/D/ObjC++ but not for C
configure:9569: $? = 0
configure:9582: result: no
configure:9946: checking for gcc option to produce PIC
configure:9953: result: -fPIC -DPIC
configure:9961: checking if gcc PIC flag -fPIC -DPIC works
configure:9979: gcc -c -g -O2  -fPIC -DPIC -DPIC conftest.c >&5
configure:9983: $? = 0
configure:9996: result: yes
configure:10025: checking if gcc static flag -static works
configure:10053: result: yes
configure:10068: checking if gcc supports -c -o file.o
configure:10089: gcc -c -g -O2  -o out/conftest2.o conftest.c >&5
configure:10093: $? = 0
configure:10115: result: yes
configure:10123: checking if gcc supports -c -o file.o
configure:10170: result: yes
configure:10203: checking whether the gcc linker (/usr/bin/ld -m elf_x86_64) supports shared libraries
configure:11466: result: yes
configure:11503: checking whether -lc should be explicitly linked in
configure:11511: gcc -c -g -O2  conftest.c >&5
configure:11514: $? = 0
configure:11529: gcc -shared  -fPIC -DPIC conftest.o  -v -Wl,-soname -Wl,conftest -o conftest 2\>\&1 \| /usr/bin/grep  -lc  \>/dev/null 2\>\&1
configure:11532: $? = 0
configure:11546: result: no
configure:11706: checking dynamic linker characteristics
configure:12287: gcc -o conftest -g -O2   -Wl,-rpath -Wl,/foo conftest.c  >&5
configure:12287: $? = 0
configure:12536: result: GNU/Linux ld.so
configure:12658: checking how to hardcode library paths into programs
configure:12683: result: immediate
configure:13231: checking whether stripping libraries is possible
configure:13236: result: yes
configure:13271: checking if libtool supports shared libraries
configure:13273: result: yes
configure:13276: checking whether to build shared libraries
configure:13301: result: yes
configure:13304: checking whether to build static libraries
configure:13308: result: yes
configure:13331: checking how to run the C++ preprocessor
configure:13358: g++ -E  conftest.cpp
configure:13358: $? = 0
configure:13372: g++ -E  conftest.cpp
conftest.cpp:23:10: fatal error: ac_nonexistent.h: No such file or directory
   23 | #include <ac_nonexistent.h>
      |          ^~~~~~~~~~~~~~~~~~
compilation terminated.
configure:13372: $? = 1
configure: failed program was:
| /* confdefs.h */
| #define PACKAGE_NAME "activemq-cpp"
| #define PACKAGE_TARNAME "activemq-cpp"
| #define PACKAGE_VERSION "3.9.5"
| #define PACKAGE_STRING "activemq-cpp 3.9.5"
| #define PACKAGE_BUGREPORT "dev@activemq.apache.org"
| #define PACKAGE_URL ""
| #define PACKAGE "activemq-cpp"
| #define VERSION "3.9.5"
| #define STDC_HEADERS 1
| #define HAVE_SYS_TYPES_H 1
| #define HAVE_SYS_STAT_H 1
| #define HAVE_STDLIB_H 1
| #define HAVE_STRING_H 1
| #define HAVE_MEMORY_H 1
| #define HAVE_STRINGS_H 1
| #define HAVE_INTTYPES_H 1
| #define HAVE_STDINT_H 1
| #define HAVE_UNISTD_H 1
| #define HAVE_DLFCN_H 1
| #define LT_OBJDIR ".libs/"
| /* end confdefs.h.  */
| #include <ac_nonexistent.h>
configure:13397: result: g++ -E
configure:13417: g++ -E  conftest.cpp
configure:13417: $? = 0
configure:13431: g++ -E  conftest.cpp
conftest.cpp:23:10: fatal error: ac_nonexistent.h: No such file or directory
   23 | #include <ac_nonexistent.h>
      |          ^~~~~~~~~~~~~~~~~~
compilation terminated.
configure:13431: $? = 1
configure: failed program was:
| /* confdefs.h */
| #define PACKAGE_NAME "activemq-cpp"
| #define PACKAGE_TARNAME "activemq-cpp"
| #define PACKAGE_VERSION "3.9.5"
| #define PACKAGE_STRING "activemq-cpp 3.9.5"
| #define PACKAGE_BUGREPORT "dev@activemq.apache.org"
| #define PACKAGE_URL ""
| #define PACKAGE "activemq-cpp"
| #define VERSION "3.9.5"
| #define STDC_HEADERS 1
| #define HAVE_SYS_TYPES_H 1
| #define HAVE_SYS_STAT_H 1
| #define HAVE_STDLIB_H 1
| #define HAVE_STRING_H 1
| #define HAVE_MEMORY_H 1
| #define HAVE_STRINGS_H 1
| #define HAVE_INTTYPES_H 1
| #define HAVE_STDINT_H 1
| #define HAVE_UNISTD_H 1
| #define HAVE_DLFCN_H 1
| #define LT_OBJDIR ".libs/"
| /* end confdefs.h.  */
| #include <ac_nonexistent.h>
configure:13593: checking for ld used by g++
configure:13660: result: /usr/bin/ld -m elf_x86_64
configure:13667: checking if the linker (/usr/bin/ld -m elf_x86_64) is GNU ld
configure:13682: result: yes
configure:13737: checking whether the g++ linker (/usr/bin/ld -m elf_x86_64) supports shared libraries
configure:14810: result: yes
configure:14846: g++ -c -g -O2  conftest.cpp >&5
configure:14849: $? = 0
configure:15330: checking for g++ option to produce PIC
configure:15337: result: -fPIC -DPIC
configure:15345: checking if g++ PIC flag -fPIC -DPIC works
configure:15363: g++ -c -g -O2  -fPIC -DPIC -DPIC conftest.cpp >&5
configure:15367: $? = 0
configure:15380: result: yes
configure:15403: checking if g++ static flag -static works
configure:15431: result: yes
configure:15443: checking if g++ supports -c -o file.o
configure:15464: g++ -c -g -O2  -o out/conftest2.o conftest.cpp >&5
configure:15468: $? = 0
configure:15490: result: yes
configure:15495: checking if g++ supports -c -o file.o
configure:15542: result: yes
configure:15572: checking whether the g++ linker (/usr/bin/ld -m elf_x86_64) supports shared libraries
configure:15615: result: yes
configure:15756: checking dynamic linker characteristics
configure:16513: result: GNU/Linux ld.so
configure:16578: checking how to hardcode library paths into programs
configure:16603: result: immediate
configure:16666: checking whether build environment is sane
configure:16721: result: yes
configure:16740: checking for working memcmp
configure:16783: g++ -o conftest -g -O2   conftest.cpp  >&5
configure:16783: $? = 0
configure:16783: ./conftest
configure:16783: $? = 0
configure:16793: result: yes
configure:16804: checking for vprintf
configure:16804: g++ -o conftest -g -O2   conftest.cpp  >&5
conftest.cpp:46:6: warning: declaration of 'char vprintf()' conflicts with built-in declaration 'int vprintf(const char*, __va_list_tag*)' [-Wbuiltin-declaration-mismatch]
   46 | char vprintf ();
      |      ^~~~~~~
configure:16804: $? = 0
configure:16804: result: yes
configure:16810: checking for _doprnt
configure:16810: g++ -o conftest -g -O2   conftest.cpp  >&5
/usr/bin/ld: /tmp/ccMYr85K.o: in function `main':
/projects/cmsclient/conftest.cpp:58: undefined reference to `_doprnt'
collect2: error: ld returned 1 exit status
configure:16810: $? = 1
configure: failed program was:
| /* confdefs.h */
| #define PACKAGE_NAME "activemq-cpp"
| #define PACKAGE_TARNAME "activemq-cpp"
| #define PACKAGE_VERSION "3.9.5"
| #define PACKAGE_STRING "activemq-cpp 3.9.5"
| #define PACKAGE_BUGREPORT "dev@activemq.apache.org"
| #define PACKAGE_URL ""
| #define PACKAGE "activemq-cpp"
| #define VERSION "3.9.5"
| #define STDC_HEADERS 1
| #define HAVE_SYS_TYPES_H 1
| #define HAVE_SYS_STAT_H 1
| #define HAVE_STDLIB_H 1
| #define HAVE_STRING_H 1
| #define HAVE_MEMORY_H 1
| #define HAVE_STRINGS_H 1
| #define HAVE_INTTYPES_H 1
| #define HAVE_STDINT_H 1
| #define HAVE_UNISTD_H 1
| #define HAVE_DLFCN_H 1
| #define LT_OBJDIR ".libs/"
| #define HAVE_VPRINTF 1
| /* end confdefs.h.  */
| /* Define _doprnt to an innocuous variant, in case <limits.h> declares _doprnt.
|    For example, HP-UX 11i <limits.h> declares gettimeofday.  */
| #define _doprnt innocuous__doprnt
| 
| /* System header to define __stub macros and hopefully few prototypes,
|     which can conflict with char _doprnt (); below.
|     Prefer <limits.h> to <assert.h> if __STDC__ is defined, since
|     <limits.h> exists even on freestanding compilers.  */
| 
| #ifdef __STDC__
| # include <limits.h>
| #else
| # include <assert.h>
| #endif
| 
| #undef _doprnt
| 
| /* Override any GCC internal prototype to avoid an error.
|    Use char because int might match the return type of a GCC
|    builtin and then its argument prototype would still apply.  */
| #ifdef __cplusplus
| extern "C"
| #endif
| char _doprnt ();
| /* The GNU C library defines this for functions which it implements
|     to always fail with ENOSYS.  Some functions are actually named
|     something starting with __ and the normal name is an alias.  */
| #if defined __stub__doprnt || defined __stub____doprnt
| choke me
| #endif
| 
| int
| main ()
| {
| return _doprnt ();
|   ;
|   return 0;
| }
configure:16810: result: no
configure:16822: checking for ANSI C header files
configure:16926: result: yes
configure:16934: checking for an ANSI C-conforming const
configure:17000: g++ -c -g -O2  conftest.cpp >&5
configure:17000: $? = 0
configure:17007: result: yes
configure:17015: checking for size_t
configure:17015: g++ -c -g -O2  conftest.cpp >&5
configure:17015: $? = 0
configure:17015: g++ -c -g -O2  conftest.cpp >&5
conftest.cpp: In function 'int main()':
conftest.cpp:61:20: error: expected primary-expression before ')' token
   61 | if (sizeof ((size_t)))
      |                    ^
configure:17015: $? = 1
configure: failed program was:
| /* confdefs.h */
| #define PACKAGE_NAME "activemq-cpp"
| #define PACKAGE_TARNAME "activemq-cpp"
| #define PACKAGE_VERSION "3.9.5"
| #define PACKAGE_STRING "activemq-cpp 3.9.5"
| #define PACKAGE_BUGREPORT "dev@activemq.apache.org"
| #define PACKAGE_URL ""
| #define PACKAGE "activemq-cpp"
| #define VERSION "3.9.5"
| #define STDC_HEADERS 1
| #define HAVE_SYS_TYPES_H 1
| #define HAVE_SYS_STAT_H 1
| #define HAVE_STDLIB_H 1
| #define HAVE_STRING_H 1
| #define HAVE_MEMORY_H 1
| #define HAVE_STRINGS_H 1
| #define HAVE_INTTYPES_H 1
| #define HAVE_STDINT_H 1
| #define HAVE_UNISTD_H 1
| #define HAVE_DLFCN_H 1
| #define LT_OBJDIR ".libs/"
| #define HAVE_VPRINTF 1
| #define STDC_HEADERS 1
| /* end confdefs.h.  */
| #include <stdio.h>
| #ifdef HAVE_SYS_TYPES_H
| # include <sys/types.h>
| #endif
| #ifdef HAVE_SYS_STAT_H
| # include <sys/stat.h>
| #endif
| #ifdef STDC_HEADERS
| # include <stdlib.h>
| # include <stddef.h>
| #else
| # ifdef HAVE_STDLIB_H
| #  include <stdlib.h>
| # endif
| #endif
| #ifdef HAVE_STRING_H
| # if !defined STDC_HEADERS && defined HAVE_MEMORY_H
| #  include <memory.h>
| # endif
| # include <string.h>
| #endif
| #ifdef HAVE_STRINGS_H
| # include <strings.h>
| #endif
| #ifdef HAVE_INTTYPES_H
| # include <inttypes.h>
| #endif
| #ifdef HAVE_STDINT_H
| # include <stdint.h>
| #endif
| #ifdef HAVE_UNISTD_H
| # include <unistd.h>
| #endif
| int
| main ()
| {
| if (sizeof ((size_t)))
| 	    return 0;
|   ;
|   return 0;
| }
configure:17015: result: yes
configure:17026: checking whether byte ordering is bigendian
configure:17041: g++ -c -g -O2  conftest.cpp >&5
conftest.cpp:26:16: error: expected unqualified-id before 'not' token
   26 |                not a universal capable compiler
      |                ^~~
configure:17041: $? = 1
configure: failed program was:
| /* confdefs.h */
| #define PACKAGE_NAME "activemq-cpp"
| #define PACKAGE_TARNAME "activemq-cpp"
| #define PACKAGE_VERSION "3.9.5"
| #define PACKAGE_STRING "activemq-cpp 3.9.5"
| #define PACKAGE_BUGREPORT "dev@activemq.apache.org"
| #define PACKAGE_URL ""
| #define PACKAGE "activemq-cpp"
| #define VERSION "3.9.5"
| #define STDC_HEADERS 1
| #define HAVE_SYS_TYPES_H 1
| #define HAVE_SYS_STAT_H 1
| #define HAVE_STDLIB_H 1
| #define HAVE_STRING_H 1
| #define HAVE_MEMORY_H 1
| #define HAVE_STRINGS_H 1
| #define HAVE_INTTYPES_H 1
| #define HAVE_STDINT_H 1
| #define HAVE_UNISTD_H 1
| #define HAVE_DLFCN_H 1
| #define LT_OBJDIR ".libs/"
| #define HAVE_VPRINTF 1
| #define STDC_HEADERS 1
| /* end confdefs.h.  */
| #ifndef __APPLE_CC__
| 	       not a universal capable compiler
| 	     #endif
| 	     typedef int dummy;
| 
configure:17086: g++ -c -g -O2  conftest.cpp >&5
configure:17086: $? = 0
configure:17104: g++ -c -g -O2  conftest.cpp >&5
conftest.cpp: In function 'int main()':
conftest.cpp:32:22: error: 'big' was not declared in this scope
   32 |                  not big endian
      |                      ^~~
configure:17104: $? = 1
configure: failed program was:
| /* confdefs.h */
| #define PACKAGE_NAME "activemq-cpp"
| #define PACKAGE_TARNAME "activemq-cpp"
| #define PACKAGE_VERSION "3.9.5"
| #define PACKAGE_STRING "activemq-cpp 3.9.5"
| #define PACKAGE_BUGREPORT "dev@activemq.apache.org"
| #define PACKAGE_URL ""
| #define PACKAGE "activemq-cpp"
| #define VERSION "3.9.5"
| #define STDC_HEADERS 1
| #define HAVE_SYS_TYPES_H 1
| #define HAVE_SYS_STAT_H 1
| #define HAVE_STDLIB_H 1
| #define HAVE_STRING_H 1
| #define HAVE_MEMORY_H 1
| #define HAVE_STRINGS_H 1
| #define HAVE_INTTYPES_H 1
| #define HAVE_STDINT_H 1
| #define HAVE_UNISTD_H 1
| #define HAVE_DLFCN_H 1
| #define LT_OBJDIR ".libs/"
| #define HAVE_VPRINTF 1
| #define STDC_HEADERS 1
| /* end confdefs.h.  */
| #include <sys/types.h>
| 		#include <sys/param.h>
| 
| int
| main ()
| {
| #if BYTE_ORDER != BIG_ENDIAN
| 		 not big endian
| 		#endif
| 
|   ;
|   return 0;
| }
configure:17232: result: no
configure:17250: checking for wchar_t
configure:17250: g++ -c -g -O2  conftest.cpp >&5
configure:17250: $? = 0
configure:17250: g++ -c -g -O2  conftest.cpp >&5
conftest.cpp: In function 'int main()':
conftest.cpp:61:14: error: expected primary-expression before 'wchar_t'
   61 | if (sizeof ((wchar_t)))
      |              ^~~~~~~
conftest.cpp:61:14: error: expected ')' before 'wchar_t'
   61 | if (sizeof ((wchar_t)))
      |             ~^~~~~~~
      |              )
conftest.cpp:62:21: error: expected ')' before ';' token
   62 |             return 0;
      |                     ^
      |                     )
conftest.cpp:61:12: note: to match this '('
   61 | if (sizeof ((wchar_t)))
      |            ^
conftest.cpp:62:21: error: expected ')' before ';' token
   62 |             return 0;
      |                     ^
      |                     )
conftest.cpp:61:4: note: to match this '('
   61 | if (sizeof ((wchar_t)))
      |    ^
configure:17250: $? = 1
configure: failed program was:
| /* confdefs.h */
| #define PACKAGE_NAME "activemq-cpp"
| #define PACKAGE_TARNAME "activemq-cpp"
| #define PACKAGE_VERSION "3.9.5"
| #define PACKAGE_STRING "activemq-cpp 3.9.5"
| #define PACKAGE_BUGREPORT "dev@activemq.apache.org"
| #define PACKAGE_URL ""
| #define PACKAGE "activemq-cpp"
| #define VERSION "3.9.5"
| #define STDC_HEADERS 1
| #define HAVE_SYS_TYPES_H 1
| #define HAVE_SYS_STAT_H 1
| #define HAVE_STDLIB_H 1
| #define HAVE_STRING_H 1
| #define HAVE_MEMORY_H 1
| #define HAVE_STRINGS_H 1
| #define HAVE_INTTYPES_H 1
| #define HAVE_STDINT_H 1
| #define HAVE_UNISTD_H 1
| #define HAVE_DLFCN_H 1
| #define LT_OBJDIR ".libs/"
| #define HAVE_VPRINTF 1
| #define STDC_HEADERS 1
| /* end confdefs.h.  */
| #include <stdio.h>
| #ifdef HAVE_SYS_TYPES_H
| # include <sys/types.h>
| #endif
| #ifdef HAVE_SYS_STAT_H
| # include <sys/stat.h>
| #endif
| #ifdef STDC_HEADERS
| # include <stdlib.h>
| # include <stddef.h>
| #else
| # ifdef HAVE_STDLIB_H
| #  include <stdlib.h>
| # endif
| #endif
| #ifdef HAVE_STRING_H
| # if !defined STDC_HEADERS && defined HAVE_MEMORY_H
| #  include <memory.h>
| # endif
| # include <string.h>
| #endif
| #ifdef HAVE_STRINGS_H
| # include <strings.h>
| #endif
| #ifdef HAVE_INTTYPES_H
| # include <inttypes.h>
| #endif
| #ifdef HAVE_STDINT_H
| # include <stdint.h>
| #endif
| #ifdef HAVE_UNISTD_H
| # include <unistd.h>
| #endif
| int
| main ()
| {
| if (sizeof ((wchar_t)))
| 	    return 0;
|   ;
|   return 0;
| }
configure:17250: result: yes
configure:17262: checking size of short
configure:17267: g++ -o conftest -g -O2   conftest.cpp  >&5
configure:17267: $? = 0
configure:17267: ./conftest
configure:17267: $? = 0
configure:17281: result: 2
configure:17295: checking size of int
configure:17300: g++ -o conftest -g -O2   conftest.cpp  >&5
configure:17300: $? = 0
configure:17300: ./conftest
configure:17300: $? = 0
configure:17314: result: 4
configure:17328: checking size of long
configure:17333: g++ -o conftest -g -O2   conftest.cpp  >&5
configure:17333: $? = 0
configure:17333: ./conftest
configure:17333: $? = 0
configure:17347: result: 8
configure:17361: checking size of wchar_t
configure:17366: g++ -o conftest -g -O2   conftest.cpp  >&5
configure:17366: $? = 0
configure:17366: ./conftest
configure:17366: $? = 0
configure:17380: result: 4
configure:17395: checking size of char
configure:17400: g++ -o conftest -g -O2   conftest.cpp  >&5
configure:17400: $? = 0
configure:17400: ./conftest
configure:17400: $? = 0
configure:17414: result: 1
configure:17428: checking size of short
configure:17447: result: 2
configure:17461: checking size of int
configure:17480: result: 4
configure:17494: checking size of long long
configure:17499: g++ -o conftest -g -O2   conftest.cpp  >&5
configure:17499: $? = 0
configure:17499: ./conftest
configure:17499: $? = 0
configure:17513: result: 8
configure:17527: checking size of float
configure:17532: g++ -o conftest -g -O2   conftest.cpp  >&5
configure:17532: $? = 0
configure:17532: ./conftest
configure:17532: $? = 0
configure:17546: result: 4
configure:17560: checking size of double
configure:17565: g++ -o conftest -g -O2   conftest.cpp  >&5
configure:17565: $? = 0
configure:17565: ./conftest
configure:17565: $? = 0
configure:17579: result: 8
configure:17592: checking objbase.h usability
configure:17592: g++ -c -g -O2  conftest.cpp >&5
conftest.cpp:69:10: fatal error: objbase.h: No such file or directory
   69 | #include <objbase.h>
      |          ^~~~~~~~~~~
compilation terminated.
configure:17592: $? = 1
configure: failed program was:
| /* confdefs.h */
| #define PACKAGE_NAME "activemq-cpp"
| #define PACKAGE_TARNAME "activemq-cpp"
| #define PACKAGE_VERSION "3.9.5"
| #define PACKAGE_STRING "activemq-cpp 3.9.5"
| #define PACKAGE_BUGREPORT "dev@activemq.apache.org"
| #define PACKAGE_URL ""
| #define PACKAGE "activemq-cpp"
| #define VERSION "3.9.5"
| #define STDC_HEADERS 1
| #define HAVE_SYS_TYPES_H 1
| #define HAVE_SYS_STAT_H 1
| #define HAVE_STDLIB_H 1
| #define HAVE_STRING_H 1
| #define HAVE_MEMORY_H 1
| #define HAVE_STRINGS_H 1
| #define HAVE_INTTYPES_H 1
| #define HAVE_STDINT_H 1
| #define HAVE_UNISTD_H 1
| #define HAVE_DLFCN_H 1
| #define LT_OBJDIR ".libs/"
| #define HAVE_VPRINTF 1
| #define STDC_HEADERS 1
| #define HAVE_WCHAR_T 1
| #define SIZEOF_SHORT 2
| #define SIZEOF_INT 4
| #define SIZEOF_LONG 8
| #define SIZEOF_WCHAR_T 4
| #define SIZEOF_CHAR 1
| #define SIZEOF_SHORT 2
| #define SIZEOF_INT 4
| #define SIZEOF_LONG_LONG 8
| #define SIZEOF_FLOAT 4
| #define SIZEOF_DOUBLE 8
| /* end confdefs.h.  */
| #include <stdio.h>
| #ifdef HAVE_SYS_TYPES_H
| # include <sys/types.h>
| #endif
| #ifdef HAVE_SYS_STAT_H
| # include <sys/stat.h>
| #endif
| #ifdef STDC_HEADERS
| # include <stdlib.h>
| # include <stddef.h>
| #else
| # ifdef HAVE_STDLIB_H
| #  include <stdlib.h>
| # endif
| #endif
| #ifdef HAVE_STRING_H
| # if !defined STDC_HEADERS && defined HAVE_MEMORY_H
| #  include <memory.h>
| # endif
| # include <string.h>
| #endif
| #ifdef HAVE_STRINGS_H
| # include <strings.h>
| #endif
| #ifdef HAVE_INTTYPES_H
| # include <inttypes.h>
| #endif
| #ifdef HAVE_STDINT_H
| # include <stdint.h>
| #endif
| #ifdef HAVE_UNISTD_H
| # include <unistd.h>
| #endif
| #include <objbase.h>
configure:17592: result: no
configure:17592: checking objbase.h presence
configure:17592: g++ -E  conftest.cpp
conftest.cpp:36:10: fatal error: objbase.h: No such file or directory
   36 | #include <objbase.h>
      |          ^~~~~~~~~~~
compilation terminated.
configure:17592: $? = 1
configure: failed program was:
| /* confdefs.h */
| #define PACKAGE_NAME "activemq-cpp"
| #define PACKAGE_TARNAME "activemq-cpp"
| #define PACKAGE_VERSION "3.9.5"
| #define PACKAGE_STRING "activemq-cpp 3.9.5"
| #define PACKAGE_BUGREPORT "dev@activemq.apache.org"
| #define PACKAGE_URL ""
| #define PACKAGE "activemq-cpp"
| #define VERSION "3.9.5"
| #define STDC_HEADERS 1
| #define HAVE_SYS_TYPES_H 1
| #define HAVE_SYS_STAT_H 1
| #define HAVE_STDLIB_H 1
| #define HAVE_STRING_H 1
| #define HAVE_MEMORY_H 1
| #define HAVE_STRINGS_H 1
| #define HAVE_INTTYPES_H 1
| #define HAVE_STDINT_H 1
| #define HAVE_UNISTD_H 1
| #define HAVE_DLFCN_H 1
| #define LT_OBJDIR ".libs/"
| #define HAVE_VPRINTF 1
| #define STDC_HEADERS 1
| #define HAVE_WCHAR_T 1
| #define SIZEOF_SHORT 2
| #define SIZEOF_INT 4
| #define SIZEOF_LONG 8
| #define SIZEOF_WCHAR_T 4
| #define SIZEOF_CHAR 1
| #define SIZEOF_SHORT 2
| #define SIZEOF_INT 4
| #define SIZEOF_LONG_LONG 8
| #define SIZEOF_FLOAT 4
| #define SIZEOF_DOUBLE 8
| /* end confdefs.h.  */
| #include <objbase.h>
configure:17592: result: no
configure:17592: checking for objbase.h
configure:17592: result: no
configure:17604: checking repcdce.h usability
configure:17604: g++ -c -g -O2  conftest.cpp >&5
conftest.cpp:69:10: fatal error: repcdce.h: No such file or directory
   69 | #include <repcdce.h>
      |          ^~~~~~~~~~~
compilation terminated.
configure:17604: $? = 1
configure: failed program was:
| /* confdefs.h */
| #define PACKAGE_NAME "activemq-cpp"
| #define PACKAGE_TARNAME "activemq-cpp"
| #define PACKAGE_VERSION "3.9.5"
| #define PACKAGE_STRING "activemq-cpp 3.9.5"
| #define PACKAGE_BUGREPORT "dev@activemq.apache.org"
| #define PACKAGE_URL ""
| #define PACKAGE "activemq-cpp"
| #define VERSION "3.9.5"
| #define STDC_HEADERS 1
| #define HAVE_SYS_TYPES_H 1
| #define HAVE_SYS_STAT_H 1
| #define HAVE_STDLIB_H 1
| #define HAVE_STRING_H 1
| #define HAVE_MEMORY_H 1
| #define HAVE_STRINGS_H 1
| #define HAVE_INTTYPES_H 1
| #define HAVE_STDINT_H 1
| #define HAVE_UNISTD_H 1
| #define HAVE_DLFCN_H 1
| #define LT_OBJDIR ".libs/"
| #define HAVE_VPRINTF 1
| #define STDC_HEADERS 1
| #define HAVE_WCHAR_T 1
| #define SIZEOF_SHORT 2
| #define SIZEOF_INT 4
| #define SIZEOF_LONG 8
| #define SIZEOF_WCHAR_T 4
| #define SIZEOF_CHAR 1
| #define SIZEOF_SHORT 2
| #define SIZEOF_INT 4
| #define SIZEOF_LONG_LONG 8
| #define SIZEOF_FLOAT 4
| #define SIZEOF_DOUBLE 8
| /* end confdefs.h.  */
| #include <stdio.h>
| #ifdef HAVE_SYS_TYPES_H
| # include <sys/types.h>
| #endif
| #ifdef HAVE_SYS_STAT_H
| # include <sys/stat.h>
| #endif
| #ifdef STDC_HEADERS
| # include <stdlib.h>
| # include <stddef.h>
| #else
| # ifdef HAVE_STDLIB_H
| #  include <stdlib.h>
| # endif
| #endif
| #ifdef HAVE_STRING_H
| # if !defined STDC_HEADERS && defined HAVE_MEMORY_H
| #  include <memory.h>
| # endif
| # include <string.h>
| #endif
| #ifdef HAVE_STRINGS_H
| # include <strings.h>
| #endif
| #ifdef HAVE_INTTYPES_H
| # include <inttypes.h>
| #endif
| #ifdef HAVE_STDINT_H
| # include <stdint.h>
| #endif
| #ifdef HAVE_UNISTD_H
| # include <unistd.h>
| #endif
| #include <repcdce.h>
configure:17604: result: no
configure:17604: checking repcdce.h presence
configure:17604: g++ -E  conftest.cpp
conftest.cpp:36:10: fatal error: repcdce.h: No such file or directory
   36 | #include <repcdce.h>
      |          ^~~~~~~~~~~
compilation terminated.
configure:17604: $? = 1
configure: failed program was:
| /* confdefs.h */
| #define PACKAGE_NAME "activemq-cpp"
| #define PACKAGE_TARNAME "activemq-cpp"
| #define PACKAGE_VERSION "3.9.5"
| #define PACKAGE_STRING "activemq-cpp 3.9.5"
| #define PACKAGE_BUGREPORT "dev@activemq.apache.org"
| #define PACKAGE_URL ""
| #define PACKAGE "activemq-cpp"
| #define VERSION "3.9.5"
| #define STDC_HEADERS 1
| #define HAVE_SYS_TYPES_H 1
| #define HAVE_SYS_STAT_H 1
| #define HAVE_STDLIB_H 1
| #define HAVE_STRING_H 1
| #define HAVE_MEMORY_H 1
| #define HAVE_STRINGS_H 1
| #define HAVE_INTTYPES_H 1
| #define HAVE_STDINT_H 1
| #define HAVE_UNISTD_H 1
| #define HAVE_DLFCN_H 1
| #define LT_OBJDIR ".libs/"
| #define HAVE_VPRINTF 1
| #define STDC_HEADERS 1
| #define HAVE_WCHAR_T 1
| #define SIZEOF_SHORT 2
| #define SIZEOF_INT 4
| #define SIZEOF_LONG 8
| #define SIZEOF_WCHAR_T 4
| #define SIZEOF_CHAR 1
| #define SIZEOF_SHORT 2
| #define SIZEOF_INT 4
| #define SIZEOF_LONG_LONG 8
| #define SIZEOF_FLOAT 4
| #define SIZEOF_DOUBLE 8
| /* end confdefs.h.  */
| #include <repcdce.h>
configure:17604: result: no
configure:17604: checking for repcdce.h
configure:17604: result: no
configure:17616: checking signal.h usability
configure:17616: g++ -c -g -O2  conftest.cpp >&5
configure:17616: $? = 0
configure:17616: result: yes
configure:17616: checking signal.h presence
configure:17616: g++ -E  conftest.cpp
configure:17616: $? = 0
configure:17616: result: yes
configure:17616: checking for signal.h
configure:17616: result: yes
configure:17628: checking for string.h
configure:17628: result: yes
configure:17640: checking sched.h usability
configure:17640: g++ -c -g -O2  conftest.cpp >&5
configure:17640: $? = 0
configure:17640: result: yes
configure:17640: checking sched.h presence
configure:17640: g++ -E  conftest.cpp
configure:17640: $? = 0
configure:17640: result: yes
configure:17640: checking for sched.h
configure:17640: result: yes
configure:17652: checking time.h usability
configure:17652: g++ -c -g -O2  conftest.cpp >&5
configure:17652: $? = 0
configure:17652: result: yes
configure:17652: checking time.h presence
configure:17652: g++ -E  conftest.cpp
configure:17652: $? = 0
configure:17652: result: yes
configure:17652: checking for time.h
configure:17652: result: yes
configure:17664: checking limits.h usability
configure:17664: g++ -c -g -O2  conftest.cpp >&5
configure:17664: $? = 0
configure:17664: result: yes
configure:17664: checking limits.h presence
configure:17664: g++ -E  conftest.cpp
configure:17664: $? = 0
configure:17664: result: yes
configure:17664: checking for limits.h
configure:17664: result: yes
configure:17676: checking sys/filio.h usability
configure:17676: g++ -c -g -O2  conftest.cpp >&5
conftest.cpp:74:10: fatal error: sys/filio.h: No such file or directory
   74 | #include <sys/filio.h>
      |          ^~~~~~~~~~~~~
compilation terminated.
configure:17676: $? = 1
configure: failed program was:
| /* confdefs.h */
| #define PACKAGE_NAME "activemq-cpp"
| #define PACKAGE_TARNAME "activemq-cpp"
| #define PACKAGE_VERSION "3.9.5"
| #define PACKAGE_STRING "activemq-cpp 3.9.5"
| #define PACKAGE_BUGREPORT "dev@activemq.apache.org"
| #define PACKAGE_URL ""
| #define PACKAGE "activemq-cpp"
| #define VERSION "3.9.5"
| #define STDC_HEADERS 1
| #define HAVE_SYS_TYPES_H 1
| #define HAVE_SYS_STAT_H 1
| #define HAVE_STDLIB_H 1
| #define HAVE_STRING_H 1
| #define HAVE_MEMORY_H 1
| #define HAVE_STRINGS_H 1
| #define HAVE_INTTYPES_H 1
| #define HAVE_STDINT_H 1
| #define HAVE_UNISTD_H 1
| #define HAVE_DLFCN_H 1
| #define LT_OBJDIR ".libs/"
| #define HAVE_VPRINTF 1
| #define STDC_HEADERS 1
| #define HAVE_WCHAR_T 1
| #define SIZEOF_SHORT 2
| #define SIZEOF_INT 4
| #define SIZEOF_LONG 8
| #define SIZEOF_WCHAR_T 4
| #define SIZEOF_CHAR 1
| #define SIZEOF_SHORT 2
| #define SIZEOF_INT 4
| #define SIZEOF_LONG_LONG 8
| #define SIZEOF_FLOAT 4
| #define SIZEOF_DOUBLE 8
| #define HAVE_SIGNAL_H 1
| #define HAVE_STRING_H 1
| #define HAVE_SCHED_H 1
| #define HAVE_TIME_H 1
| #define HAVE_LIMITS_H 1
| /* end confdefs.h.  */
| #include <stdio.h>
| #ifdef HAVE_SYS_TYPES_H
| # include <sys/types.h>
| #endif
| #ifdef HAVE_SYS_STAT_H
| # include <sys/stat.h>
| #endif
| #ifdef STDC_HEADERS
| # include <stdlib.h>
| # include <stddef.h>
| #else
| # ifdef HAVE_STDLIB_H
| #  include <stdlib.h>
| # endif
| #endif
| #ifdef HAVE_STRING_H
| # if !defined STDC_HEADERS && defined HAVE_MEMORY_H
| #  include <memory.h>
| # endif
| # include <string.h>
| #endif
| #ifdef HAVE_STRINGS_H
| # include <strings.h>
| #endif
| #ifdef HAVE_INTTYPES_H
| # include <inttypes.h>
| #endif
| #ifdef HAVE_STDINT_H
| # include <stdint.h>
| #endif
| #ifdef HAVE_UNISTD_H
| # include <unistd.h>
| #endif
| #include <sys/filio.h>
configure:17676: result: no
configure:17676: checking sys/filio.h presence
configure:17676: g++ -E  conftest.cpp
conftest.cpp:41:10: fatal error: sys/filio.h: No such file or directory
   41 | #include <sys/filio.h>
      |          ^~~~~~~~~~~~~
compilation terminated.
configure:17676: $? = 1
configure: failed program was:
| /* confdefs.h */
| #define PACKAGE_NAME "activemq-cpp"
| #define PACKAGE_TARNAME "activemq-cpp"
| #define PACKAGE_VERSION "3.9.5"
| #define PACKAGE_STRING "activemq-cpp 3.9.5"
| #define PACKAGE_BUGREPORT "dev@activemq.apache.org"
| #define PACKAGE_URL ""
| #define PACKAGE "activemq-cpp"
| #define VERSION "3.9.5"
| #define STDC_HEADERS 1
| #define HAVE_SYS_TYPES_H 1
| #define HAVE_SYS_STAT_H 1
| #define HAVE_STDLIB_H 1
| #define HAVE_STRING_H 1
| #define HAVE_MEMORY_H 1
| #define HAVE_STRINGS_H 1
| #define HAVE_INTTYPES_H 1
| #define HAVE_STDINT_H 1
| #define HAVE_UNISTD_H 1
| #define HAVE_DLFCN_H 1
| #define LT_OBJDIR ".libs/"
| #define HAVE_VPRINTF 1
| #define STDC_HEADERS 1
| #define HAVE_WCHAR_T 1
| #define SIZEOF_SHORT 2
| #define SIZEOF_INT 4
| #define SIZEOF_LONG 8
| #define SIZEOF_WCHAR_T 4
| #define SIZEOF_CHAR 1
| #define SIZEOF_SHORT 2
| #define SIZEOF_INT 4
| #define SIZEOF_LONG_LONG 8
| #define SIZEOF_FLOAT 4
| #define SIZEOF_DOUBLE 8
| #define HAVE_SIGNAL_H 1
| #define HAVE_STRING_H 1
| #define HAVE_SCHED_H 1
| #define HAVE_TIME_H 1
| #define HAVE_LIMITS_H 1
| /* end confdefs.h.  */
| #include <sys/filio.h>
configure:17676: result: no
configure:17676: checking for sys/filio.h
configure:17676: result: no
configure:17688: checking sys/ioctl.h usability
configure:17688: g++ -c -g -O2  conftest.cpp >&5
configure:17688: $? = 0
configure:17688: result: yes
configure:17688: checking sys/ioctl.h presence
configure:17688: g++ -E  conftest.cpp
configure:17688: $? = 0
configure:17688: result: yes
configure:17688: checking for sys/ioctl.h
configure:17688: result: yes
configure:17700: checking sys/select.h usability
configure:17700: g++ -c -g -O2  conftest.cpp >&5
configure:17700: $? = 0
configure:17700: result: yes
configure:17700: checking sys/select.h presence
configure:17700: g++ -E  conftest.cpp
configure:17700: $? = 0
configure:17700: result: yes
configure:17700: checking for sys/select.h
configure:17700: result: yes
configure:17712: checking sys/time.h usability
configure:17712: g++ -c -g -O2  conftest.cpp >&5
configure:17712: $? = 0
configure:17712: result: yes
configure:17712: checking sys/time.h presence
configure:17712: g++ -E  conftest.cpp
configure:17712: $? = 0
configure:17712: result: yes
configure:17712: checking for sys/time.h
configure:17712: result: yes
configure:17724: checking sys/timeb.h usability
configure:17724: g++ -c -g -O2  conftest.cpp >&5
configure:17724: $? = 0
configure:17724: result: yes
configure:17724: checking sys/timeb.h presence
configure:17724: g++ -E  conftest.cpp
configure:17724: $? = 0
configure:17724: result: yes
configure:17724: checking for sys/timeb.h
configure:17724: result: yes
configure:17736: checking sys/wait.h usability
configure:17736: g++ -c -g -O2  conftest.cpp >&5
configure:17736: $? = 0
configure:17736: result: yes
configure:17736: checking sys/wait.h presence
configure:17736: g++ -E  conftest.cpp
configure:17736: $? = 0
configure:17736: result: yes
configure:17736: checking for sys/wait.h
configure:17736: result: yes
configure:17748: checking for sys/types.h
configure:17748: result: yes
configure:17760: checking sys/sysctl.h usability
configure:17760: g++ -c -g -O2  conftest.cpp >&5
conftest.cpp:80:10: fatal error: sys/sysctl.h: No such file or directory
   80 | #include <sys/sysctl.h>
      |          ^~~~~~~~~~~~~~
compilation terminated.
configure:17760: $? = 1
configure: failed program was:
| /* confdefs.h */
| #define PACKAGE_NAME "activemq-cpp"
| #define PACKAGE_TARNAME "activemq-cpp"
| #define PACKAGE_VERSION "3.9.5"
| #define PACKAGE_STRING "activemq-cpp 3.9.5"
| #define PACKAGE_BUGREPORT "dev@activemq.apache.org"
| #define PACKAGE_URL ""
| #define PACKAGE "activemq-cpp"
| #define VERSION "3.9.5"
| #define STDC_HEADERS 1
| #define HAVE_SYS_TYPES_H 1
| #define HAVE_SYS_STAT_H 1
| #define HAVE_STDLIB_H 1
| #define HAVE_STRING_H 1
| #define HAVE_MEMORY_H 1
| #define HAVE_STRINGS_H 1
| #define HAVE_INTTYPES_H 1
| #define HAVE_STDINT_H 1
| #define HAVE_UNISTD_H 1
| #define HAVE_DLFCN_H 1
| #define LT_OBJDIR ".libs/"
| #define HAVE_VPRINTF 1
| #define STDC_HEADERS 1
| #define HAVE_WCHAR_T 1
| #define SIZEOF_SHORT 2
| #define SIZEOF_INT 4
| #define SIZEOF_LONG 8
| #define SIZEOF_WCHAR_T 4
| #define SIZEOF_CHAR 1
| #define SIZEOF_SHORT 2
| #define SIZEOF_INT 4
| #define SIZEOF_LONG_LONG 8
| #define SIZEOF_FLOAT 4
| #define SIZEOF_DOUBLE 8
| #define HAVE_SIGNAL_H 1
| #define HAVE_STRING_H 1
| #define HAVE_SCHED_H 1
| #define HAVE_TIME_H 1
| #define HAVE_LIMITS_H 1
| #define HAVE_SYS_IOCTL_H 1
| #define HAVE_SYS_SELECT_H 1
| #define HAVE_SYS_TIME_H 1
| #define HAVE_SYS_TIMEB_H 1
| #define HAVE_SYS_WAIT_H 1
| #define HAVE_SYS_TYPES_H 1
| /* end confdefs.h.  */
| #include <stdio.h>
| #ifdef HAVE_SYS_TYPES_H
| # include <sys/types.h>
| #endif
| #ifdef HAVE_SYS_STAT_H
| # include <sys/stat.h>
| #endif
| #ifdef STDC_HEADERS
| # include <stdlib.h>
| # include <stddef.h>
| #else
| # ifdef HAVE_STDLIB_H
| #  include <stdlib.h>
| # endif
| #endif
| #ifdef HAVE_STRING_H
| # if !defined STDC_HEADERS && defined HAVE_MEMORY_H
| #  include <memory.h>
| # endif
| # include <string.h>
| #endif
| #ifdef HAVE_STRINGS_H
| # include <strings.h>
| #endif
| #ifdef HAVE_INTTYPES_H
| # include <inttypes.h>
| #endif
| #ifdef HAVE_STDINT_H
| # include <stdint.h>
| #endif
| #ifdef HAVE_UNISTD_H
| # include <unistd.h>
| #endif
| #include <sys/sysctl.h>
configure:17760: result: no
configure:17760: checking sys/sysctl.h presence
configure:17760: g++ -E  conftest.cpp
conftest.cpp:47:10: fatal error: sys/sysctl.h: No such file or directory
   47 | #include <sys/sysctl.h>
      |          ^~~~~~~~~~~~~~
compilation terminated.
configure:17760: $? = 1
configure: failed program was:
| /* confdefs.h */
| #define PACKAGE_NAME "activemq-cpp"
| #define PACKAGE_TARNAME "activemq-cpp"
| #define PACKAGE_VERSION "3.9.5"
| #define PACKAGE_STRING "activemq-cpp 3.9.5"
| #define PACKAGE_BUGREPORT "dev@activemq.apache.org"
| #define PACKAGE_URL ""
| #define PACKAGE "activemq-cpp"
| #define VERSION "3.9.5"
| #define STDC_HEADERS 1
| #define HAVE_SYS_TYPES_H 1
| #define HAVE_SYS_STAT_H 1
| #define HAVE_STDLIB_H 1
| #define HAVE_STRING_H 1
| #define HAVE_MEMORY_H 1
| #define HAVE_STRINGS_H 1
| #define HAVE_INTTYPES_H 1
| #define HAVE_STDINT_H 1
| #define HAVE_UNISTD_H 1
| #define HAVE_DLFCN_H 1
| #define LT_OBJDIR ".libs/"
| #define HAVE_VPRINTF 1
| #define STDC_HEADERS 1
| #define HAVE_WCHAR_T 1
| #define SIZEOF_SHORT 2
| #define SIZEOF_INT 4
| #define SIZEOF_LONG 8
| #define SIZEOF_WCHAR_T 4
| #define SIZEOF_CHAR 1
| #define SIZEOF_SHORT 2
| #define SIZEOF_INT 4
| #define SIZEOF_LONG_LONG 8
| #define SIZEOF_FLOAT 4
| #define SIZEOF_DOUBLE 8
| #define HAVE_SIGNAL_H 1
| #define HAVE_STRING_H 1
| #define HAVE_SCHED_H 1
| #define HAVE_TIME_H 1
| #define HAVE_LIMITS_H 1
| #define HAVE_SYS_IOCTL_H 1
| #define HAVE_SYS_SELECT_H 1
| #define HAVE_SYS_TIME_H 1
| #define HAVE_SYS_TIMEB_H 1
| #define HAVE_SYS_WAIT_H 1
| #define HAVE_SYS_TYPES_H 1
| /* end confdefs.h.  */
| #include <sys/sysctl.h>
configure:17760: result: no
configure:17760: checking for sys/sysctl.h
configure:17760: result: no
configure:17772: checking sys/resource.h usability
configure:17772: g++ -c -g -O2  conftest.cpp >&5
configure:17772: $? = 0
configure:17772: result: yes
configure:17772: checking sys/resource.h presence
configure:17772: g++ -E  conftest.cpp
configure:17772: $? = 0
configure:17772: result: yes
configure:17772: checking for sys/resource.h
configure:17772: result: yes
configure:17784: checking pthread.h usability
configure:17784: g++ -c -g -O2  conftest.cpp >&5
configure:17784: $? = 0
configure:17784: result: yes
configure:17784: checking pthread.h presence
configure:17784: g++ -E  conftest.cpp
configure:17784: $? = 0
configure:17784: result: yes
configure:17784: checking for pthread.h
configure:17784: result: yes
configure:17796: checking errno.h usability
configure:17796: g++ -c -g -O2  conftest.cpp >&5
configure:17796: $? = 0
configure:17796: result: yes
configure:17796: checking errno.h presence
configure:17796: g++ -E  conftest.cpp
configure:17796: $? = 0
configure:17796: result: yes
configure:17796: checking for errno.h
configure:17796: result: yes
configure:17808: checking semaphore.h usability
configure:17808: g++ -c -g -O2  conftest.cpp >&5
configure:17808: $? = 0
configure:17808: result: yes
configure:17808: checking semaphore.h presence
configure:17808: g++ -E  conftest.cpp
configure:17808: $? = 0
configure:17808: result: yes
configure:17808: checking for semaphore.h
configure:17808: result: yes
configure:17822: checking for ioctl
configure:17822: g++ -o conftest -g -O2   conftest.cpp  >&5
configure:17822: $? = 0
configure:17822: result: yes
configure:17822: checking for select
configure:17822: g++ -o conftest -g -O2   conftest.cpp  >&5
configure:17822: $? = 0
configure:17822: result: yes
configure:17822: checking for gettimeofday
configure:17822: g++ -o conftest -g -O2   conftest.cpp  >&5
configure:17822: $? = 0
configure:17822: result: yes
configure:17822: checking for time
configure:17822: g++ -o conftest -g -O2   conftest.cpp  >&5
configure:17822: $? = 0
configure:17822: result: yes
configure:17822: checking for ftime
configure:17822: g++ -o conftest -g -O2   conftest.cpp  >&5
configure:17822: $? = 0
configure:17822: result: yes
configure:17822: checking for random
configure:17822: g++ -o conftest -g -O2   conftest.cpp  >&5
configure:17822: $? = 0
configure:17822: result: yes
configure:17822: checking for srandom
configure:17822: g++ -o conftest -g -O2   conftest.cpp  >&5
configure:17822: $? = 0
configure:17822: result: yes
configure:17866: checking for cppunit-config
configure:17897: result: no
configure:17907: checking for Cppunit - version >= 1.10.2
configure:17911: result: no
configure:17968: result: no. Unit and Integration tests disabled
configure:18006: checking for pthread_create in -lpthread
configure:18031: g++ -o conftest -g -O2   conftest.cpp -lpthread   >&5
configure:18031: $? = 0
configure:18040: result: yes
configure:18055: checking for pthread.h
configure:18055: result: yes
configure:18087: checking for CFXXLAGS needed for pthreads
configure:18121: g++ -o conftest -g -O2   conftest.cpp  >&5
configure:18121: $? = 0
configure:18121: ./conftest
configure:18121: $? = 0
configure:18143: result: none
configure:18179: checking for LIBS needed for pthreads
configure:18212: g++ -o conftest -g -O2   conftest.cpp  -lpthread >&5
configure:18212: $? = 0
configure:18212: ./conftest
configure:18212: $? = 0
configure:18234: result: -lpthread
configure:18272: checking whether pthread_getspecific takes two arguments
configure:18295: g++ -c -g -O2  conftest.cpp >&5
conftest.cpp: In function 'int main()':
conftest.cpp:68:32: error: too many arguments to function 'void* pthread_getspecific(pthread_key_t)'
   68 |             pthread_getspecific(key,&tmp);
      |             ~~~~~~~~~~~~~~~~~~~^~~~~~~~~~
In file included from conftest.cpp:60:
/usr/include/pthread.h:1305:14: note: declared here
 1305 | extern void *pthread_getspecific (pthread_key_t __key) __THROW;
      |              ^~~~~~~~~~~~~~~~~~~
configure:18295: $? = 1
configure: failed program was:
| /* confdefs.h */
| #define PACKAGE_NAME "activemq-cpp"
| #define PACKAGE_TARNAME "activemq-cpp"
| #define PACKAGE_VERSION "3.9.5"
| #define PACKAGE_STRING "activemq-cpp 3.9.5"
| #define PACKAGE_BUGREPORT "dev@activemq.apache.org"
| #define PACKAGE_URL ""
| #define PACKAGE "activemq-cpp"
| #define VERSION "3.9.5"
| #define STDC_HEADERS 1
| #define HAVE_SYS_TYPES_H 1
| #define HAVE_SYS_STAT_H 1
| #define HAVE_STDLIB_H 1
| #define HAVE_STRING_H 1
| #define HAVE_MEMORY_H 1
| #define HAVE_STRINGS_H 1
| #define HAVE_INTTYPES_H 1
| #define HAVE_STDINT_H 1
| #define HAVE_UNISTD_H 1
| #define HAVE_DLFCN_H 1
| #define LT_OBJDIR ".libs/"
| #define HAVE_VPRINTF 1
| #define STDC_HEADERS 1
| #define HAVE_WCHAR_T 1
| #define SIZEOF_SHORT 2
| #define SIZEOF_INT 4
| #define SIZEOF_LONG 8
| #define SIZEOF_WCHAR_T 4
| #define SIZEOF_CHAR 1
| #define SIZEOF_SHORT 2
| #define SIZEOF_INT 4
| #define SIZEOF_LONG_LONG 8
| #define SIZEOF_FLOAT 4
| #define SIZEOF_DOUBLE 8
| #define HAVE_SIGNAL_H 1
| #define HAVE_STRING_H 1
| #define HAVE_SCHED_H 1
| #define HAVE_TIME_H 1
| #define HAVE_LIMITS_H 1
| #define HAVE_SYS_IOCTL_H 1
| #define HAVE_SYS_SELECT_H 1
| #define HAVE_SYS_TIME_H 1
| #define HAVE_SYS_TIMEB_H 1
| #define HAVE_SYS_WAIT_H 1
| #define HAVE_SYS_TYPES_H 1
| #define HAVE_SYS_RESOURCE_H 1
| #define HAVE_PTHREAD_H 1
| #define HAVE_ERRNO_H 1
| #define HAVE_SEMAPHORE_H 1
| #define HAVE_IOCTL 1
| #define HAVE_SELECT 1
| #define HAVE_GETTIMEOFDAY 1
| #define HAVE_TIME 1
| #define HAVE_FTIME 1
| #define HAVE_RANDOM 1
| #define HAVE_SRANDOM 1
| #define HAVE_PTHREAD_H 1
| /* end confdefs.h.  */
| 
|             #include <pthread.h>
| 
| int
| main ()
| {
| 
|             pthread_key_t key;
|             void *tmp;
|             pthread_getspecific(key,&tmp);
| 
|   ;
|   return 0;
| }
configure:18307: result: no
configure:18317: checking whether pthread_attr_getdetachstate takes one argument
configure:18339: g++ -c -g -O2  conftest.cpp >&5
conftest.cpp: In function 'int main()':
conftest.cpp:67:40: error: too few arguments to function 'int pthread_attr_getdetachstate(const pthread_attr_t*, int*)'
   67 |             pthread_attr_getdetachstate(attr);
      |             ~~~~~~~~~~~~~~~~~~~~~~~~~~~^~~~~~
In file included from conftest.cpp:60:
/usr/include/pthread.h:292:12: note: declared here
  292 | extern int pthread_attr_getdetachstate (const pthread_attr_t *__attr,
      |            ^~~~~~~~~~~~~~~~~~~~~~~~~~~
configure:18339: $? = 1
configure: failed program was:
| /* confdefs.h */
| #define PACKAGE_NAME "activemq-cpp"
| #define PACKAGE_TARNAME "activemq-cpp"
| #define PACKAGE_VERSION "3.9.5"
| #define PACKAGE_STRING "activemq-cpp 3.9.5"
| #define PACKAGE_BUGREPORT "dev@activemq.apache.org"
| #define PACKAGE_URL ""
| #define PACKAGE "activemq-cpp"
| #define VERSION "3.9.5"
| #define STDC_HEADERS 1
| #define HAVE_SYS_TYPES_H 1
| #define HAVE_SYS_STAT_H 1
| #define HAVE_STDLIB_H 1
| #define HAVE_STRING_H 1
| #define HAVE_MEMORY_H 1
| #define HAVE_STRINGS_H 1
| #define HAVE_INTTYPES_H 1
| #define HAVE_STDINT_H 1
| #define HAVE_UNISTD_H 1
| #define HAVE_DLFCN_H 1
| #define LT_OBJDIR ".libs/"
| #define HAVE_VPRINTF 1
| #define STDC_HEADERS 1
| #define HAVE_WCHAR_T 1
| #define SIZEOF_SHORT 2
| #define SIZEOF_INT 4
| #define SIZEOF_LONG 8
| #define SIZEOF_WCHAR_T 4
| #define SIZEOF_CHAR 1
| #define SIZEOF_SHORT 2
| #define SIZEOF_INT 4
| #define SIZEOF_LONG_LONG 8
| #define SIZEOF_FLOAT 4
| #define SIZEOF_DOUBLE 8
| #define HAVE_SIGNAL_H 1
| #define HAVE_STRING_H 1
| #define HAVE_SCHED_H 1
| #define HAVE_TIME_H 1
| #define HAVE_LIMITS_H 1
| #define HAVE_SYS_IOCTL_H 1
| #define HAVE_SYS_SELECT_H 1
| #define HAVE_SYS_TIME_H 1
| #define HAVE_SYS_TIMEB_H 1
| #define HAVE_SYS_WAIT_H 1
| #define HAVE_SYS_TYPES_H 1
| #define HAVE_SYS_RESOURCE_H 1
| #define HAVE_PTHREAD_H 1
| #define HAVE_ERRNO_H 1
| #define HAVE_SEMAPHORE_H 1
| #define HAVE_IOCTL 1
| #define HAVE_SELECT 1
| #define HAVE_GETTIMEOFDAY 1
| #define HAVE_TIME 1
| #define HAVE_FTIME 1
| #define HAVE_RANDOM 1
| #define HAVE_SRANDOM 1
| #define HAVE_PTHREAD_H 1
| /* end confdefs.h.  */
| 
|             #include <pthread.h>
| 
| int
| main ()
| {
| 
|             pthread_attr_t *attr;
|             pthread_attr_getdetachstate(attr);
| 
|   ;
|   return 0;
| }
configure:18351: result: no
configure:18361: checking whether sigwait takes one argument
configure:18391: g++ -c -g -O2  conftest.cpp >&5
conftest.cpp: In function 'int main()':
conftest.cpp:75:24: error: too few arguments to function 'int sigwait(const sigset_t*, int*)'
   75 |                 sigwait(&set);
      |                 ~~~~~~~^~~~~~
In file included from conftest.cpp:68:
/usr/include/signal.h:255:12: note: declared here
  255 | extern int sigwait (const sigset_t *__restrict __set, int *__restrict __sig)
      |            ^~~~~~~
configure:18391: $? = 1
configure: failed program was:
| /* confdefs.h */
| #define PACKAGE_NAME "activemq-cpp"
| #define PACKAGE_TARNAME "activemq-cpp"
| #define PACKAGE_VERSION "3.9.5"
| #define PACKAGE_STRING "activemq-cpp 3.9.5"
| #define PACKAGE_BUGREPORT "dev@activemq.apache.org"
| #define PACKAGE_URL ""
| #define PACKAGE "activemq-cpp"
| #define VERSION "3.9.5"
| #define STDC_HEADERS 1
| #define HAVE_SYS_TYPES_H 1
| #define HAVE_SYS_STAT_H 1
| #define HAVE_STDLIB_H 1
| #define HAVE_STRING_H 1
| #define HAVE_MEMORY_H 1
| #define HAVE_STRINGS_H 1
| #define HAVE_INTTYPES_H 1
| #define HAVE_STDINT_H 1
| #define HAVE_UNISTD_H 1
| #define HAVE_DLFCN_H 1
| #define LT_OBJDIR ".libs/"
| #define HAVE_VPRINTF 1
| #define STDC_HEADERS 1
| #define HAVE_WCHAR_T 1
| #define SIZEOF_SHORT 2
| #define SIZEOF_INT 4
| #define SIZEOF_LONG 8
| #define SIZEOF_WCHAR_T 4
| #define SIZEOF_CHAR 1
| #define SIZEOF_SHORT 2
| #define SIZEOF_INT 4
| #define SIZEOF_LONG_LONG 8
| #define SIZEOF_FLOAT 4
| #define SIZEOF_DOUBLE 8
| #define HAVE_SIGNAL_H 1
| #define HAVE_STRING_H 1
| #define HAVE_SCHED_H 1
| #define HAVE_TIME_H 1
| #define HAVE_LIMITS_H 1
| #define HAVE_SYS_IOCTL_H 1
| #define HAVE_SYS_SELECT_H 1
| #define HAVE_SYS_TIME_H 1
| #define HAVE_SYS_TIMEB_H 1
| #define HAVE_SYS_WAIT_H 1
| #define HAVE_SYS_TYPES_H 1
| #define HAVE_SYS_RESOURCE_H 1
| #define HAVE_PTHREAD_H 1
| #define HAVE_ERRNO_H 1
| #define HAVE_SEMAPHORE_H 1
| #define HAVE_IOCTL 1
| #define HAVE_SELECT 1
| #define HAVE_GETTIMEOFDAY 1
| #define HAVE_TIME 1
| #define HAVE_FTIME 1
| #define HAVE_RANDOM 1
| #define HAVE_SRANDOM 1
| #define HAVE_PTHREAD_H 1
| /* end confdefs.h.  */
| 
|                 #if defined(__NETBSD__) || defined(DARWIN)
|                     /* When using the unproven-pthreads package, we need to pull in this
|                      * header to get a prototype for sigwait().  Else things will fail later
|                      * on.  XXX Should probably be fixed in the unproven-pthreads package.
|                      * Darwin is declaring sigwait() in the wrong place as well.
|                      */
|                     #include <pthread.h>
|                 #endif
|                 #include <signal.h>
| 
| int
| main ()
| {
| 
|                 sigset_t set;
|                 sigwait(&set);
| 
|   ;
|   return 0;
| }
configure:18400: result: no
configure:18410: checking for recursive mutex support
configure:18437: g++ -o conftest -g -O2   conftest.cpp -lpthread  >&5
configure:18437: $? = 0
configure:18437: ./conftest
configure:18437: $? = 0
configure:18448: result: yes
configure:18462: checking for pthread_key_delete
configure:18462: g++ -o conftest -g -O2   conftest.cpp -lpthread  >&5
configure:18462: $? = 0
configure:18462: result: yes
configure:18462: checking for pthread_rwlock_init
configure:18462: g++ -o conftest -g -O2   conftest.cpp -lpthread  >&5
configure:18462: $? = 0
configure:18462: result: yes
configure:18462: checking for pthread_attr_setguardsize
configure:18462: g++ -o conftest -g -O2   conftest.cpp -lpthread  >&5
configure:18462: $? = 0
configure:18462: result: yes
configure:18462: checking for pthread_yield
configure:18462: g++ -o conftest -g -O2   conftest.cpp -lpthread  >&5
/usr/bin/ld: /tmp/ccB7IviX.o: in function `main':
/projects/cmsclient/conftest.cpp:97: undefined reference to `pthread_yield'
collect2: error: ld returned 1 exit status
configure:18462: $? = 1
configure: failed program was:
| /* confdefs.h */
| #define PACKAGE_NAME "activemq-cpp"
| #define PACKAGE_TARNAME "activemq-cpp"
| #define PACKAGE_VERSION "3.9.5"
| #define PACKAGE_STRING "activemq-cpp 3.9.5"
| #define PACKAGE_BUGREPORT "dev@activemq.apache.org"
| #define PACKAGE_URL ""
| #define PACKAGE "activemq-cpp"
| #define VERSION "3.9.5"
| #define STDC_HEADERS 1
| #define HAVE_SYS_TYPES_H 1
| #define HAVE_SYS_STAT_H 1
| #define HAVE_STDLIB_H 1
| #define HAVE_STRING_H 1
| #define HAVE_MEMORY_H 1
| #define HAVE_STRINGS_H 1
| #define HAVE_INTTYPES_H 1
| #define HAVE_STDINT_H 1
| #define HAVE_UNISTD_H 1
| #define HAVE_DLFCN_H 1
| #define LT_OBJDIR ".libs/"
| #define HAVE_VPRINTF 1
| #define STDC_HEADERS 1
| #define HAVE_WCHAR_T 1
| #define SIZEOF_SHORT 2
| #define SIZEOF_INT 4
| #define SIZEOF_LONG 8
| #define SIZEOF_WCHAR_T 4
| #define SIZEOF_CHAR 1
| #define SIZEOF_SHORT 2
| #define SIZEOF_INT 4
| #define SIZEOF_LONG_LONG 8
| #define SIZEOF_FLOAT 4
| #define SIZEOF_DOUBLE 8
| #define HAVE_SIGNAL_H 1
| #define HAVE_STRING_H 1
| #define HAVE_SCHED_H 1
| #define HAVE_TIME_H 1
| #define HAVE_LIMITS_H 1
| #define HAVE_SYS_IOCTL_H 1
| #define HAVE_SYS_SELECT_H 1
| #define HAVE_SYS_TIME_H 1
| #define HAVE_SYS_TIMEB_H 1
| #define HAVE_SYS_WAIT_H 1
| #define HAVE_SYS_TYPES_H 1
| #define HAVE_SYS_RESOURCE_H 1
| #define HAVE_PTHREAD_H 1
| #define HAVE_ERRNO_H 1
| #define HAVE_SEMAPHORE_H 1
| #define HAVE_IOCTL 1
| #define HAVE_SELECT 1
| #define HAVE_GETTIMEOFDAY 1
| #define HAVE_TIME 1
| #define HAVE_FTIME 1
| #define HAVE_RANDOM 1
| #define HAVE_SRANDOM 1
| #define HAVE_PTHREAD_H 1
| #define HAVE_PTHREAD_MUTEX_RECURSIVE 1
| #define HAVE_PTHREAD_KEY_DELETE 1
| #define HAVE_PTHREAD_RWLOCK_INIT 1
| #define HAVE_PTHREAD_ATTR_SETGUARDSIZE 1
| /* end confdefs.h.  */
| /* Define pthread_yield to an innocuous variant, in case <limits.h> declares pthread_yield.
|    For example, HP-UX 11i <limits.h> declares gettimeofday.  */
| #define pthread_yield innocuous_pthread_yield
| 
| /* System header to define __stub macros and hopefully few prototypes,
|     which can conflict with char pthread_yield (); below.
|     Prefer <limits.h> to <assert.h> if __STDC__ is defined, since
|     <limits.h> exists even on freestanding compilers.  */
| 
| #ifdef __STDC__
| # include <limits.h>
| #else
| # include <assert.h>
| #endif
| 
| #undef pthread_yield
| 
| /* Override any GCC internal prototype to avoid an error.
|    Use char because int might match the return type of a GCC
|    builtin and then its argument prototype would still apply.  */
| #ifdef __cplusplus
| extern "C"
| #endif
| char pthread_yield ();
| /* The GNU C library defines this for functions which it implements
|     to always fail with ENOSYS.  Some functions are actually named
|     something starting with __ and the normal name is an alias.  */
| #if defined __stub_pthread_yield || defined __stub___pthread_yield
| choke me
| #endif
| 
| int
| main ()
| {
| return pthread_yield ();
|   ;
|   return 0;
| }
configure:18462: result: no
configure:18473: checking for pthread_rwlock_t
configure:18494: g++ -c -g -O2  conftest.cpp >&5
configure:18494: $? = 0
configure:18502: result: yes
configure:18514: checking for sched.h
configure:18514: result: yes
configure:18526: checking for sched_yield
configure:18526: g++ -o conftest -g -O2   conftest.cpp -lpthread  >&5
configure:18526: $? = 0
configure:18526: result: yes
configure:18540: checking for pthread_tryjoin_np
configure:18540: g++ -o conftest -g -O2   conftest.cpp -lpthread  >&5
configure:18540: $? = 0
configure:18540: result: yes
configure:18540: checking for pthread_timedjoin_np
configure:18540: g++ -o conftest -g -O2   conftest.cpp -lpthread  >&5
configure:18540: $? = 0
configure:18540: result: yes
configure:18559: checking whether the compiler provides atomic builtins
configure:18606: g++ -o conftest -g -O2   conftest.cpp -lpthread  >&5
configure:18606: $? = 0
configure:18606: ./conftest
configure:18606: $? = 0
configure:18616: result: yes
configure:18687: Apache Portable Runtime (APR) library configuration
configure:18714: checking for APR
configure:18793: result: yes
configure:18812: checking APR version
configure:18818: result: 1.7.0
configure:18869: Checking if OpenSSL is supported on this platform...
configure:18945: Checking for OpenSSL installation directory in common locations
configure:18950: checking for pkg-config
configure:18968: found /usr/bin/pkg-config
configure:18980: result: /usr/bin/pkg-config
configure:19070: OpenSSL library found, SSL is enabled in this build
configure:19128: checking whether -fvisibility flags work
configure:19146: g++ -c -g -O2 -Werror -fvisibility=hidden -fvisibility-inlines-hidden  conftest.cpp >&5
configure:19146: $? = 0
configure:19148: result: yes
configure:19168: checking whether struct addrinfo is defined
configure:19193: g++ -c -g -O2  conftest.cpp >&5
configure:19193: $? = 0
configure:19195: result: yes
configure:19318: checking for doxygen
configure:19351: result: no
configure:19371: WARNING: doxygen not found - will not generate any doxygen documentation
configure:19424: checking for perl
configure:19442: found /usr/bin/perl
configure:19454: result: /usr/bin/perl
configure:21266: checking that generated files are newer than configure
configure:21272: result: done
configure:21294: checking that generated files are newer than configure
configure:21300: result: done
configure:21400: creating ./config.status

## ---------------------- ##
## Running config.status. ##
## ---------------------- ##

This file was extended by activemq-cpp config.status 3.9.5, which was
generated by GNU Autoconf 2.69.  Invocation command line was

  CONFIG_FILES    = 
  CONFIG_HEADERS  = 
  CONFIG_LINKS    = 
  CONFIG_COMMANDS = 
  $ ./config.status 

on dell

config.status:1297: creating Makefile
config.status:1297: creating activemq-cpp.pc
config.status:1297: creating src/main/Makefile
config.status:1297: creating src/examples/Makefile
config.status:1297: creating activemqcpp-config
config.status:1297: creating config.h
config.status:1526: executing depfiles commands
config.status:1603: cd src/main       && sed -e '/# am--include-marker/d' Makefile         | make -f - am--depfiles
config.status:1608: $? = 0
config.status:1603: cd src/examples       && sed -e '/# am--include-marker/d' Makefile         | make -f - am--depfiles
config.status:1608: $? = 0
config.status:1526: executing libtool commands
config.status:1526: executing default-1 commands

## ---------------- ##
## Cache variables. ##
## ---------------- ##

ac_cv_build=x86_64-pc-linux-gnu
ac_cv_c_bigendian=no
ac_cv_c_compiler_gnu=yes
ac_cv_c_const=yes
ac_cv_cxx_compiler_gnu=yes
ac_cv_env_CCC_set=
ac_cv_env_CCC_value=
ac_cv_env_CC_set=
ac_cv_env_CC_value=
ac_cv_env_CFLAGS_set=
ac_cv_env_CFLAGS_value=
ac_cv_env_CPPFLAGS_set=
ac_cv_env_CPPFLAGS_value=
ac_cv_env_CPP_set=
ac_cv_env_CPP_value=
ac_cv_env_CXXCPP_set=
ac_cv_env_CXXCPP_value=
ac_cv_env_CXXFLAGS_set=
ac_cv_env_CXXFLAGS_value=
ac_cv_env_CXX_set=
ac_cv_env_CXX_value=
ac_cv_env_DOXYGEN_PAPER_SIZE_set=
ac_cv_env_DOXYGEN_PAPER_SIZE_value=
ac_cv_env_LDFLAGS_set=
ac_cv_env_LDFLAGS_value=
ac_cv_env_LIBS_set=
ac_cv_env_LIBS_value=
ac_cv_env_LT_SYS_LIBRARY_PATH_set=
ac_cv_env_LT_SYS_LIBRARY_PATH_value=
ac_cv_env_build_alias_set=
ac_cv_env_build_alias_value=
ac_cv_env_host_alias_set=
ac_cv_env_host_alias_value=
ac_cv_env_target_alias_set=
ac_cv_env_target_alias_value=
ac_cv_func__doprnt=no
ac_cv_func_ftime=yes
ac_cv_func_gettimeofday=yes
ac_cv_func_ioctl=yes
ac_cv_func_memcmp_working=yes
ac_cv_func_pthread_attr_setguardsize=yes
ac_cv_func_pthread_key_delete=yes
ac_cv_func_pthread_rwlock_init=yes
ac_cv_func_pthread_timedjoin_np=yes
ac_cv_func_pthread_tryjoin_np=yes
ac_cv_func_pthread_yield=no
ac_cv_func_random=yes
ac_cv_func_sched_yield=yes
ac_cv_func_select=yes
ac_cv_func_srandom=yes
ac_cv_func_time=yes
ac_cv_func_vprintf=yes
ac_cv_header_dlfcn_h=yes
ac_cv_header_errno_h=yes
ac_cv_header_inttypes_h=yes
ac_cv_header_limits_h=yes
ac_cv_header_memory_h=yes
ac_cv_header_objbase_h=no
ac_cv_header_pthread_h=yes
ac_cv_header_repcdce_h=no
ac_cv_header_sched_h=yes
ac_cv_header_semaphore_h=yes
ac_cv_header_signal_h=yes
ac_cv_header_stdc=yes
ac_cv_header_stdint_h=yes
ac_cv_header_stdlib_h=yes
ac_cv_header_string_h=yes
ac_cv_header_strings_h=yes
ac_cv_header_sys_filio_h=no
ac_cv_header_sys_ioctl_h=yes
ac_cv_header_sys_resource_h=yes
ac_cv_header_sys_select_h=yes
ac_cv_header_sys_stat_h=yes
ac_cv_header_sys_sysctl_h=no
ac_cv_header_sys_time_h=yes
ac_cv_header_sys_timeb_h=yes
ac_cv_header_sys_types_h=yes
ac_cv_header_sys_wait_h=yes
ac_cv_header_time_h=yes
ac_cv_header_unistd_h=yes
ac_cv_host=x86_64-pc-linux-gnu
ac_cv_lib_pthread_pthread_create=yes
ac_cv_mutex_recursive=yes
ac_cv_objext=o
ac_cv_path_CPPUNIT_CONFIG=no
ac_cv_path_EGREP='/usr/bin/grep -E'
ac_cv_path_FGREP='/usr/bin/grep -F'
ac_cv_path_GREP=/usr/bin/grep
ac_cv_path_PKG_CONFIG=/usr/bin/pkg-config
ac_cv_path_SED=/usr/bin/sed
ac_cv_path_ac_pt_DX_PERL=/usr/bin/perl
ac_cv_path_install='/usr/bin/install -c'
ac_cv_path_lt_DD=/usr/bin/dd
ac_cv_path_mkdir=/usr/bin/mkdir
ac_cv_prog_AWK=gawk
ac_cv_prog_CPP='gcc -E'
ac_cv_prog_CXXCPP='g++ -E'
ac_cv_prog_ac_ct_AR=ar
ac_cv_prog_ac_ct_CC=gcc
ac_cv_prog_ac_ct_CXX=g++
ac_cv_prog_ac_ct_DLLTOOL=dlltool
ac_cv_prog_ac_ct_MANIFEST_TOOL=mt
ac_cv_prog_ac_ct_OBJDUMP=objdump
ac_cv_prog_ac_ct_RANLIB=ranlib
ac_cv_prog_ac_ct_STRIP=strip
ac_cv_prog_cc_c89=
ac_cv_prog_cc_g=yes
ac_cv_prog_cxx_g=yes
ac_cv_prog_make_make_set=yes
ac_cv_pthread_attr_getdetachstate_one_arg=no
ac_cv_pthread_getspecific_two_args=no
ac_cv_pthreads_cxxflags=none
ac_cv_pthreads_libs=-lpthread
ac_cv_sigwait_one_arg=no
ac_cv_sizeof_char=1
ac_cv_sizeof_double=8
ac_cv_sizeof_float=4
ac_cv_sizeof_int=4
ac_cv_sizeof_long=8
ac_cv_sizeof_long_long=8
ac_cv_sizeof_short=2
ac_cv_sizeof_wchar_t=4
ac_cv_type_rwlock_t=yes
ac_cv_type_size_t=yes
ac_cv_type_wchar_t=yes
am_cv_CC_dependencies_compiler_type=gcc3
am_cv_CXX_dependencies_compiler_type=gcc3
am_cv_make_support_nested_variables=yes
am_cv_prog_cc_c_o=yes
ap_cv_atomic_builtins=yes
lt_cv_ar_at_file=@
lt_cv_archive_cmds_need_lc=no
lt_cv_deplibs_check_method=pass_all
lt_cv_file_magic_cmd='$MAGIC_CMD'
lt_cv_file_magic_test_file=
lt_cv_ld_reload_flag=-r
lt_cv_nm_interface='BSD nm'
lt_cv_objdir=.libs
lt_cv_path_LD=/usr/bin/ld
lt_cv_path_LDCXX='/usr/bin/ld -m elf_x86_64'
lt_cv_path_NM='/usr/bin/nm -B'
lt_cv_path_mainfest_tool=no
lt_cv_prog_compiler_c_o=yes
lt_cv_prog_compiler_c_o_CXX=yes
lt_cv_prog_compiler_pic='-fPIC -DPIC'
lt_cv_prog_compiler_pic_CXX='-fPIC -DPIC'
lt_cv_prog_compiler_pic_works=yes
lt_cv_prog_compiler_pic_works_CXX=yes
lt_cv_prog_compiler_rtti_exceptions=no
lt_cv_prog_compiler_static_works=yes
lt_cv_prog_compiler_static_works_CXX=yes
lt_cv_prog_gnu_ld=yes
lt_cv_prog_gnu_ldcxx=yes
lt_cv_sharedlib_from_linklib_cmd='printf %s\n'
lt_cv_shlibpath_overrides_runpath=yes
lt_cv_sys_global_symbol_pipe='sed -n -e '\''s/^.*[	 ]\([ABCDGIRSTW][ABCDGIRSTW]*\)[	 ][	 ]*\([_A-Za-z][_A-Za-z0-9]*\)$/\1 \2 \2/p'\'' | sed '\''/ __gnu_lto/d'\'''
lt_cv_sys_global_symbol_to_c_name_address='sed -n -e '\''s/^: \(.*\) .*$/  {"\1", (void *) 0},/p'\'' -e '\''s/^[ABCDGIRSTW][ABCDGIRSTW]* .* \(.*\)$/  {"\1", (void *) \&\1},/p'\'''
lt_cv_sys_global_symbol_to_c_name_address_lib_prefix='sed -n -e '\''s/^: \(.*\) .*$/  {"\1", (void *) 0},/p'\'' -e '\''s/^[ABCDGIRSTW][ABCDGIRSTW]* .* \(lib.*\)$/  {"\1", (void *) \&\1},/p'\'' -e '\''s/^[ABCDGIRSTW][ABCDGIRSTW]* .* \(.*\)$/  {"lib\1", (void *) \&\1},/p'\'''
lt_cv_sys_global_symbol_to_cdecl='sed -n -e '\''s/^T .* \(.*\)$/extern int \1();/p'\'' -e '\''s/^[ABCDGIRSTW][ABCDGIRSTW]* .* \(.*\)$/extern char \1;/p'\'''
lt_cv_sys_global_symbol_to_import=
lt_cv_sys_max_cmd_len=1572864
lt_cv_to_host_file_cmd=func_convert_file_noop
lt_cv_to_tool_file_cmd=func_convert_file_noop
lt_cv_truncate_bin='/usr/bin/dd bs=4096 count=1'

## ----------------- ##
## Output variables. ##
## ----------------- ##

ACLOCAL='${SHELL} '\''/projects/cmsclient/config/missing'\'' aclocal-1.16'
ACTIVEMQ_API_VERSION='3.9.5'
ACTIVEMQ_LIBRARY_NAME='activemq-cpp'
ACTIVEMQ_LIBRARY_VERSION='19:5:0'
ACTIVEMQ_MAJOR_VERSION='3'
ACTIVEMQ_MINOR_VERSION='9'
ACTIVEMQ_PATCH_VERSION='5'
ACTIVEMQ_VERSION='3.9.5'
AMDEPBACKSLASH='\'
AMDEP_FALSE='#'
AMDEP_TRUE=''
AMQ_CFLAGS='    -I/usr/include/apr-1.0    -W -Wall -fPIC'
AMQ_CXXFLAGS='-ansi -pedantic    -DLINUX -D_REENTRANT -D_GNU_SOURCE  -I/usr/include/apr-1.0    -W -Wall -Wextra -Wconversion -fPIC -fstrict-aliasing -Wstrict-aliasing=2 -Wno-long-long'
AMQ_LIBS='  /usr/lib/x86_64-linux-gnu/libapr-1.la      -lssl -lcrypto '
AMQ_TEST_CXXFLAGS='-ansi -pedantic    -DLINUX -D_REENTRANT -D_GNU_SOURCE  -I/usr/include/apr-1.0    -W -Wall -Wextra -Wconversion -fPIC -fstrict-aliasing -Wstrict-aliasing=2 -Wno-long-long    -DLINUX -D_REENTRANT -D_GNU_SOURCE  -I/usr/include/apr-1.0    -Wno-non-virtual-dtor -Wno-unused-parameter -Wno-uninitialized'
AMQ_TEST_LIBS='../main/libactivemq-cpp.la  /usr/lib/x86_64-linux-gnu/libapr-1.la      -lssl -lcrypto '
AMTAR='$${TAR-tar}'
AM_BACKSLASH='\'
AM_DEFAULT_V='$(AM_DEFAULT_VERBOSITY)'
AM_DEFAULT_VERBOSITY='1'
AM_V='$(V)'
APR_CPPFLAGS='  -DLINUX -D_REENTRANT -D_GNU_SOURCE'
APR_INCLUDES=' -I/usr/include/apr-1.0 '
APR_LDFLAGS=' '
APR_LIBS=' /usr/lib/x86_64-linux-gnu/libapr-1.la '
APR_PKGCONFIG='apr-1'
AR='ar'
AS='as'
AUTOCONF='${SHELL} '\''/projects/cmsclient/config/missing'\'' autoconf'
AUTOHEADER='${SHELL} '\''/projects/cmsclient/config/missing'\'' autoheader'
AUTOMAKE='${SHELL} '\''/projects/cmsclient/config/missing'\'' automake-1.16'
AWK='gawk'
BUILD_CPPUNIT_TESTS_FALSE=''
BUILD_CPPUNIT_TESTS_TRUE='#'
CC='gcc'
CCDEPMODE='depmode=gcc3'
CFLAGS='-g -O2'
CMSAPI_MAJOR_VERSION='3'
CMSAPI_MINOR_VERSION='2'
CMSAPI_VERSION='3.2'
CPP='gcc -E'
CPPFLAGS=''
CPPUNIT_CFLAGS=''
CPPUNIT_CONFIG='no'
CPPUNIT_LIBS=''
CSCOPE='cscope'
CTAGS='ctags'
CXX='g++'
CXXCPP='g++ -E'
CXXDEPMODE='depmode=gcc3'
CXXFLAGS='-g -O2'
CYGPATH_W='echo'
DECAF_CFLAGS='  -I/usr/include/apr-1.0   '
DECAF_CONFIG_LOCATION='source'
DECAF_CXXFLAGS='  -DLINUX -D_REENTRANT -D_GNU_SOURCE  -I/usr/include/apr-1.0   '
DECAF_LIBS=' /usr/lib/x86_64-linux-gnu/libapr-1.la      -lssl -lcrypto '
DECAF_TEST_CXXFLAGS='  -DLINUX -D_REENTRANT -D_GNU_SOURCE  -I/usr/include/apr-1.0      -DLINUX -D_REENTRANT -D_GNU_SOURCE  -I/usr/include/apr-1.0  '
DEFS='-DHAVE_CONFIG_H'
DEPDIR='.deps'
DLLTOOL='dlltool'
DOXYGEN_PAPER_SIZE=''
DSYMUTIL=''
DUMPBIN=''
DX_COND_chi_FALSE=''
DX_COND_chi_TRUE='#'
DX_COND_chm_FALSE=''
DX_COND_chm_TRUE='#'
DX_COND_doc_FALSE=''
DX_COND_doc_TRUE='#'
DX_COND_dot_FALSE=''
DX_COND_dot_TRUE='#'
DX_COND_html_FALSE=''
DX_COND_html_TRUE='#'
DX_COND_latex_FALSE=''
DX_COND_latex_TRUE='#'
DX_COND_man_FALSE=''
DX_COND_man_TRUE='#'
DX_COND_pdf_FALSE=''
DX_COND_pdf_TRUE='#'
DX_COND_ps_FALSE=''
DX_COND_ps_TRUE='#'
DX_COND_rtf_FALSE=''
DX_COND_rtf_TRUE='#'
DX_COND_xml_FALSE=''
DX_COND_xml_TRUE='#'
DX_CONFIG='doxygen.cfg'
DX_DOCDIR='doc'
DX_DOT=''
DX_DOXYGEN=''
DX_DVIPS=''
DX_EGREP=''
DX_ENV=' SRCDIR='\''.'\'' PROJECT='\''activemq-cpp'\'' DOCDIR='\''doc'\'' VERSION='\''3.9.5'\'' HAVE_DOT='\''NO'\'' GENERATE_MAN='\''NO'\'' GENERATE_RTF='\''NO'\'' GENERATE_XML='\''NO'\'' GENERATE_HTMLHELP='\''NO'\'' GENERATE_CHI='\''NO'\'' GENERATE_HTML='\''NO'\'' GENERATE_LATEX='\''NO'\'''
DX_FLAG_chi='0'
DX_FLAG_chm='0'
DX_FLAG_doc='0'
DX_FLAG_dot='0'
DX_FLAG_html='0'
DX_FLAG_man='0'
DX_FLAG_pdf='0'
DX_FLAG_ps='0'
DX_FLAG_rtf='0'
DX_FLAG_xml='0'
DX_HHC=''
DX_LATEX=''
DX_MAKEINDEX=''
DX_PDFLATEX=''
DX_PERL='/usr/bin/perl'
DX_PROJECT='activemq-cpp'
ECHO_C=''
ECHO_N='-n'
ECHO_T=''
EGREP='/usr/bin/grep -E'
ETAGS='etags'
EXEEXT=''
FGREP='/usr/bin/grep -F'
GREP='/usr/bin/grep'
INSTALL_DATA='${INSTALL} -m 644'
INSTALL_PROGRAM='${INSTALL}'
INSTALL_SCRIPT='${INSTALL}'
INSTALL_STRIP_PROGRAM='$(install_sh) -c -s'
LD='/usr/bin/ld -m elf_x86_64'
LDFLAGS=''
LIBOBJS=''
LIBS='-lpthread '
LIBTOOL='$(SHELL) $(top_builddir)/libtool'
LIBTOOL_DEPS='config/ltmain.sh'
LIPO=''
LN_S='ln -s'
LTLIBOBJS=''
LT_SYS_LIBRARY_PATH=''
MAKEINFO='${SHELL} '\''/projects/cmsclient/config/missing'\'' makeinfo'
MANIFEST_TOOL=':'
MKDIR_P='/usr/bin/mkdir -p'
NM='/usr/bin/nm -B'
NMEDIT=''
OBJDUMP='objdump'
OBJEXT='o'
OPENSSL_INCLUDES=''
OPENSSL_LDFLAGS=''
OPENSSL_LIBS='-lssl -lcrypto'
OTOOL64=''
OTOOL=''
PACKAGE='activemq-cpp'
PACKAGE_BUGREPORT='dev@activemq.apache.org'
PACKAGE_NAME='activemq-cpp'
PACKAGE_STRING='activemq-cpp 3.9.5'
PACKAGE_TARNAME='activemq-cpp'
PACKAGE_URL=''
PACKAGE_VERSION='3.9.5'
PATH_SEPARATOR=':'
PKG_CONFIG='/usr/bin/pkg-config'
RANLIB='ranlib'
SED='/usr/bin/sed'
SET_MAKE=''
SHELL='/bin/bash'
STRIP='strip'
VERSION='3.9.5'
ac_ct_AR='ar'
ac_ct_CC='gcc'
ac_ct_CXX='g++'
ac_ct_DUMPBIN=''
am__EXEEXT_FALSE=''
am__EXEEXT_TRUE='#'
am__fastdepCC_FALSE='#'
am__fastdepCC_TRUE=''
am__fastdepCXX_FALSE='#'
am__fastdepCXX_TRUE=''
am__include='include'
am__isrc=''
am__leading_dot='.'
am__nodep='_no'
am__quote=''
am__tar='$${TAR-tar} chof - "$$tardir"'
am__untar='$${TAR-tar} xf -'
bindir='${exec_prefix}/bin'
build='x86_64-pc-linux-gnu'
build_alias=''
build_cpu='x86_64'
build_os='linux-gnu'
build_vendor='pc'
datadir='${datarootdir}'
datarootdir='${prefix}/share'
decaf_builddir='/projects/cmsclient'
decaf_srcdir='/projects/cmsclient'
docdir='${datarootdir}/doc/${PACKAGE_TARNAME}'
dvidir='${docdir}'
exec_prefix='${prefix}'
host='x86_64-pc-linux-gnu'
host_alias=''
host_cpu='x86_64'
host_os='linux-gnu'
host_vendor='pc'
htmldir='${docdir}'
includedir='${prefix}/include'
infodir='${datarootdir}/info'
install_sh='${SHELL} /projects/cmsclient/config/install-sh'
libdir='${exec_prefix}/lib'
libexecdir='${exec_prefix}/libexec'
localedir='${datarootdir}/locale'
localstatedir='${prefix}/var'
mandir='${datarootdir}/man'
mkdir_p='$(MKDIR_P)'
oldincludedir='/usr/include'
pdfdir='${docdir}'
prefix='/usr/local'
program_transform_name='s,x,x,'
psdir='${docdir}'
runstatedir='${localstatedir}/run'
sbindir='${exec_prefix}/sbin'
sharedstatedir='${prefix}/com'
sysconfdir='${prefix}/etc'
target_alias=''

## ----------- ##
## confdefs.h. ##
## ----------- ##

/* confdefs.h */
#define PACKAGE_NAME "activemq-cpp"
#define PACKAGE_TARNAME "activemq-cpp"
#define PACKAGE_VERSION "3.9.5"
#define PACKAGE_STRING "activemq-cpp 3.9.5"
#define PACKAGE_BUGREPORT "dev@activemq.apache.org"
#define PACKAGE_URL ""
#define PACKAGE "activemq-cpp"
#define VERSION "3.9.5"
#define STDC_HEADERS 1
#define HAVE_SYS_TYPES_H 1
#define HAVE_SYS_STAT_H 1
#define HAVE_STDLIB_H 1
#define HAVE_STRING_H 1
#define HAVE_MEMORY_H 1
#define HAVE_STRINGS_H 1
#define HAVE_INTTYPES_H 1
#define HAVE_STDINT_H 1
#define HAVE_UNISTD_H 1
#define HAVE_DLFCN_H 1
#define LT_OBJDIR ".libs/"
#define HAVE_VPRINTF 1
#define STDC_HEADERS 1
#define HAVE_WCHAR_T 1
#define SIZEOF_SHORT 2
#define SIZEOF_INT 4
#define SIZEOF_LONG 8
#define SIZEOF_WCHAR_T 4
#define SIZEOF_CHAR 1
#define SIZEOF_SHORT 2
#define SIZEOF_INT 4
#define SIZEOF_LONG_LONG 8
#define SIZEOF_FLOAT 4
#define SIZEOF_DOUBLE 8
#define HAVE_SIGNAL_H 1
#define HAVE_STRING_H 1
#define HAVE_SCHED_H 1
#define HAVE_TIME_H 1
#define HAVE_LIMITS_H 1
#define HAVE_SYS_IOCTL_H 1
#define HAVE_SYS_SELECT_H 1
#define HAVE_SYS_TIME_H 1
#define HAVE_SYS_TIMEB_H 1
#define HAVE_SYS_WAIT_H 1
#define HAVE_SYS_TYPES_H 1
#define HAVE_SYS_RESOURCE_H 1
#define HAVE_PTHREAD_H 1
#define HAVE_ERRNO_H 1
#define HAVE_SEMAPHORE_H 1
#define HAVE_IOCTL 1
#define HAVE_SELECT 1
#define HAVE_GETTIMEOFDAY 1
#define HAVE_TIME 1
#define HAVE_FTIME 1
#define HAVE_RANDOM 1
#define HAVE_SRANDOM 1
#define HAVE_PTHREAD_H 1
#define HAVE_PTHREAD_MUTEX_RECURSIVE 1
#define HAVE_PTHREAD_KEY_DELETE 1
#define HAVE_PTHREAD_RWLOCK_INIT 1
#define HAVE_PTHREAD_ATTR_SETGUARDSIZE 1
#define HAVE_PTHREAD_RWLOCKS 1
#define HAVE_SCHED_H 1
#define HAVE_SCHED_YIELD 1
#define HAVE_PTHREAD_TRYJOIN_NP 1
#define HAVE_PTHREAD_TIMEDJOIN_NP 1
#define HAVE_ATOMIC_BUILTINS 1
#define HAVE_OPENSSL 1
#define HAVE_VISIBILITY_OPTIONS /**/
#define HAVE_STRUCT_ADDRINFO /**/

configure: exit 0
