This file contains any messages produced by compilers while
running configure, to aid debugging if configure makes a mistake.

It was created by activemq-cpp configure 3.5.0, which was
generated by GNU Autoconf 2.69.  Invocation command line was

  $ ./configure 

## --------- ##
## Platform. ##
## --------- ##

hostname = dell
uname -m = x86_64
uname -r = 5.13.0-40-generic
uname -s = Linux
uname -v = #45-Ubuntu SMP Tue Mar 29 14:48:14 UTC 2022

/usr/bin/uname -p = x86_64
/bin/uname -X     = unknown

/bin/arch              = x86_64
/usr/bin/arch -k       = unknown
/usr/convex/getsysinfo = unknown
/usr/bin/hostinfo      = unknown
/bin/machine           = unknown
/usr/bin/oslevel       = unknown
/bin/universe          = unknown

PATH: /home/aaron/Fortify/Fortify_SCA_and_Apps_21.2.3/bin
PATH: /home/aaron/.nvm/versions/node/v17.3.1/bin
PATH: /home/aaron/Fortify/Fortify_SCA_and_Apps_21.2.3/bin
PATH: /home/aaron/Fortify/Fortify_SCA_and_Apps_21.2.3/bin
PATH: /home/aaron/Fortify/Fortify_SCA_and_Apps_21.2.3/bin
PATH: /home/aaron/apps
PATH: /home/aaron/.local/bin
PATH: /usr/local/sbin
PATH: /usr/local/bin
PATH: /usr/sbin
PATH: /usr/bin
PATH: /sbin
PATH: /bin
PATH: /usr/games
PATH: /usr/local/games
PATH: /snap/bin
PATH: /snap/bin


## ----------- ##
## Core tests. ##
## ----------- ##

configure:2948: checking for a BSD-compatible install
configure:3016: result: /usr/bin/install -c
configure:3027: checking whether build environment is sane
configure:3082: result: yes
configure:3228: checking for a thread-safe mkdir -p
configure:3267: result: /usr/bin/mkdir -p
configure:3274: checking for gawk
configure:3290: found /usr/bin/gawk
configure:3301: result: gawk
configure:3312: checking whether make sets $(MAKE)
configure:3334: result: yes
configure:3363: checking whether make supports nested variables
configure:3380: result: yes
configure:3528: checking build system type
configure:3542: result: x86_64-pc-linux-gnu
configure:3562: checking host system type
configure:3575: result: x86_64-pc-linux-gnu
configure:3653: checking for gcc
configure:3669: found /usr/bin/gcc
configure:3680: result: gcc
configure:3909: checking for C compiler version
configure:3918: gcc --version >&5
gcc (Ubuntu 11.2.0-7ubuntu2) 11.2.0
Copyright (C) 2021 Free Software Foundation, Inc.
This is free software; see the source for copying conditions.  There is NO
warranty; not even for MERCHANTABILITY or FITNESS FOR A PARTICULAR PURPOSE.

configure:3929: $? = 0
configure:3918: gcc -v >&5
Using built-in specs.
COLLECT_GCC=gcc
COLLECT_LTO_WRAPPER=/usr/lib/gcc/x86_64-linux-gnu/11/lto-wrapper
OFFLOAD_TARGET_NAMES=nvptx-none:amdgcn-amdhsa
OFFLOAD_TARGET_DEFAULT=1
Target: x86_64-linux-gnu
Configured with: ../src/configure -v --with-pkgversion='Ubuntu 11.2.0-7ubuntu2' --with-bugurl=file:///usr/share/doc/gcc-11/README.Bugs --enable-languages=c,ada,c++,go,brig,d,fortran,objc,obj-c++,m2 --prefix=/usr --with-gcc-major-version-only --program-suffix=-11 --program-prefix=x86_64-linux-gnu- --enable-shared --enable-linker-build-id --libexecdir=/usr/lib --without-included-gettext --enable-threads=posix --libdir=/usr/lib --enable-nls --enable-bootstrap --enable-clocale=gnu --enable-libstdcxx-debug --enable-libstdcxx-time=yes --with-default-libstdcxx-abi=new --enable-gnu-unique-object --disable-vtable-verify --enable-plugin --enable-default-pie --with-system-zlib --enable-libphobos-checking=release --with-target-system-zlib=auto --enable-objc-gc=auto --enable-multiarch --disable-werror --enable-cet --with-arch-32=i686 --with-abi=m64 --with-multilib-list=m32,m64,mx32 --enable-multilib --with-tune=generic --enable-offload-targets=nvptx-none=/build/gcc-11-ZPT0kp/gcc-11-11.2.0/debian/tmp-nvptx/usr,amdgcn-amdhsa=/build/gcc-11-ZPT0kp/gcc-11-11.2.0/debian/tmp-gcn/usr --without-cuda-driver --enable-checking=release --build=x86_64-linux-gnu --host=x86_64-linux-gnu --target=x86_64-linux-gnu --with-build-config=bootstrap-lto-lean --enable-link-serialization=2
Thread model: posix
Supported LTO compression algorithms: zlib zstd
gcc version 11.2.0 (Ubuntu 11.2.0-7ubuntu2) 
... rest of stderr output deleted ...
configure:3929: $? = 0
configure:3918: gcc -V >&5
gcc: error: unrecognized command-line option '-V'
gcc: fatal error: no input files
compilation terminated.
configure:3929: $? = 1
configure:3918: gcc -qversion >&5
gcc: error: unrecognized command-line option '-qversion'; did you mean '--version'?
gcc: fatal error: no input files
compilation terminated.
configure:3929: $? = 1
configure:3949: checking whether the C compiler works
configure:3971: gcc    conftest.c  >&5
configure:3975: $? = 0
configure:4023: result: yes
configure:4026: checking for C compiler default output file name
configure:4028: result: a.out
configure:4034: checking for suffix of executables
configure:4041: gcc -o conftest    conftest.c  >&5
configure:4045: $? = 0
configure:4067: result: 
configure:4089: checking whether we are cross compiling
configure:4097: gcc -o conftest    conftest.c  >&5
configure:4101: $? = 0
configure:4108: ./conftest
configure:4112: $? = 0
configure:4127: result: no
configure:4132: checking for suffix of object files
configure:4154: gcc -c   conftest.c >&5
configure:4158: $? = 0
configure:4179: result: o
configure:4183: checking whether we are using the GNU C compiler
configure:4202: gcc -c   conftest.c >&5
configure:4202: $? = 0
configure:4211: result: yes
configure:4220: checking whether gcc accepts -g
configure:4240: gcc -c -g  conftest.c >&5
configure:4240: $? = 0
configure:4281: result: yes
configure:4298: checking for gcc option to accept ISO C89
configure:4361: gcc  -c -g -O2  conftest.c >&5
configure:4361: $? = 0
configure:4374: result: none needed
configure:4399: checking whether gcc understands -c and -o together
configure:4421: gcc -c conftest.c -o conftest2.o
configure:4424: $? = 0
configure:4421: gcc -c conftest.c -o conftest2.o
configure:4424: $? = 0
configure:4436: result: yes
configure:4456: checking whether make supports the include directive
configure:4471: make -f confmf.GNU && cat confinc.out
this is the am__doit target
configure:4474: $? = 0
configure:4493: result: yes (GNU style)
configure:4518: checking dependency style of gcc
configure:4629: result: gcc3
configure:4702: checking for g++
configure:4718: found /usr/bin/g++
configure:4729: result: g++
configure:4756: checking for C++ compiler version
configure:4765: g++ --version >&5
g++ (Ubuntu 11.2.0-7ubuntu2) 11.2.0
Copyright (C) 2021 Free Software Foundation, Inc.
This is free software; see the source for copying conditions.  There is NO
warranty; not even for MERCHANTABILITY or FITNESS FOR A PARTICULAR PURPOSE.

configure:4776: $? = 0
configure:4765: g++ -v >&5
Using built-in specs.
COLLECT_GCC=g++
COLLECT_LTO_WRAPPER=/usr/lib/gcc/x86_64-linux-gnu/11/lto-wrapper
OFFLOAD_TARGET_NAMES=nvptx-none:amdgcn-amdhsa
OFFLOAD_TARGET_DEFAULT=1
Target: x86_64-linux-gnu
Configured with: ../src/configure -v --with-pkgversion='Ubuntu 11.2.0-7ubuntu2' --with-bugurl=file:///usr/share/doc/gcc-11/README.Bugs --enable-languages=c,ada,c++,go,brig,d,fortran,objc,obj-c++,m2 --prefix=/usr --with-gcc-major-version-only --program-suffix=-11 --program-prefix=x86_64-linux-gnu- --enable-shared --enable-linker-build-id --libexecdir=/usr/lib --without-included-gettext --enable-threads=posix --libdir=/usr/lib --enable-nls --enable-bootstrap --enable-clocale=gnu --enable-libstdcxx-debug --enable-libstdcxx-time=yes --with-default-libstdcxx-abi=new --enable-gnu-unique-object --disable-vtable-verify --enable-plugin --enable-default-pie --with-system-zlib --enable-libphobos-checking=release --with-target-system-zlib=auto --enable-objc-gc=auto --enable-multiarch --disable-werror --enable-cet --with-arch-32=i686 --with-abi=m64 --with-multilib-list=m32,m64,mx32 --enable-multilib --with-tune=generic --enable-offload-targets=nvptx-none=/build/gcc-11-ZPT0kp/gcc-11-11.2.0/debian/tmp-nvptx/usr,amdgcn-amdhsa=/build/gcc-11-ZPT0kp/gcc-11-11.2.0/debian/tmp-gcn/usr --without-cuda-driver --enable-checking=release --build=x86_64-linux-gnu --host=x86_64-linux-gnu --target=x86_64-linux-gnu --with-build-config=bootstrap-lto-lean --enable-link-serialization=2
Thread model: posix
Supported LTO compression algorithms: zlib zstd
gcc version 11.2.0 (Ubuntu 11.2.0-7ubuntu2) 
... rest of stderr output deleted ...
configure:4776: $? = 0
configure:4765: g++ -V >&5
g++: error: unrecognized command-line option '-V'
g++: fatal error: no input files
compilation terminated.
configure:4776: $? = 1
configure:4765: g++ -qversion >&5
g++: error: unrecognized command-line option '-qversion'; did you mean '--version'?
g++: fatal error: no input files
compilation terminated.
configure:4776: $? = 1
configure:4780: checking whether we are using the GNU C++ compiler
configure:4799: g++ -c   conftest.cpp >&5
configure:4799: $? = 0
configure:4808: result: yes
configure:4817: checking whether g++ accepts -g
configure:4837: g++ -c -g  conftest.cpp >&5
configure:4837: $? = 0
configure:4878: result: yes
configure:4903: checking dependency style of g++
configure:5014: result: gcc3
configure:5378: checking how to print strings
configure:5405: result: printf
configure:5426: checking for a sed that does not truncate output
configure:5490: result: /usr/bin/sed
configure:5508: checking for grep that handles long lines and -e
configure:5566: result: /usr/bin/grep
configure:5571: checking for egrep
configure:5633: result: /usr/bin/grep -E
configure:5638: checking for fgrep
configure:5700: result: /usr/bin/grep -F
configure:5735: checking for ld used by gcc
configure:5802: result: /usr/bin/ld
configure:5809: checking if the linker (/usr/bin/ld) is GNU ld
configure:5824: result: yes
configure:5836: checking for BSD- or MS-compatible name lister (nm)
configure:5890: result: /usr/bin/nm -B
configure:6020: checking the name lister (/usr/bin/nm -B) interface
configure:6027: gcc -c -g -O2  conftest.c >&5
configure:6030: /usr/bin/nm -B "conftest.o"
configure:6033: output
0000000000000000 B some_variable
configure:6040: result: BSD nm
configure:6043: checking whether ln -s works
configure:6047: result: yes
configure:6055: checking the maximum length of command line arguments
configure:6186: result: 1572864
configure:6234: checking how to convert x86_64-pc-linux-gnu file names to x86_64-pc-linux-gnu format
configure:6274: result: func_convert_file_noop
configure:6281: checking how to convert x86_64-pc-linux-gnu file names to toolchain format
configure:6301: result: func_convert_file_noop
configure:6308: checking for /usr/bin/ld option to reload object files
configure:6315: result: -r
configure:6389: checking for objdump
configure:6416: result: objdump
configure:6445: checking how to recognize dependent libraries
configure:6645: result: pass_all
configure:6730: checking for dlltool
configure:6757: result: dlltool
configure:6787: checking how to associate runtime and link libraries
configure:6814: result: printf %s\n
configure:6875: checking for ar
configure:6891: found /usr/bin/ar
configure:6902: result: ar
configure:6939: checking for archiver @FILE support
configure:6956: gcc -c -g -O2  conftest.c >&5
configure:6956: $? = 0
configure:6959: ar cr libconftest.a @conftest.lst >&5
configure:6962: $? = 0
configure:6967: ar cr libconftest.a @conftest.lst >&5
ar: conftest.o: No such file or directory
configure:6970: $? = 1
configure:6982: result: @
configure:7040: checking for strip
configure:7056: found /usr/bin/strip
configure:7067: result: strip
configure:7139: checking for ranlib
configure:7155: found /usr/bin/ranlib
configure:7166: result: ranlib
configure:7268: checking command to parse /usr/bin/nm -B output from gcc object
configure:7421: gcc -c -g -O2  conftest.c >&5
configure:7424: $? = 0
configure:7428: /usr/bin/nm -B conftest.o | sed -n -e 's/^.*[	 ]\([ABCDGIRSTW][ABCDGIRSTW]*\)[	 ][	 ]*\([_A-Za-z][_A-Za-z0-9]*\)$/\1 \2 \2/p' | sed '/ __gnu_lto/d' > conftest.nm
configure:7494: gcc -o conftest -g -O2   conftest.c conftstm.o >&5
configure:7497: $? = 0
configure:7535: result: ok
configure:7582: checking for sysroot
configure:7612: result: no
configure:7619: checking for a working dd
configure:7657: result: /usr/bin/dd
configure:7661: checking how to truncate binary pipes
configure:7676: result: /usr/bin/dd bs=4096 count=1
configure:7812: gcc -c -g -O2  conftest.c >&5
configure:7815: $? = 0
configure:8005: checking for mt
configure:8021: found /usr/bin/mt
configure:8032: result: mt
configure:8055: checking if mt is a manifest tool
configure:8061: mt '-?'
configure:8069: result: no
configure:8746: checking how to run the C preprocessor
configure:8777: gcc -E  conftest.c
configure:8777: $? = 0
configure:8791: gcc -E  conftest.c
conftest.c:11:10: fatal error: ac_nonexistent.h: No such file or directory
   11 | #include <ac_nonexistent.h>
      |          ^~~~~~~~~~~~~~~~~~
compilation terminated.
configure:8791: $? = 1
configure: failed program was:
| /* confdefs.h */
| #define PACKAGE_NAME "activemq-cpp"
| #define PACKAGE_TARNAME "activemq-cpp"
| #define PACKAGE_VERSION "3.5.0"
| #define PACKAGE_STRING "activemq-cpp 3.5.0"
| #define PACKAGE_BUGREPORT "dev@activemq.apache.org"
| #define PACKAGE_URL ""
| #define PACKAGE "activemq-cpp"
| #define VERSION "3.5.0"
| /* end confdefs.h.  */
| #include <ac_nonexistent.h>
configure:8816: result: gcc -E
configure:8836: gcc -E  conftest.c
configure:8836: $? = 0
configure:8850: gcc -E  conftest.c
conftest.c:11:10: fatal error: ac_nonexistent.h: No such file or directory
   11 | #include <ac_nonexistent.h>
      |          ^~~~~~~~~~~~~~~~~~
compilation terminated.
configure:8850: $? = 1
configure: failed program was:
| /* confdefs.h */
| #define PACKAGE_NAME "activemq-cpp"
| #define PACKAGE_TARNAME "activemq-cpp"
| #define PACKAGE_VERSION "3.5.0"
| #define PACKAGE_STRING "activemq-cpp 3.5.0"
| #define PACKAGE_BUGREPORT "dev@activemq.apache.org"
| #define PACKAGE_URL ""
| #define PACKAGE "activemq-cpp"
| #define VERSION "3.5.0"
| /* end confdefs.h.  */
| #include <ac_nonexistent.h>
configure:8879: checking for ANSI C header files
configure:8899: gcc -c -g -O2  conftest.c >&5
configure:8899: $? = 0
configure:8972: gcc -o conftest -g -O2   conftest.c  >&5
configure:8972: $? = 0
configure:8972: ./conftest
configure:8972: $? = 0
configure:8983: result: yes
configure:8996: checking for sys/types.h
configure:8996: gcc -c -g -O2  conftest.c >&5
configure:8996: $? = 0
configure:8996: result: yes
configure:8996: checking for sys/stat.h
configure:8996: gcc -c -g -O2  conftest.c >&5
configure:8996: $? = 0
configure:8996: result: yes
configure:8996: checking for stdlib.h
configure:8996: gcc -c -g -O2  conftest.c >&5
configure:8996: $? = 0
configure:8996: result: yes
configure:8996: checking for string.h
configure:8996: gcc -c -g -O2  conftest.c >&5
configure:8996: $? = 0
configure:8996: result: yes
configure:8996: checking for memory.h
configure:8996: gcc -c -g -O2  conftest.c >&5
configure:8996: $? = 0
configure:8996: result: yes
configure:8996: checking for strings.h
configure:8996: gcc -c -g -O2  conftest.c >&5
configure:8996: $? = 0
configure:8996: result: yes
configure:8996: checking for inttypes.h
configure:8996: gcc -c -g -O2  conftest.c >&5
configure:8996: $? = 0
configure:8996: result: yes
configure:8996: checking for stdint.h
configure:8996: gcc -c -g -O2  conftest.c >&5
configure:8996: $? = 0
configure:8996: result: yes
configure:8996: checking for unistd.h
configure:8996: gcc -c -g -O2  conftest.c >&5
configure:8996: $? = 0
configure:8996: result: yes
configure:9010: checking for dlfcn.h
configure:9010: gcc -c -g -O2  conftest.c >&5
configure:9010: $? = 0
configure:9010: result: yes
configure:9275: checking for objdir
configure:9290: result: .libs
configure:9554: checking if gcc supports -fno-rtti -fno-exceptions
configure:9572: gcc -c -g -O2  -fno-rtti -fno-exceptions conftest.c >&5
cc1: warning: command-line option '-fno-rtti' is valid for C++/D/ObjC++ but not for C
configure:9576: $? = 0
configure:9589: result: no
configure:9953: checking for gcc option to produce PIC
configure:9960: result: -fPIC -DPIC
configure:9968: checking if gcc PIC flag -fPIC -DPIC works
configure:9986: gcc -c -g -O2  -fPIC -DPIC -DPIC conftest.c >&5
configure:9990: $? = 0
configure:10003: result: yes
configure:10032: checking if gcc static flag -static works
configure:10060: result: yes
configure:10075: checking if gcc supports -c -o file.o
configure:10096: gcc -c -g -O2  -o out/conftest2.o conftest.c >&5
configure:10100: $? = 0
configure:10122: result: yes
configure:10130: checking if gcc supports -c -o file.o
configure:10177: result: yes
configure:10210: checking whether the gcc linker (/usr/bin/ld -m elf_x86_64) supports shared libraries
configure:11473: result: yes
configure:11510: checking whether -lc should be explicitly linked in
configure:11518: gcc -c -g -O2  conftest.c >&5
configure:11521: $? = 0
configure:11536: gcc -shared  -fPIC -DPIC conftest.o  -v -Wl,-soname -Wl,conftest -o conftest 2\>\&1 \| /usr/bin/grep  -lc  \>/dev/null 2\>\&1
configure:11539: $? = 0
configure:11553: result: no
configure:11713: checking dynamic linker characteristics
configure:12294: gcc -o conftest -g -O2   -Wl,-rpath -Wl,/foo conftest.c  >&5
configure:12294: $? = 0
configure:12543: result: GNU/Linux ld.so
configure:12665: checking how to hardcode library paths into programs
configure:12690: result: immediate
configure:13238: checking whether stripping libraries is possible
configure:13243: result: yes
configure:13278: checking if libtool supports shared libraries
configure:13280: result: yes
configure:13283: checking whether to build shared libraries
configure:13308: result: yes
configure:13311: checking whether to build static libraries
configure:13315: result: yes
configure:13338: checking how to run the C++ preprocessor
configure:13365: g++ -E  conftest.cpp
configure:13365: $? = 0
configure:13379: g++ -E  conftest.cpp
conftest.cpp:23:10: fatal error: ac_nonexistent.h: No such file or directory
   23 | #include <ac_nonexistent.h>
      |          ^~~~~~~~~~~~~~~~~~
compilation terminated.
configure:13379: $? = 1
configure: failed program was:
| /* confdefs.h */
| #define PACKAGE_NAME "activemq-cpp"
| #define PACKAGE_TARNAME "activemq-cpp"
| #define PACKAGE_VERSION "3.5.0"
| #define PACKAGE_STRING "activemq-cpp 3.5.0"
| #define PACKAGE_BUGREPORT "dev@activemq.apache.org"
| #define PACKAGE_URL ""
| #define PACKAGE "activemq-cpp"
| #define VERSION "3.5.0"
| #define STDC_HEADERS 1
| #define HAVE_SYS_TYPES_H 1
| #define HAVE_SYS_STAT_H 1
| #define HAVE_STDLIB_H 1
| #define HAVE_STRING_H 1
| #define HAVE_MEMORY_H 1
| #define HAVE_STRINGS_H 1
| #define HAVE_INTTYPES_H 1
| #define HAVE_STDINT_H 1
| #define HAVE_UNISTD_H 1
| #define HAVE_DLFCN_H 1
| #define LT_OBJDIR ".libs/"
| /* end confdefs.h.  */
| #include <ac_nonexistent.h>
configure:13404: result: g++ -E
configure:13424: g++ -E  conftest.cpp
configure:13424: $? = 0
configure:13438: g++ -E  conftest.cpp
conftest.cpp:23:10: fatal error: ac_nonexistent.h: No such file or directory
   23 | #include <ac_nonexistent.h>
      |          ^~~~~~~~~~~~~~~~~~
compilation terminated.
configure:13438: $? = 1
configure: failed program was:
| /* confdefs.h */
| #define PACKAGE_NAME "activemq-cpp"
| #define PACKAGE_TARNAME "activemq-cpp"
| #define PACKAGE_VERSION "3.5.0"
| #define PACKAGE_STRING "activemq-cpp 3.5.0"
| #define PACKAGE_BUGREPORT "dev@activemq.apache.org"
| #define PACKAGE_URL ""
| #define PACKAGE "activemq-cpp"
| #define VERSION "3.5.0"
| #define STDC_HEADERS 1
| #define HAVE_SYS_TYPES_H 1
| #define HAVE_SYS_STAT_H 1
| #define HAVE_STDLIB_H 1
| #define HAVE_STRING_H 1
| #define HAVE_MEMORY_H 1
| #define HAVE_STRINGS_H 1
| #define HAVE_INTTYPES_H 1
| #define HAVE_STDINT_H 1
| #define HAVE_UNISTD_H 1
| #define HAVE_DLFCN_H 1
| #define LT_OBJDIR ".libs/"
| /* end confdefs.h.  */
| #include <ac_nonexistent.h>
configure:13600: checking for ld used by g++
configure:13667: result: /usr/bin/ld -m elf_x86_64
configure:13674: checking if the linker (/usr/bin/ld -m elf_x86_64) is GNU ld
configure:13689: result: yes
configure:13744: checking whether the g++ linker (/usr/bin/ld -m elf_x86_64) supports shared libraries
configure:14817: result: yes
configure:14853: g++ -c -g -O2  conftest.cpp >&5
configure:14856: $? = 0
configure:15337: checking for g++ option to produce PIC
configure:15344: result: -fPIC -DPIC
configure:15352: checking if g++ PIC flag -fPIC -DPIC works
configure:15370: g++ -c -g -O2  -fPIC -DPIC -DPIC conftest.cpp >&5
configure:15374: $? = 0
configure:15387: result: yes
configure:15410: checking if g++ static flag -static works
configure:15438: result: yes
configure:15450: checking if g++ supports -c -o file.o
configure:15471: g++ -c -g -O2  -o out/conftest2.o conftest.cpp >&5
configure:15475: $? = 0
configure:15497: result: yes
configure:15502: checking if g++ supports -c -o file.o
configure:15549: result: yes
configure:15579: checking whether the g++ linker (/usr/bin/ld -m elf_x86_64) supports shared libraries
configure:15622: result: yes
configure:15763: checking dynamic linker characteristics
configure:16520: result: GNU/Linux ld.so
configure:16585: checking how to hardcode library paths into programs
configure:16610: result: immediate
configure:16673: checking whether build environment is sane
configure:16728: result: yes
configure:16747: checking for working memcmp
configure:16790: g++ -o conftest -g -O2   conftest.cpp  >&5
configure:16790: $? = 0
configure:16790: ./conftest
configure:16790: $? = 0
configure:16800: result: yes
configure:16811: checking for vprintf
configure:16811: g++ -o conftest -g -O2   conftest.cpp  >&5
conftest.cpp:46:6: warning: declaration of 'char vprintf()' conflicts with built-in declaration 'int vprintf(const char*, __va_list_tag*)' [-Wbuiltin-declaration-mismatch]
   46 | char vprintf ();
      |      ^~~~~~~
configure:16811: $? = 0
configure:16811: result: yes
configure:16817: checking for _doprnt
configure:16817: g++ -o conftest -g -O2   conftest.cpp  >&5
/usr/bin/ld: /tmp/cc8z2ph3.o: in function `main':
/projects/cmsclient/activemq-cpp/conftest.cpp:58: undefined reference to `_doprnt'
collect2: error: ld returned 1 exit status
configure:16817: $? = 1
configure: failed program was:
| /* confdefs.h */
| #define PACKAGE_NAME "activemq-cpp"
| #define PACKAGE_TARNAME "activemq-cpp"
| #define PACKAGE_VERSION "3.5.0"
| #define PACKAGE_STRING "activemq-cpp 3.5.0"
| #define PACKAGE_BUGREPORT "dev@activemq.apache.org"
| #define PACKAGE_URL ""
| #define PACKAGE "activemq-cpp"
| #define VERSION "3.5.0"
| #define STDC_HEADERS 1
| #define HAVE_SYS_TYPES_H 1
| #define HAVE_SYS_STAT_H 1
| #define HAVE_STDLIB_H 1
| #define HAVE_STRING_H 1
| #define HAVE_MEMORY_H 1
| #define HAVE_STRINGS_H 1
| #define HAVE_INTTYPES_H 1
| #define HAVE_STDINT_H 1
| #define HAVE_UNISTD_H 1
| #define HAVE_DLFCN_H 1
| #define LT_OBJDIR ".libs/"
| #define HAVE_VPRINTF 1
| /* end confdefs.h.  */
| /* Define _doprnt to an innocuous variant, in case <limits.h> declares _doprnt.
|    For example, HP-UX 11i <limits.h> declares gettimeofday.  */
| #define _doprnt innocuous__doprnt
| 
| /* System header to define __stub macros and hopefully few prototypes,
|     which can conflict with char _doprnt (); below.
|     Prefer <limits.h> to <assert.h> if __STDC__ is defined, since
|     <limits.h> exists even on freestanding compilers.  */
| 
| #ifdef __STDC__
| # include <limits.h>
| #else
| # include <assert.h>
| #endif
| 
| #undef _doprnt
| 
| /* Override any GCC internal prototype to avoid an error.
|    Use char because int might match the return type of a GCC
|    builtin and then its argument prototype would still apply.  */
| #ifdef __cplusplus
| extern "C"
| #endif
| char _doprnt ();
| /* The GNU C library defines this for functions which it implements
|     to always fail with ENOSYS.  Some functions are actually named
|     something starting with __ and the normal name is an alias.  */
| #if defined __stub__doprnt || defined __stub____doprnt
| choke me
| #endif
| 
| int
| main ()
| {
| return _doprnt ();
|   ;
|   return 0;
| }
configure:16817: result: no
configure:16829: checking for ANSI C header files
configure:16933: result: yes
configure:16941: checking for an ANSI C-conforming const
configure:17007: g++ -c -g -O2  conftest.cpp >&5
configure:17007: $? = 0
configure:17014: result: yes
configure:17022: checking for size_t
configure:17022: g++ -c -g -O2  conftest.cpp >&5
configure:17022: $? = 0
configure:17022: g++ -c -g -O2  conftest.cpp >&5
conftest.cpp: In function 'int main()':
conftest.cpp:61:20: error: expected primary-expression before ')' token
   61 | if (sizeof ((size_t)))
      |                    ^
configure:17022: $? = 1
configure: failed program was:
| /* confdefs.h */
| #define PACKAGE_NAME "activemq-cpp"
| #define PACKAGE_TARNAME "activemq-cpp"
| #define PACKAGE_VERSION "3.5.0"
| #define PACKAGE_STRING "activemq-cpp 3.5.0"
| #define PACKAGE_BUGREPORT "dev@activemq.apache.org"
| #define PACKAGE_URL ""
| #define PACKAGE "activemq-cpp"
| #define VERSION "3.5.0"
| #define STDC_HEADERS 1
| #define HAVE_SYS_TYPES_H 1
| #define HAVE_SYS_STAT_H 1
| #define HAVE_STDLIB_H 1
| #define HAVE_STRING_H 1
| #define HAVE_MEMORY_H 1
| #define HAVE_STRINGS_H 1
| #define HAVE_INTTYPES_H 1
| #define HAVE_STDINT_H 1
| #define HAVE_UNISTD_H 1
| #define HAVE_DLFCN_H 1
| #define LT_OBJDIR ".libs/"
| #define HAVE_VPRINTF 1
| #define STDC_HEADERS 1
| /* end confdefs.h.  */
| #include <stdio.h>
| #ifdef HAVE_SYS_TYPES_H
| # include <sys/types.h>
| #endif
| #ifdef HAVE_SYS_STAT_H
| # include <sys/stat.h>
| #endif
| #ifdef STDC_HEADERS
| # include <stdlib.h>
| # include <stddef.h>
| #else
| # ifdef HAVE_STDLIB_H
| #  include <stdlib.h>
| # endif
| #endif
| #ifdef HAVE_STRING_H
| # if !defined STDC_HEADERS && defined HAVE_MEMORY_H
| #  include <memory.h>
| # endif
| # include <string.h>
| #endif
| #ifdef HAVE_STRINGS_H
| # include <strings.h>
| #endif
| #ifdef HAVE_INTTYPES_H
| # include <inttypes.h>
| #endif
| #ifdef HAVE_STDINT_H
| # include <stdint.h>
| #endif
| #ifdef HAVE_UNISTD_H
| # include <unistd.h>
| #endif
| int
| main ()
| {
| if (sizeof ((size_t)))
| 	    return 0;
|   ;
|   return 0;
| }
configure:17022: result: yes
configure:17033: checking whether byte ordering is bigendian
configure:17048: g++ -c -g -O2  conftest.cpp >&5
conftest.cpp:26:16: error: expected unqualified-id before 'not' token
   26 |                not a universal capable compiler
      |                ^~~
configure:17048: $? = 1
configure: failed program was:
| /* confdefs.h */
| #define PACKAGE_NAME "activemq-cpp"
| #define PACKAGE_TARNAME "activemq-cpp"
| #define PACKAGE_VERSION "3.5.0"
| #define PACKAGE_STRING "activemq-cpp 3.5.0"
| #define PACKAGE_BUGREPORT "dev@activemq.apache.org"
| #define PACKAGE_URL ""
| #define PACKAGE "activemq-cpp"
| #define VERSION "3.5.0"
| #define STDC_HEADERS 1
| #define HAVE_SYS_TYPES_H 1
| #define HAVE_SYS_STAT_H 1
| #define HAVE_STDLIB_H 1
| #define HAVE_STRING_H 1
| #define HAVE_MEMORY_H 1
| #define HAVE_STRINGS_H 1
| #define HAVE_INTTYPES_H 1
| #define HAVE_STDINT_H 1
| #define HAVE_UNISTD_H 1
| #define HAVE_DLFCN_H 1
| #define LT_OBJDIR ".libs/"
| #define HAVE_VPRINTF 1
| #define STDC_HEADERS 1
| /* end confdefs.h.  */
| #ifndef __APPLE_CC__
| 	       not a universal capable compiler
| 	     #endif
| 	     typedef int dummy;
| 
configure:17093: g++ -c -g -O2  conftest.cpp >&5
configure:17093: $? = 0
configure:17111: g++ -c -g -O2  conftest.cpp >&5
conftest.cpp: In function 'int main()':
conftest.cpp:32:22: error: 'big' was not declared in this scope
   32 |                  not big endian
      |                      ^~~
configure:17111: $? = 1
configure: failed program was:
| /* confdefs.h */
| #define PACKAGE_NAME "activemq-cpp"
| #define PACKAGE_TARNAME "activemq-cpp"
| #define PACKAGE_VERSION "3.5.0"
| #define PACKAGE_STRING "activemq-cpp 3.5.0"
| #define PACKAGE_BUGREPORT "dev@activemq.apache.org"
| #define PACKAGE_URL ""
| #define PACKAGE "activemq-cpp"
| #define VERSION "3.5.0"
| #define STDC_HEADERS 1
| #define HAVE_SYS_TYPES_H 1
| #define HAVE_SYS_STAT_H 1
| #define HAVE_STDLIB_H 1
| #define HAVE_STRING_H 1
| #define HAVE_MEMORY_H 1
| #define HAVE_STRINGS_H 1
| #define HAVE_INTTYPES_H 1
| #define HAVE_STDINT_H 1
| #define HAVE_UNISTD_H 1
| #define HAVE_DLFCN_H 1
| #define LT_OBJDIR ".libs/"
| #define HAVE_VPRINTF 1
| #define STDC_HEADERS 1
| /* end confdefs.h.  */
| #include <sys/types.h>
| 		#include <sys/param.h>
| 
| int
| main ()
| {
| #if BYTE_ORDER != BIG_ENDIAN
| 		 not big endian
| 		#endif
| 
|   ;
|   return 0;
| }
configure:17239: result: no
configure:17257: checking for wchar_t
configure:17257: g++ -c -g -O2  conftest.cpp >&5
configure:17257: $? = 0
configure:17257: g++ -c -g -O2  conftest.cpp >&5
conftest.cpp: In function 'int main()':
conftest.cpp:61:14: error: expected primary-expression before 'wchar_t'
   61 | if (sizeof ((wchar_t)))
      |              ^~~~~~~
conftest.cpp:61:14: error: expected ')' before 'wchar_t'
   61 | if (sizeof ((wchar_t)))
      |             ~^~~~~~~
      |              )
conftest.cpp:62:21: error: expected ')' before ';' token
   62 |             return 0;
      |                     ^
      |                     )
conftest.cpp:61:12: note: to match this '('
   61 | if (sizeof ((wchar_t)))
      |            ^
conftest.cpp:62:21: error: expected ')' before ';' token
   62 |             return 0;
      |                     ^
      |                     )
conftest.cpp:61:4: note: to match this '('
   61 | if (sizeof ((wchar_t)))
      |    ^
configure:17257: $? = 1
configure: failed program was:
| /* confdefs.h */
| #define PACKAGE_NAME "activemq-cpp"
| #define PACKAGE_TARNAME "activemq-cpp"
| #define PACKAGE_VERSION "3.5.0"
| #define PACKAGE_STRING "activemq-cpp 3.5.0"
| #define PACKAGE_BUGREPORT "dev@activemq.apache.org"
| #define PACKAGE_URL ""
| #define PACKAGE "activemq-cpp"
| #define VERSION "3.5.0"
| #define STDC_HEADERS 1
| #define HAVE_SYS_TYPES_H 1
| #define HAVE_SYS_STAT_H 1
| #define HAVE_STDLIB_H 1
| #define HAVE_STRING_H 1
| #define HAVE_MEMORY_H 1
| #define HAVE_STRINGS_H 1
| #define HAVE_INTTYPES_H 1
| #define HAVE_STDINT_H 1
| #define HAVE_UNISTD_H 1
| #define HAVE_DLFCN_H 1
| #define LT_OBJDIR ".libs/"
| #define HAVE_VPRINTF 1
| #define STDC_HEADERS 1
| /* end confdefs.h.  */
| #include <stdio.h>
| #ifdef HAVE_SYS_TYPES_H
| # include <sys/types.h>
| #endif
| #ifdef HAVE_SYS_STAT_H
| # include <sys/stat.h>
| #endif
| #ifdef STDC_HEADERS
| # include <stdlib.h>
| # include <stddef.h>
| #else
| # ifdef HAVE_STDLIB_H
| #  include <stdlib.h>
| # endif
| #endif
| #ifdef HAVE_STRING_H
| # if !defined STDC_HEADERS && defined HAVE_MEMORY_H
| #  include <memory.h>
| # endif
| # include <string.h>
| #endif
| #ifdef HAVE_STRINGS_H
| # include <strings.h>
| #endif
| #ifdef HAVE_INTTYPES_H
| # include <inttypes.h>
| #endif
| #ifdef HAVE_STDINT_H
| # include <stdint.h>
| #endif
| #ifdef HAVE_UNISTD_H
| # include <unistd.h>
| #endif
| int
| main ()
| {
| if (sizeof ((wchar_t)))
| 	    return 0;
|   ;
|   return 0;
| }
configure:17257: result: yes
configure:17269: checking size of short
configure:17274: g++ -o conftest -g -O2   conftest.cpp  >&5
configure:17274: $? = 0
configure:17274: ./conftest
configure:17274: $? = 0
configure:17288: result: 2
configure:17302: checking size of int
configure:17307: g++ -o conftest -g -O2   conftest.cpp  >&5
configure:17307: $? = 0
configure:17307: ./conftest
configure:17307: $? = 0
configure:17321: result: 4
configure:17335: checking size of long
configure:17340: g++ -o conftest -g -O2   conftest.cpp  >&5
configure:17340: $? = 0
configure:17340: ./conftest
configure:17340: $? = 0
configure:17354: result: 8
configure:17368: checking size of wchar_t
configure:17373: g++ -o conftest -g -O2   conftest.cpp  >&5
configure:17373: $? = 0
configure:17373: ./conftest
configure:17373: $? = 0
configure:17387: result: 4
configure:17402: checking size of char
configure:17407: g++ -o conftest -g -O2   conftest.cpp  >&5
configure:17407: $? = 0
configure:17407: ./conftest
configure:17407: $? = 0
configure:17421: result: 1
configure:17435: checking size of short
configure:17454: result: 2
configure:17468: checking size of int
configure:17487: result: 4
configure:17501: checking size of long long
configure:17506: g++ -o conftest -g -O2   conftest.cpp  >&5
configure:17506: $? = 0
configure:17506: ./conftest
configure:17506: $? = 0
configure:17520: result: 8
configure:17534: checking size of float
configure:17539: g++ -o conftest -g -O2   conftest.cpp  >&5
configure:17539: $? = 0
configure:17539: ./conftest
configure:17539: $? = 0
configure:17553: result: 4
configure:17567: checking size of double
configure:17572: g++ -o conftest -g -O2   conftest.cpp  >&5
configure:17572: $? = 0
configure:17572: ./conftest
configure:17572: $? = 0
configure:17586: result: 8
configure:17599: checking objbase.h usability
configure:17599: g++ -c -g -O2  conftest.cpp >&5
conftest.cpp:69:10: fatal error: objbase.h: No such file or directory
   69 | #include <objbase.h>
      |          ^~~~~~~~~~~
compilation terminated.
configure:17599: $? = 1
configure: failed program was:
| /* confdefs.h */
| #define PACKAGE_NAME "activemq-cpp"
| #define PACKAGE_TARNAME "activemq-cpp"
| #define PACKAGE_VERSION "3.5.0"
| #define PACKAGE_STRING "activemq-cpp 3.5.0"
| #define PACKAGE_BUGREPORT "dev@activemq.apache.org"
| #define PACKAGE_URL ""
| #define PACKAGE "activemq-cpp"
| #define VERSION "3.5.0"
| #define STDC_HEADERS 1
| #define HAVE_SYS_TYPES_H 1
| #define HAVE_SYS_STAT_H 1
| #define HAVE_STDLIB_H 1
| #define HAVE_STRING_H 1
| #define HAVE_MEMORY_H 1
| #define HAVE_STRINGS_H 1
| #define HAVE_INTTYPES_H 1
| #define HAVE_STDINT_H 1
| #define HAVE_UNISTD_H 1
| #define HAVE_DLFCN_H 1
| #define LT_OBJDIR ".libs/"
| #define HAVE_VPRINTF 1
| #define STDC_HEADERS 1
| #define HAVE_WCHAR_T 1
| #define SIZEOF_SHORT 2
| #define SIZEOF_INT 4
| #define SIZEOF_LONG 8
| #define SIZEOF_WCHAR_T 4
| #define SIZEOF_CHAR 1
| #define SIZEOF_SHORT 2
| #define SIZEOF_INT 4
| #define SIZEOF_LONG_LONG 8
| #define SIZEOF_FLOAT 4
| #define SIZEOF_DOUBLE 8
| /* end confdefs.h.  */
| #include <stdio.h>
| #ifdef HAVE_SYS_TYPES_H
| # include <sys/types.h>
| #endif
| #ifdef HAVE_SYS_STAT_H
| # include <sys/stat.h>
| #endif
| #ifdef STDC_HEADERS
| # include <stdlib.h>
| # include <stddef.h>
| #else
| # ifdef HAVE_STDLIB_H
| #  include <stdlib.h>
| # endif
| #endif
| #ifdef HAVE_STRING_H
| # if !defined STDC_HEADERS && defined HAVE_MEMORY_H
| #  include <memory.h>
| # endif
| # include <string.h>
| #endif
| #ifdef HAVE_STRINGS_H
| # include <strings.h>
| #endif
| #ifdef HAVE_INTTYPES_H
| # include <inttypes.h>
| #endif
| #ifdef HAVE_STDINT_H
| # include <stdint.h>
| #endif
| #ifdef HAVE_UNISTD_H
| # include <unistd.h>
| #endif
| #include <objbase.h>
configure:17599: result: no
configure:17599: checking objbase.h presence
configure:17599: g++ -E  conftest.cpp
conftest.cpp:36:10: fatal error: objbase.h: No such file or directory
   36 | #include <objbase.h>
      |          ^~~~~~~~~~~
compilation terminated.
configure:17599: $? = 1
configure: failed program was:
| /* confdefs.h */
| #define PACKAGE_NAME "activemq-cpp"
| #define PACKAGE_TARNAME "activemq-cpp"
| #define PACKAGE_VERSION "3.5.0"
| #define PACKAGE_STRING "activemq-cpp 3.5.0"
| #define PACKAGE_BUGREPORT "dev@activemq.apache.org"
| #define PACKAGE_URL ""
| #define PACKAGE "activemq-cpp"
| #define VERSION "3.5.0"
| #define STDC_HEADERS 1
| #define HAVE_SYS_TYPES_H 1
| #define HAVE_SYS_STAT_H 1
| #define HAVE_STDLIB_H 1
| #define HAVE_STRING_H 1
| #define HAVE_MEMORY_H 1
| #define HAVE_STRINGS_H 1
| #define HAVE_INTTYPES_H 1
| #define HAVE_STDINT_H 1
| #define HAVE_UNISTD_H 1
| #define HAVE_DLFCN_H 1
| #define LT_OBJDIR ".libs/"
| #define HAVE_VPRINTF 1
| #define STDC_HEADERS 1
| #define HAVE_WCHAR_T 1
| #define SIZEOF_SHORT 2
| #define SIZEOF_INT 4
| #define SIZEOF_LONG 8
| #define SIZEOF_WCHAR_T 4
| #define SIZEOF_CHAR 1
| #define SIZEOF_SHORT 2
| #define SIZEOF_INT 4
| #define SIZEOF_LONG_LONG 8
| #define SIZEOF_FLOAT 4
| #define SIZEOF_DOUBLE 8
| /* end confdefs.h.  */
| #include <objbase.h>
configure:17599: result: no
configure:17599: checking for objbase.h
configure:17599: result: no
configure:17611: checking repcdce.h usability
configure:17611: g++ -c -g -O2  conftest.cpp >&5
conftest.cpp:69:10: fatal error: repcdce.h: No such file or directory
   69 | #include <repcdce.h>
      |          ^~~~~~~~~~~
compilation terminated.
configure:17611: $? = 1
configure: failed program was:
| /* confdefs.h */
| #define PACKAGE_NAME "activemq-cpp"
| #define PACKAGE_TARNAME "activemq-cpp"
| #define PACKAGE_VERSION "3.5.0"
| #define PACKAGE_STRING "activemq-cpp 3.5.0"
| #define PACKAGE_BUGREPORT "dev@activemq.apache.org"
| #define PACKAGE_URL ""
| #define PACKAGE "activemq-cpp"
| #define VERSION "3.5.0"
| #define STDC_HEADERS 1
| #define HAVE_SYS_TYPES_H 1
| #define HAVE_SYS_STAT_H 1
| #define HAVE_STDLIB_H 1
| #define HAVE_STRING_H 1
| #define HAVE_MEMORY_H 1
| #define HAVE_STRINGS_H 1
| #define HAVE_INTTYPES_H 1
| #define HAVE_STDINT_H 1
| #define HAVE_UNISTD_H 1
| #define HAVE_DLFCN_H 1
| #define LT_OBJDIR ".libs/"
| #define HAVE_VPRINTF 1
| #define STDC_HEADERS 1
| #define HAVE_WCHAR_T 1
| #define SIZEOF_SHORT 2
| #define SIZEOF_INT 4
| #define SIZEOF_LONG 8
| #define SIZEOF_WCHAR_T 4
| #define SIZEOF_CHAR 1
| #define SIZEOF_SHORT 2
| #define SIZEOF_INT 4
| #define SIZEOF_LONG_LONG 8
| #define SIZEOF_FLOAT 4
| #define SIZEOF_DOUBLE 8
| /* end confdefs.h.  */
| #include <stdio.h>
| #ifdef HAVE_SYS_TYPES_H
| # include <sys/types.h>
| #endif
| #ifdef HAVE_SYS_STAT_H
| # include <sys/stat.h>
| #endif
| #ifdef STDC_HEADERS
| # include <stdlib.h>
| # include <stddef.h>
| #else
| # ifdef HAVE_STDLIB_H
| #  include <stdlib.h>
| # endif
| #endif
| #ifdef HAVE_STRING_H
| # if !defined STDC_HEADERS && defined HAVE_MEMORY_H
| #  include <memory.h>
| # endif
| # include <string.h>
| #endif
| #ifdef HAVE_STRINGS_H
| # include <strings.h>
| #endif
| #ifdef HAVE_INTTYPES_H
| # include <inttypes.h>
| #endif
| #ifdef HAVE_STDINT_H
| # include <stdint.h>
| #endif
| #ifdef HAVE_UNISTD_H
| # include <unistd.h>
| #endif
| #include <repcdce.h>
configure:17611: result: no
configure:17611: checking repcdce.h presence
configure:17611: g++ -E  conftest.cpp
conftest.cpp:36:10: fatal error: repcdce.h: No such file or directory
   36 | #include <repcdce.h>
      |          ^~~~~~~~~~~
compilation terminated.
configure:17611: $? = 1
configure: failed program was:
| /* confdefs.h */
| #define PACKAGE_NAME "activemq-cpp"
| #define PACKAGE_TARNAME "activemq-cpp"
| #define PACKAGE_VERSION "3.5.0"
| #define PACKAGE_STRING "activemq-cpp 3.5.0"
| #define PACKAGE_BUGREPORT "dev@activemq.apache.org"
| #define PACKAGE_URL ""
| #define PACKAGE "activemq-cpp"
| #define VERSION "3.5.0"
| #define STDC_HEADERS 1
| #define HAVE_SYS_TYPES_H 1
| #define HAVE_SYS_STAT_H 1
| #define HAVE_STDLIB_H 1
| #define HAVE_STRING_H 1
| #define HAVE_MEMORY_H 1
| #define HAVE_STRINGS_H 1
| #define HAVE_INTTYPES_H 1
| #define HAVE_STDINT_H 1
| #define HAVE_UNISTD_H 1
| #define HAVE_DLFCN_H 1
| #define LT_OBJDIR ".libs/"
| #define HAVE_VPRINTF 1
| #define STDC_HEADERS 1
| #define HAVE_WCHAR_T 1
| #define SIZEOF_SHORT 2
| #define SIZEOF_INT 4
| #define SIZEOF_LONG 8
| #define SIZEOF_WCHAR_T 4
| #define SIZEOF_CHAR 1
| #define SIZEOF_SHORT 2
| #define SIZEOF_INT 4
| #define SIZEOF_LONG_LONG 8
| #define SIZEOF_FLOAT 4
| #define SIZEOF_DOUBLE 8
| /* end confdefs.h.  */
| #include <repcdce.h>
configure:17611: result: no
configure:17611: checking for repcdce.h
configure:17611: result: no
configure:17623: checking signal.h usability
configure:17623: g++ -c -g -O2  conftest.cpp >&5
configure:17623: $? = 0
configure:17623: result: yes
configure:17623: checking signal.h presence
configure:17623: g++ -E  conftest.cpp
configure:17623: $? = 0
configure:17623: result: yes
configure:17623: checking for signal.h
configure:17623: result: yes
configure:17635: checking for string.h
configure:17635: result: yes
configure:17647: checking sched.h usability
configure:17647: g++ -c -g -O2  conftest.cpp >&5
configure:17647: $? = 0
configure:17647: result: yes
configure:17647: checking sched.h presence
configure:17647: g++ -E  conftest.cpp
configure:17647: $? = 0
configure:17647: result: yes
configure:17647: checking for sched.h
configure:17647: result: yes
configure:17659: checking time.h usability
configure:17659: g++ -c -g -O2  conftest.cpp >&5
configure:17659: $? = 0
configure:17659: result: yes
configure:17659: checking time.h presence
configure:17659: g++ -E  conftest.cpp
configure:17659: $? = 0
configure:17659: result: yes
configure:17659: checking for time.h
configure:17659: result: yes
configure:17671: checking limits.h usability
configure:17671: g++ -c -g -O2  conftest.cpp >&5
configure:17671: $? = 0
configure:17671: result: yes
configure:17671: checking limits.h presence
configure:17671: g++ -E  conftest.cpp
configure:17671: $? = 0
configure:17671: result: yes
configure:17671: checking for limits.h
configure:17671: result: yes
configure:17683: checking sys/filio.h usability
configure:17683: g++ -c -g -O2  conftest.cpp >&5
conftest.cpp:74:10: fatal error: sys/filio.h: No such file or directory
   74 | #include <sys/filio.h>
      |          ^~~~~~~~~~~~~
compilation terminated.
configure:17683: $? = 1
configure: failed program was:
| /* confdefs.h */
| #define PACKAGE_NAME "activemq-cpp"
| #define PACKAGE_TARNAME "activemq-cpp"
| #define PACKAGE_VERSION "3.5.0"
| #define PACKAGE_STRING "activemq-cpp 3.5.0"
| #define PACKAGE_BUGREPORT "dev@activemq.apache.org"
| #define PACKAGE_URL ""
| #define PACKAGE "activemq-cpp"
| #define VERSION "3.5.0"
| #define STDC_HEADERS 1
| #define HAVE_SYS_TYPES_H 1
| #define HAVE_SYS_STAT_H 1
| #define HAVE_STDLIB_H 1
| #define HAVE_STRING_H 1
| #define HAVE_MEMORY_H 1
| #define HAVE_STRINGS_H 1
| #define HAVE_INTTYPES_H 1
| #define HAVE_STDINT_H 1
| #define HAVE_UNISTD_H 1
| #define HAVE_DLFCN_H 1
| #define LT_OBJDIR ".libs/"
| #define HAVE_VPRINTF 1
| #define STDC_HEADERS 1
| #define HAVE_WCHAR_T 1
| #define SIZEOF_SHORT 2
| #define SIZEOF_INT 4
| #define SIZEOF_LONG 8
| #define SIZEOF_WCHAR_T 4
| #define SIZEOF_CHAR 1
| #define SIZEOF_SHORT 2
| #define SIZEOF_INT 4
| #define SIZEOF_LONG_LONG 8
| #define SIZEOF_FLOAT 4
| #define SIZEOF_DOUBLE 8
| #define HAVE_SIGNAL_H 1
| #define HAVE_STRING_H 1
| #define HAVE_SCHED_H 1
| #define HAVE_TIME_H 1
| #define HAVE_LIMITS_H 1
| /* end confdefs.h.  */
| #include <stdio.h>
| #ifdef HAVE_SYS_TYPES_H
| # include <sys/types.h>
| #endif
| #ifdef HAVE_SYS_STAT_H
| # include <sys/stat.h>
| #endif
| #ifdef STDC_HEADERS
| # include <stdlib.h>
| # include <stddef.h>
| #else
| # ifdef HAVE_STDLIB_H
| #  include <stdlib.h>
| # endif
| #endif
| #ifdef HAVE_STRING_H
| # if !defined STDC_HEADERS && defined HAVE_MEMORY_H
| #  include <memory.h>
| # endif
| # include <string.h>
| #endif
| #ifdef HAVE_STRINGS_H
| # include <strings.h>
| #endif
| #ifdef HAVE_INTTYPES_H
| # include <inttypes.h>
| #endif
| #ifdef HAVE_STDINT_H
| # include <stdint.h>
| #endif
| #ifdef HAVE_UNISTD_H
| # include <unistd.h>
| #endif
| #include <sys/filio.h>
configure:17683: result: no
configure:17683: checking sys/filio.h presence
configure:17683: g++ -E  conftest.cpp
conftest.cpp:41:10: fatal error: sys/filio.h: No such file or directory
   41 | #include <sys/filio.h>
      |          ^~~~~~~~~~~~~
compilation terminated.
configure:17683: $? = 1
configure: failed program was:
| /* confdefs.h */
| #define PACKAGE_NAME "activemq-cpp"
| #define PACKAGE_TARNAME "activemq-cpp"
| #define PACKAGE_VERSION "3.5.0"
| #define PACKAGE_STRING "activemq-cpp 3.5.0"
| #define PACKAGE_BUGREPORT "dev@activemq.apache.org"
| #define PACKAGE_URL ""
| #define PACKAGE "activemq-cpp"
| #define VERSION "3.5.0"
| #define STDC_HEADERS 1
| #define HAVE_SYS_TYPES_H 1
| #define HAVE_SYS_STAT_H 1
| #define HAVE_STDLIB_H 1
| #define HAVE_STRING_H 1
| #define HAVE_MEMORY_H 1
| #define HAVE_STRINGS_H 1
| #define HAVE_INTTYPES_H 1
| #define HAVE_STDINT_H 1
| #define HAVE_UNISTD_H 1
| #define HAVE_DLFCN_H 1
| #define LT_OBJDIR ".libs/"
| #define HAVE_VPRINTF 1
| #define STDC_HEADERS 1
| #define HAVE_WCHAR_T 1
| #define SIZEOF_SHORT 2
| #define SIZEOF_INT 4
| #define SIZEOF_LONG 8
| #define SIZEOF_WCHAR_T 4
| #define SIZEOF_CHAR 1
| #define SIZEOF_SHORT 2
| #define SIZEOF_INT 4
| #define SIZEOF_LONG_LONG 8
| #define SIZEOF_FLOAT 4
| #define SIZEOF_DOUBLE 8
| #define HAVE_SIGNAL_H 1
| #define HAVE_STRING_H 1
| #define HAVE_SCHED_H 1
| #define HAVE_TIME_H 1
| #define HAVE_LIMITS_H 1
| /* end confdefs.h.  */
| #include <sys/filio.h>
configure:17683: result: no
configure:17683: checking for sys/filio.h
configure:17683: result: no
configure:17695: checking sys/ioctl.h usability
configure:17695: g++ -c -g -O2  conftest.cpp >&5
configure:17695: $? = 0
configure:17695: result: yes
configure:17695: checking sys/ioctl.h presence
configure:17695: g++ -E  conftest.cpp
configure:17695: $? = 0
configure:17695: result: yes
configure:17695: checking for sys/ioctl.h
configure:17695: result: yes
configure:17707: checking sys/select.h usability
configure:17707: g++ -c -g -O2  conftest.cpp >&5
configure:17707: $? = 0
configure:17707: result: yes
configure:17707: checking sys/select.h presence
configure:17707: g++ -E  conftest.cpp
configure:17707: $? = 0
configure:17707: result: yes
configure:17707: checking for sys/select.h
configure:17707: result: yes
configure:17719: checking sys/time.h usability
configure:17719: g++ -c -g -O2  conftest.cpp >&5
configure:17719: $? = 0
configure:17719: result: yes
configure:17719: checking sys/time.h presence
configure:17719: g++ -E  conftest.cpp
configure:17719: $? = 0
configure:17719: result: yes
configure:17719: checking for sys/time.h
configure:17719: result: yes
configure:17731: checking sys/timeb.h usability
configure:17731: g++ -c -g -O2  conftest.cpp >&5
configure:17731: $? = 0
configure:17731: result: yes
configure:17731: checking sys/timeb.h presence
configure:17731: g++ -E  conftest.cpp
configure:17731: $? = 0
configure:17731: result: yes
configure:17731: checking for sys/timeb.h
configure:17731: result: yes
configure:17743: checking sys/wait.h usability
configure:17743: g++ -c -g -O2  conftest.cpp >&5
configure:17743: $? = 0
configure:17743: result: yes
configure:17743: checking sys/wait.h presence
configure:17743: g++ -E  conftest.cpp
configure:17743: $? = 0
configure:17743: result: yes
configure:17743: checking for sys/wait.h
configure:17743: result: yes
configure:17755: checking for sys/types.h
configure:17755: result: yes
configure:17767: checking sys/sysctl.h usability
configure:17767: g++ -c -g -O2  conftest.cpp >&5
conftest.cpp:80:10: fatal error: sys/sysctl.h: No such file or directory
   80 | #include <sys/sysctl.h>
      |          ^~~~~~~~~~~~~~
compilation terminated.
configure:17767: $? = 1
configure: failed program was:
| /* confdefs.h */
| #define PACKAGE_NAME "activemq-cpp"
| #define PACKAGE_TARNAME "activemq-cpp"
| #define PACKAGE_VERSION "3.5.0"
| #define PACKAGE_STRING "activemq-cpp 3.5.0"
| #define PACKAGE_BUGREPORT "dev@activemq.apache.org"
| #define PACKAGE_URL ""
| #define PACKAGE "activemq-cpp"
| #define VERSION "3.5.0"
| #define STDC_HEADERS 1
| #define HAVE_SYS_TYPES_H 1
| #define HAVE_SYS_STAT_H 1
| #define HAVE_STDLIB_H 1
| #define HAVE_STRING_H 1
| #define HAVE_MEMORY_H 1
| #define HAVE_STRINGS_H 1
| #define HAVE_INTTYPES_H 1
| #define HAVE_STDINT_H 1
| #define HAVE_UNISTD_H 1
| #define HAVE_DLFCN_H 1
| #define LT_OBJDIR ".libs/"
| #define HAVE_VPRINTF 1
| #define STDC_HEADERS 1
| #define HAVE_WCHAR_T 1
| #define SIZEOF_SHORT 2
| #define SIZEOF_INT 4
| #define SIZEOF_LONG 8
| #define SIZEOF_WCHAR_T 4
| #define SIZEOF_CHAR 1
| #define SIZEOF_SHORT 2
| #define SIZEOF_INT 4
| #define SIZEOF_LONG_LONG 8
| #define SIZEOF_FLOAT 4
| #define SIZEOF_DOUBLE 8
| #define HAVE_SIGNAL_H 1
| #define HAVE_STRING_H 1
| #define HAVE_SCHED_H 1
| #define HAVE_TIME_H 1
| #define HAVE_LIMITS_H 1
| #define HAVE_SYS_IOCTL_H 1
| #define HAVE_SYS_SELECT_H 1
| #define HAVE_SYS_TIME_H 1
| #define HAVE_SYS_TIMEB_H 1
| #define HAVE_SYS_WAIT_H 1
| #define HAVE_SYS_TYPES_H 1
| /* end confdefs.h.  */
| #include <stdio.h>
| #ifdef HAVE_SYS_TYPES_H
| # include <sys/types.h>
| #endif
| #ifdef HAVE_SYS_STAT_H
| # include <sys/stat.h>
| #endif
| #ifdef STDC_HEADERS
| # include <stdlib.h>
| # include <stddef.h>
| #else
| # ifdef HAVE_STDLIB_H
| #  include <stdlib.h>
| # endif
| #endif
| #ifdef HAVE_STRING_H
| # if !defined STDC_HEADERS && defined HAVE_MEMORY_H
| #  include <memory.h>
| # endif
| # include <string.h>
| #endif
| #ifdef HAVE_STRINGS_H
| # include <strings.h>
| #endif
| #ifdef HAVE_INTTYPES_H
| # include <inttypes.h>
| #endif
| #ifdef HAVE_STDINT_H
| # include <stdint.h>
| #endif
| #ifdef HAVE_UNISTD_H
| # include <unistd.h>
| #endif
| #include <sys/sysctl.h>
configure:17767: result: no
configure:17767: checking sys/sysctl.h presence
configure:17767: g++ -E  conftest.cpp
conftest.cpp:47:10: fatal error: sys/sysctl.h: No such file or directory
   47 | #include <sys/sysctl.h>
      |          ^~~~~~~~~~~~~~
compilation terminated.
configure:17767: $? = 1
configure: failed program was:
| /* confdefs.h */
| #define PACKAGE_NAME "activemq-cpp"
| #define PACKAGE_TARNAME "activemq-cpp"
| #define PACKAGE_VERSION "3.5.0"
| #define PACKAGE_STRING "activemq-cpp 3.5.0"
| #define PACKAGE_BUGREPORT "dev@activemq.apache.org"
| #define PACKAGE_URL ""
| #define PACKAGE "activemq-cpp"
| #define VERSION "3.5.0"
| #define STDC_HEADERS 1
| #define HAVE_SYS_TYPES_H 1
| #define HAVE_SYS_STAT_H 1
| #define HAVE_STDLIB_H 1
| #define HAVE_STRING_H 1
| #define HAVE_MEMORY_H 1
| #define HAVE_STRINGS_H 1
| #define HAVE_INTTYPES_H 1
| #define HAVE_STDINT_H 1
| #define HAVE_UNISTD_H 1
| #define HAVE_DLFCN_H 1
| #define LT_OBJDIR ".libs/"
| #define HAVE_VPRINTF 1
| #define STDC_HEADERS 1
| #define HAVE_WCHAR_T 1
| #define SIZEOF_SHORT 2
| #define SIZEOF_INT 4
| #define SIZEOF_LONG 8
| #define SIZEOF_WCHAR_T 4
| #define SIZEOF_CHAR 1
| #define SIZEOF_SHORT 2
| #define SIZEOF_INT 4
| #define SIZEOF_LONG_LONG 8
| #define SIZEOF_FLOAT 4
| #define SIZEOF_DOUBLE 8
| #define HAVE_SIGNAL_H 1
| #define HAVE_STRING_H 1
| #define HAVE_SCHED_H 1
| #define HAVE_TIME_H 1
| #define HAVE_LIMITS_H 1
| #define HAVE_SYS_IOCTL_H 1
| #define HAVE_SYS_SELECT_H 1
| #define HAVE_SYS_TIME_H 1
| #define HAVE_SYS_TIMEB_H 1
| #define HAVE_SYS_WAIT_H 1
| #define HAVE_SYS_TYPES_H 1
| /* end confdefs.h.  */
| #include <sys/sysctl.h>
configure:17767: result: no
configure:17767: checking for sys/sysctl.h
configure:17767: result: no
configure:17779: checking sys/resource.h usability
configure:17779: g++ -c -g -O2  conftest.cpp >&5
configure:17779: $? = 0
configure:17779: result: yes
configure:17779: checking sys/resource.h presence
configure:17779: g++ -E  conftest.cpp
configure:17779: $? = 0
configure:17779: result: yes
configure:17779: checking for sys/resource.h
configure:17779: result: yes
configure:17791: checking pthread.h usability
configure:17791: g++ -c -g -O2  conftest.cpp >&5
configure:17791: $? = 0
configure:17791: result: yes
configure:17791: checking pthread.h presence
configure:17791: g++ -E  conftest.cpp
configure:17791: $? = 0
configure:17791: result: yes
configure:17791: checking for pthread.h
configure:17791: result: yes
configure:17803: checking errno.h usability
configure:17803: g++ -c -g -O2  conftest.cpp >&5
configure:17803: $? = 0
configure:17803: result: yes
configure:17803: checking errno.h presence
configure:17803: g++ -E  conftest.cpp
configure:17803: $? = 0
configure:17803: result: yes
configure:17803: checking for errno.h
configure:17803: result: yes
configure:17815: checking semaphore.h usability
configure:17815: g++ -c -g -O2  conftest.cpp >&5
configure:17815: $? = 0
configure:17815: result: yes
configure:17815: checking semaphore.h presence
configure:17815: g++ -E  conftest.cpp
configure:17815: $? = 0
configure:17815: result: yes
configure:17815: checking for semaphore.h
configure:17815: result: yes
configure:17829: checking for ioctl
configure:17829: g++ -o conftest -g -O2   conftest.cpp  >&5
configure:17829: $? = 0
configure:17829: result: yes
configure:17829: checking for select
configure:17829: g++ -o conftest -g -O2   conftest.cpp  >&5
configure:17829: $? = 0
configure:17829: result: yes
configure:17829: checking for gettimeofday
configure:17829: g++ -o conftest -g -O2   conftest.cpp  >&5
configure:17829: $? = 0
configure:17829: result: yes
configure:17829: checking for time
configure:17829: g++ -o conftest -g -O2   conftest.cpp  >&5
configure:17829: $? = 0
configure:17829: result: yes
configure:17829: checking for ftime
configure:17829: g++ -o conftest -g -O2   conftest.cpp  >&5
configure:17829: $? = 0
configure:17829: result: yes
configure:17829: checking for random
configure:17829: g++ -o conftest -g -O2   conftest.cpp  >&5
configure:17829: $? = 0
configure:17829: result: yes
configure:17829: checking for srandom
configure:17829: g++ -o conftest -g -O2   conftest.cpp  >&5
configure:17829: $? = 0
configure:17829: result: yes
configure:17873: checking for cppunit-config
configure:17904: result: no
configure:17914: checking for Cppunit - version >= 1.10.2
configure:17918: result: no
configure:17975: result: no. Unit and Integration tests disabled
configure:18013: checking for pthread_create in -lpthread
configure:18038: g++ -o conftest -g -O2   conftest.cpp -lpthread   >&5
configure:18038: $? = 0
configure:18047: result: yes
configure:18062: checking for pthread.h
configure:18062: result: yes
configure:18094: checking for CFXXLAGS needed for pthreads
configure:18128: g++ -o conftest -g -O2   conftest.cpp  >&5
configure:18128: $? = 0
configure:18128: ./conftest
configure:18128: $? = 0
configure:18150: result: none
configure:18186: checking for LIBS needed for pthreads
configure:18219: g++ -o conftest -g -O2   conftest.cpp  -lpthread >&5
configure:18219: $? = 0
configure:18219: ./conftest
configure:18219: $? = 0
configure:18241: result: -lpthread
configure:18279: checking whether pthread_getspecific takes two arguments
configure:18302: g++ -c -g -O2  conftest.cpp >&5
conftest.cpp: In function 'int main()':
conftest.cpp:68:32: error: too many arguments to function 'void* pthread_getspecific(pthread_key_t)'
   68 |             pthread_getspecific(key,&tmp);
      |             ~~~~~~~~~~~~~~~~~~~^~~~~~~~~~
In file included from conftest.cpp:60:
/usr/include/pthread.h:1305:14: note: declared here
 1305 | extern void *pthread_getspecific (pthread_key_t __key) __THROW;
      |              ^~~~~~~~~~~~~~~~~~~
configure:18302: $? = 1
configure: failed program was:
| /* confdefs.h */
| #define PACKAGE_NAME "activemq-cpp"
| #define PACKAGE_TARNAME "activemq-cpp"
| #define PACKAGE_VERSION "3.5.0"
| #define PACKAGE_STRING "activemq-cpp 3.5.0"
| #define PACKAGE_BUGREPORT "dev@activemq.apache.org"
| #define PACKAGE_URL ""
| #define PACKAGE "activemq-cpp"
| #define VERSION "3.5.0"
| #define STDC_HEADERS 1
| #define HAVE_SYS_TYPES_H 1
| #define HAVE_SYS_STAT_H 1
| #define HAVE_STDLIB_H 1
| #define HAVE_STRING_H 1
| #define HAVE_MEMORY_H 1
| #define HAVE_STRINGS_H 1
| #define HAVE_INTTYPES_H 1
| #define HAVE_STDINT_H 1
| #define HAVE_UNISTD_H 1
| #define HAVE_DLFCN_H 1
| #define LT_OBJDIR ".libs/"
| #define HAVE_VPRINTF 1
| #define STDC_HEADERS 1
| #define HAVE_WCHAR_T 1
| #define SIZEOF_SHORT 2
| #define SIZEOF_INT 4
| #define SIZEOF_LONG 8
| #define SIZEOF_WCHAR_T 4
| #define SIZEOF_CHAR 1
| #define SIZEOF_SHORT 2
| #define SIZEOF_INT 4
| #define SIZEOF_LONG_LONG 8
| #define SIZEOF_FLOAT 4
| #define SIZEOF_DOUBLE 8
| #define HAVE_SIGNAL_H 1
| #define HAVE_STRING_H 1
| #define HAVE_SCHED_H 1
| #define HAVE_TIME_H 1
| #define HAVE_LIMITS_H 1
| #define HAVE_SYS_IOCTL_H 1
| #define HAVE_SYS_SELECT_H 1
| #define HAVE_SYS_TIME_H 1
| #define HAVE_SYS_TIMEB_H 1
| #define HAVE_SYS_WAIT_H 1
| #define HAVE_SYS_TYPES_H 1
| #define HAVE_SYS_RESOURCE_H 1
| #define HAVE_PTHREAD_H 1
| #define HAVE_ERRNO_H 1
| #define HAVE_SEMAPHORE_H 1
| #define HAVE_IOCTL 1
| #define HAVE_SELECT 1
| #define HAVE_GETTIMEOFDAY 1
| #define HAVE_TIME 1
| #define HAVE_FTIME 1
| #define HAVE_RANDOM 1
| #define HAVE_SRANDOM 1
| #define HAVE_PTHREAD_H 1
| /* end confdefs.h.  */
| 
|             #include <pthread.h>
| 
| int
| main ()
| {
| 
|             pthread_key_t key;
|             void *tmp;
|             pthread_getspecific(key,&tmp);
| 
|   ;
|   return 0;
| }
configure:18314: result: no
configure:18324: checking whether pthread_attr_getdetachstate takes one argument
configure:18346: g++ -c -g -O2  conftest.cpp >&5
conftest.cpp: In function 'int main()':
conftest.cpp:67:40: error: too few arguments to function 'int pthread_attr_getdetachstate(const pthread_attr_t*, int*)'
   67 |             pthread_attr_getdetachstate(attr);
      |             ~~~~~~~~~~~~~~~~~~~~~~~~~~~^~~~~~
In file included from conftest.cpp:60:
/usr/include/pthread.h:292:12: note: declared here
  292 | extern int pthread_attr_getdetachstate (const pthread_attr_t *__attr,
      |            ^~~~~~~~~~~~~~~~~~~~~~~~~~~
configure:18346: $? = 1
configure: failed program was:
| /* confdefs.h */
| #define PACKAGE_NAME "activemq-cpp"
| #define PACKAGE_TARNAME "activemq-cpp"
| #define PACKAGE_VERSION "3.5.0"
| #define PACKAGE_STRING "activemq-cpp 3.5.0"
| #define PACKAGE_BUGREPORT "dev@activemq.apache.org"
| #define PACKAGE_URL ""
| #define PACKAGE "activemq-cpp"
| #define VERSION "3.5.0"
| #define STDC_HEADERS 1
| #define HAVE_SYS_TYPES_H 1
| #define HAVE_SYS_STAT_H 1
| #define HAVE_STDLIB_H 1
| #define HAVE_STRING_H 1
| #define HAVE_MEMORY_H 1
| #define HAVE_STRINGS_H 1
| #define HAVE_INTTYPES_H 1
| #define HAVE_STDINT_H 1
| #define HAVE_UNISTD_H 1
| #define HAVE_DLFCN_H 1
| #define LT_OBJDIR ".libs/"
| #define HAVE_VPRINTF 1
| #define STDC_HEADERS 1
| #define HAVE_WCHAR_T 1
| #define SIZEOF_SHORT 2
| #define SIZEOF_INT 4
| #define SIZEOF_LONG 8
| #define SIZEOF_WCHAR_T 4
| #define SIZEOF_CHAR 1
| #define SIZEOF_SHORT 2
| #define SIZEOF_INT 4
| #define SIZEOF_LONG_LONG 8
| #define SIZEOF_FLOAT 4
| #define SIZEOF_DOUBLE 8
| #define HAVE_SIGNAL_H 1
| #define HAVE_STRING_H 1
| #define HAVE_SCHED_H 1
| #define HAVE_TIME_H 1
| #define HAVE_LIMITS_H 1
| #define HAVE_SYS_IOCTL_H 1
| #define HAVE_SYS_SELECT_H 1
| #define HAVE_SYS_TIME_H 1
| #define HAVE_SYS_TIMEB_H 1
| #define HAVE_SYS_WAIT_H 1
| #define HAVE_SYS_TYPES_H 1
| #define HAVE_SYS_RESOURCE_H 1
| #define HAVE_PTHREAD_H 1
| #define HAVE_ERRNO_H 1
| #define HAVE_SEMAPHORE_H 1
| #define HAVE_IOCTL 1
| #define HAVE_SELECT 1
| #define HAVE_GETTIMEOFDAY 1
| #define HAVE_TIME 1
| #define HAVE_FTIME 1
| #define HAVE_RANDOM 1
| #define HAVE_SRANDOM 1
| #define HAVE_PTHREAD_H 1
| /* end confdefs.h.  */
| 
|             #include <pthread.h>
| 
| int
| main ()
| {
| 
|             pthread_attr_t *attr;
|             pthread_attr_getdetachstate(attr);
| 
|   ;
|   return 0;
| }
configure:18358: result: no
configure:18368: checking whether sigwait takes one argument
configure:18398: g++ -c -g -O2  conftest.cpp >&5
conftest.cpp: In function 'int main()':
conftest.cpp:75:24: error: too few arguments to function 'int sigwait(const sigset_t*, int*)'
   75 |                 sigwait(&set);
      |                 ~~~~~~~^~~~~~
In file included from conftest.cpp:68:
/usr/include/signal.h:255:12: note: declared here
  255 | extern int sigwait (const sigset_t *__restrict __set, int *__restrict __sig)
      |            ^~~~~~~
configure:18398: $? = 1
configure: failed program was:
| /* confdefs.h */
| #define PACKAGE_NAME "activemq-cpp"
| #define PACKAGE_TARNAME "activemq-cpp"
| #define PACKAGE_VERSION "3.5.0"
| #define PACKAGE_STRING "activemq-cpp 3.5.0"
| #define PACKAGE_BUGREPORT "dev@activemq.apache.org"
| #define PACKAGE_URL ""
| #define PACKAGE "activemq-cpp"
| #define VERSION "3.5.0"
| #define STDC_HEADERS 1
| #define HAVE_SYS_TYPES_H 1
| #define HAVE_SYS_STAT_H 1
| #define HAVE_STDLIB_H 1
| #define HAVE_STRING_H 1
| #define HAVE_MEMORY_H 1
| #define HAVE_STRINGS_H 1
| #define HAVE_INTTYPES_H 1
| #define HAVE_STDINT_H 1
| #define HAVE_UNISTD_H 1
| #define HAVE_DLFCN_H 1
| #define LT_OBJDIR ".libs/"
| #define HAVE_VPRINTF 1
| #define STDC_HEADERS 1
| #define HAVE_WCHAR_T 1
| #define SIZEOF_SHORT 2
| #define SIZEOF_INT 4
| #define SIZEOF_LONG 8
| #define SIZEOF_WCHAR_T 4
| #define SIZEOF_CHAR 1
| #define SIZEOF_SHORT 2
| #define SIZEOF_INT 4
| #define SIZEOF_LONG_LONG 8
| #define SIZEOF_FLOAT 4
| #define SIZEOF_DOUBLE 8
| #define HAVE_SIGNAL_H 1
| #define HAVE_STRING_H 1
| #define HAVE_SCHED_H 1
| #define HAVE_TIME_H 1
| #define HAVE_LIMITS_H 1
| #define HAVE_SYS_IOCTL_H 1
| #define HAVE_SYS_SELECT_H 1
| #define HAVE_SYS_TIME_H 1
| #define HAVE_SYS_TIMEB_H 1
| #define HAVE_SYS_WAIT_H 1
| #define HAVE_SYS_TYPES_H 1
| #define HAVE_SYS_RESOURCE_H 1
| #define HAVE_PTHREAD_H 1
| #define HAVE_ERRNO_H 1
| #define HAVE_SEMAPHORE_H 1
| #define HAVE_IOCTL 1
| #define HAVE_SELECT 1
| #define HAVE_GETTIMEOFDAY 1
| #define HAVE_TIME 1
| #define HAVE_FTIME 1
| #define HAVE_RANDOM 1
| #define HAVE_SRANDOM 1
| #define HAVE_PTHREAD_H 1
| /* end confdefs.h.  */
| 
|                 #if defined(__NETBSD__) || defined(DARWIN)
|                     /* When using the unproven-pthreads package, we need to pull in this
|                      * header to get a prototype for sigwait().  Else things will fail later
|                      * on.  XXX Should probably be fixed in the unproven-pthreads package.
|                      * Darwin is declaring sigwait() in the wrong place as well.
|                      */
|                     #include <pthread.h>
|                 #endif
|                 #include <signal.h>
| 
| int
| main ()
| {
| 
|                 sigset_t set;
|                 sigwait(&set);
| 
|   ;
|   return 0;
| }
configure:18407: result: no
configure:18417: checking for recursive mutex support
configure:18444: g++ -o conftest -g -O2   conftest.cpp -lpthread  >&5
configure:18444: $? = 0
configure:18444: ./conftest
configure:18444: $? = 0
configure:18455: result: yes
configure:18469: checking for pthread_key_delete
configure:18469: g++ -o conftest -g -O2   conftest.cpp -lpthread  >&5
configure:18469: $? = 0
configure:18469: result: yes
configure:18469: checking for pthread_rwlock_init
configure:18469: g++ -o conftest -g -O2   conftest.cpp -lpthread  >&5
configure:18469: $? = 0
configure:18469: result: yes
configure:18469: checking for pthread_attr_setguardsize
configure:18469: g++ -o conftest -g -O2   conftest.cpp -lpthread  >&5
configure:18469: $? = 0
configure:18469: result: yes
configure:18469: checking for pthread_yield
configure:18469: g++ -o conftest -g -O2   conftest.cpp -lpthread  >&5
/usr/bin/ld: /tmp/cclDln1w.o: in function `main':
/projects/cmsclient/activemq-cpp/conftest.cpp:97: undefined reference to `pthread_yield'
collect2: error: ld returned 1 exit status
configure:18469: $? = 1
configure: failed program was:
| /* confdefs.h */
| #define PACKAGE_NAME "activemq-cpp"
| #define PACKAGE_TARNAME "activemq-cpp"
| #define PACKAGE_VERSION "3.5.0"
| #define PACKAGE_STRING "activemq-cpp 3.5.0"
| #define PACKAGE_BUGREPORT "dev@activemq.apache.org"
| #define PACKAGE_URL ""
| #define PACKAGE "activemq-cpp"
| #define VERSION "3.5.0"
| #define STDC_HEADERS 1
| #define HAVE_SYS_TYPES_H 1
| #define HAVE_SYS_STAT_H 1
| #define HAVE_STDLIB_H 1
| #define HAVE_STRING_H 1
| #define HAVE_MEMORY_H 1
| #define HAVE_STRINGS_H 1
| #define HAVE_INTTYPES_H 1
| #define HAVE_STDINT_H 1
| #define HAVE_UNISTD_H 1
| #define HAVE_DLFCN_H 1
| #define LT_OBJDIR ".libs/"
| #define HAVE_VPRINTF 1
| #define STDC_HEADERS 1
| #define HAVE_WCHAR_T 1
| #define SIZEOF_SHORT 2
| #define SIZEOF_INT 4
| #define SIZEOF_LONG 8
| #define SIZEOF_WCHAR_T 4
| #define SIZEOF_CHAR 1
| #define SIZEOF_SHORT 2
| #define SIZEOF_INT 4
| #define SIZEOF_LONG_LONG 8
| #define SIZEOF_FLOAT 4
| #define SIZEOF_DOUBLE 8
| #define HAVE_SIGNAL_H 1
| #define HAVE_STRING_H 1
| #define HAVE_SCHED_H 1
| #define HAVE_TIME_H 1
| #define HAVE_LIMITS_H 1
| #define HAVE_SYS_IOCTL_H 1
| #define HAVE_SYS_SELECT_H 1
| #define HAVE_SYS_TIME_H 1
| #define HAVE_SYS_TIMEB_H 1
| #define HAVE_SYS_WAIT_H 1
| #define HAVE_SYS_TYPES_H 1
| #define HAVE_SYS_RESOURCE_H 1
| #define HAVE_PTHREAD_H 1
| #define HAVE_ERRNO_H 1
| #define HAVE_SEMAPHORE_H 1
| #define HAVE_IOCTL 1
| #define HAVE_SELECT 1
| #define HAVE_GETTIMEOFDAY 1
| #define HAVE_TIME 1
| #define HAVE_FTIME 1
| #define HAVE_RANDOM 1
| #define HAVE_SRANDOM 1
| #define HAVE_PTHREAD_H 1
| #define HAVE_PTHREAD_MUTEX_RECURSIVE 1
| #define HAVE_PTHREAD_KEY_DELETE 1
| #define HAVE_PTHREAD_RWLOCK_INIT 1
| #define HAVE_PTHREAD_ATTR_SETGUARDSIZE 1
| /* end confdefs.h.  */
| /* Define pthread_yield to an innocuous variant, in case <limits.h> declares pthread_yield.
|    For example, HP-UX 11i <limits.h> declares gettimeofday.  */
| #define pthread_yield innocuous_pthread_yield
| 
| /* System header to define __stub macros and hopefully few prototypes,
|     which can conflict with char pthread_yield (); below.
|     Prefer <limits.h> to <assert.h> if __STDC__ is defined, since
|     <limits.h> exists even on freestanding compilers.  */
| 
| #ifdef __STDC__
| # include <limits.h>
| #else
| # include <assert.h>
| #endif
| 
| #undef pthread_yield
| 
| /* Override any GCC internal prototype to avoid an error.
|    Use char because int might match the return type of a GCC
|    builtin and then its argument prototype would still apply.  */
| #ifdef __cplusplus
| extern "C"
| #endif
| char pthread_yield ();
| /* The GNU C library defines this for functions which it implements
|     to always fail with ENOSYS.  Some functions are actually named
|     something starting with __ and the normal name is an alias.  */
| #if defined __stub_pthread_yield || defined __stub___pthread_yield
| choke me
| #endif
| 
| int
| main ()
| {
| return pthread_yield ();
|   ;
|   return 0;
| }
configure:18469: result: no
configure:18480: checking for pthread_rwlock_t
configure:18501: g++ -c -g -O2  conftest.cpp >&5
configure:18501: $? = 0
configure:18509: result: yes
configure:18521: checking for sched.h
configure:18521: result: yes
configure:18533: checking for sched_yield
configure:18533: g++ -o conftest -g -O2   conftest.cpp -lpthread  >&5
configure:18533: $? = 0
configure:18533: result: yes
configure:18547: checking for pthread_tryjoin_np
configure:18547: g++ -o conftest -g -O2   conftest.cpp -lpthread  >&5
configure:18547: $? = 0
configure:18547: result: yes
configure:18547: checking for pthread_timedjoin_np
configure:18547: g++ -o conftest -g -O2   conftest.cpp -lpthread  >&5
configure:18547: $? = 0
configure:18547: result: yes
configure:18566: checking whether the compiler provides atomic builtins
configure:18613: g++ -o conftest -g -O2   conftest.cpp -lpthread  >&5
configure:18613: $? = 0
configure:18613: ./conftest
configure:18613: $? = 0
configure:18623: result: yes
configure:18694: Apache Portable Runtime (APR) library configuration
configure:18721: checking for APR
configure:18800: result: yes
configure:18828: checking for APR-util
configure:18907: result: no
configure:18924: WARNING: APR Utils not found
configure:18931: error: no suitable APR Utils found

## ---------------- ##
## Cache variables. ##
## ---------------- ##

ac_cv_build=x86_64-pc-linux-gnu
ac_cv_c_bigendian=no
ac_cv_c_compiler_gnu=yes
ac_cv_c_const=yes
ac_cv_cxx_compiler_gnu=yes
ac_cv_env_CCC_set=
ac_cv_env_CCC_value=
ac_cv_env_CC_set=
ac_cv_env_CC_value=
ac_cv_env_CFLAGS_set=
ac_cv_env_CFLAGS_value=
ac_cv_env_CPPFLAGS_set=
ac_cv_env_CPPFLAGS_value=
ac_cv_env_CPP_set=
ac_cv_env_CPP_value=
ac_cv_env_CXXCPP_set=
ac_cv_env_CXXCPP_value=
ac_cv_env_CXXFLAGS_set=
ac_cv_env_CXXFLAGS_value=
ac_cv_env_CXX_set=
ac_cv_env_CXX_value=
ac_cv_env_DOXYGEN_PAPER_SIZE_set=
ac_cv_env_DOXYGEN_PAPER_SIZE_value=
ac_cv_env_LDFLAGS_set=
ac_cv_env_LDFLAGS_value=
ac_cv_env_LIBS_set=
ac_cv_env_LIBS_value=
ac_cv_env_LT_SYS_LIBRARY_PATH_set=
ac_cv_env_LT_SYS_LIBRARY_PATH_value=
ac_cv_env_build_alias_set=
ac_cv_env_build_alias_value=
ac_cv_env_host_alias_set=
ac_cv_env_host_alias_value=
ac_cv_env_target_alias_set=
ac_cv_env_target_alias_value=
ac_cv_func__doprnt=no
ac_cv_func_ftime=yes
ac_cv_func_gettimeofday=yes
ac_cv_func_ioctl=yes
ac_cv_func_memcmp_working=yes
ac_cv_func_pthread_attr_setguardsize=yes
ac_cv_func_pthread_key_delete=yes
ac_cv_func_pthread_rwlock_init=yes
ac_cv_func_pthread_timedjoin_np=yes
ac_cv_func_pthread_tryjoin_np=yes
ac_cv_func_pthread_yield=no
ac_cv_func_random=yes
ac_cv_func_sched_yield=yes
ac_cv_func_select=yes
ac_cv_func_srandom=yes
ac_cv_func_time=yes
ac_cv_func_vprintf=yes
ac_cv_header_dlfcn_h=yes
ac_cv_header_errno_h=yes
ac_cv_header_inttypes_h=yes
ac_cv_header_limits_h=yes
ac_cv_header_memory_h=yes
ac_cv_header_objbase_h=no
ac_cv_header_pthread_h=yes
ac_cv_header_repcdce_h=no
ac_cv_header_sched_h=yes
ac_cv_header_semaphore_h=yes
ac_cv_header_signal_h=yes
ac_cv_header_stdc=yes
ac_cv_header_stdint_h=yes
ac_cv_header_stdlib_h=yes
ac_cv_header_string_h=yes
ac_cv_header_strings_h=yes
ac_cv_header_sys_filio_h=no
ac_cv_header_sys_ioctl_h=yes
ac_cv_header_sys_resource_h=yes
ac_cv_header_sys_select_h=yes
ac_cv_header_sys_stat_h=yes
ac_cv_header_sys_sysctl_h=no
ac_cv_header_sys_time_h=yes
ac_cv_header_sys_timeb_h=yes
ac_cv_header_sys_types_h=yes
ac_cv_header_sys_wait_h=yes
ac_cv_header_time_h=yes
ac_cv_header_unistd_h=yes
ac_cv_host=x86_64-pc-linux-gnu
ac_cv_lib_pthread_pthread_create=yes
ac_cv_mutex_recursive=yes
ac_cv_objext=o
ac_cv_path_CPPUNIT_CONFIG=no
ac_cv_path_EGREP='/usr/bin/grep -E'
ac_cv_path_FGREP='/usr/bin/grep -F'
ac_cv_path_GREP=/usr/bin/grep
ac_cv_path_SED=/usr/bin/sed
ac_cv_path_install='/usr/bin/install -c'
ac_cv_path_lt_DD=/usr/bin/dd
ac_cv_path_mkdir=/usr/bin/mkdir
ac_cv_prog_AWK=gawk
ac_cv_prog_CPP='gcc -E'
ac_cv_prog_CXXCPP='g++ -E'
ac_cv_prog_ac_ct_AR=ar
ac_cv_prog_ac_ct_CC=gcc
ac_cv_prog_ac_ct_CXX=g++
ac_cv_prog_ac_ct_DLLTOOL=dlltool
ac_cv_prog_ac_ct_MANIFEST_TOOL=mt
ac_cv_prog_ac_ct_OBJDUMP=objdump
ac_cv_prog_ac_ct_RANLIB=ranlib
ac_cv_prog_ac_ct_STRIP=strip
ac_cv_prog_cc_c89=
ac_cv_prog_cc_g=yes
ac_cv_prog_cxx_g=yes
ac_cv_prog_make_make_set=yes
ac_cv_pthread_attr_getdetachstate_one_arg=no
ac_cv_pthread_getspecific_two_args=no
ac_cv_pthreads_cxxflags=none
ac_cv_pthreads_libs=-lpthread
ac_cv_sigwait_one_arg=no
ac_cv_sizeof_char=1
ac_cv_sizeof_double=8
ac_cv_sizeof_float=4
ac_cv_sizeof_int=4
ac_cv_sizeof_long=8
ac_cv_sizeof_long_long=8
ac_cv_sizeof_short=2
ac_cv_sizeof_wchar_t=4
ac_cv_type_rwlock_t=yes
ac_cv_type_size_t=yes
ac_cv_type_wchar_t=yes
am_cv_CC_dependencies_compiler_type=gcc3
am_cv_CXX_dependencies_compiler_type=gcc3
am_cv_make_support_nested_variables=yes
am_cv_prog_cc_c_o=yes
ap_cv_atomic_builtins=yes
lt_cv_ar_at_file=@
lt_cv_archive_cmds_need_lc=no
lt_cv_deplibs_check_method=pass_all
lt_cv_file_magic_cmd='$MAGIC_CMD'
lt_cv_file_magic_test_file=
lt_cv_ld_reload_flag=-r
lt_cv_nm_interface='BSD nm'
lt_cv_objdir=.libs
lt_cv_path_LD=/usr/bin/ld
lt_cv_path_LDCXX='/usr/bin/ld -m elf_x86_64'
lt_cv_path_NM='/usr/bin/nm -B'
lt_cv_path_mainfest_tool=no
lt_cv_prog_compiler_c_o=yes
lt_cv_prog_compiler_c_o_CXX=yes
lt_cv_prog_compiler_pic='-fPIC -DPIC'
lt_cv_prog_compiler_pic_CXX='-fPIC -DPIC'
lt_cv_prog_compiler_pic_works=yes
lt_cv_prog_compiler_pic_works_CXX=yes
lt_cv_prog_compiler_rtti_exceptions=no
lt_cv_prog_compiler_static_works=yes
lt_cv_prog_compiler_static_works_CXX=yes
lt_cv_prog_gnu_ld=yes
lt_cv_prog_gnu_ldcxx=yes
lt_cv_sharedlib_from_linklib_cmd='printf %s\n'
lt_cv_shlibpath_overrides_runpath=yes
lt_cv_sys_global_symbol_pipe='sed -n -e '\''s/^.*[	 ]\([ABCDGIRSTW][ABCDGIRSTW]*\)[	 ][	 ]*\([_A-Za-z][_A-Za-z0-9]*\)$/\1 \2 \2/p'\'' | sed '\''/ __gnu_lto/d'\'''
lt_cv_sys_global_symbol_to_c_name_address='sed -n -e '\''s/^: \(.*\) .*$/  {"\1", (void *) 0},/p'\'' -e '\''s/^[ABCDGIRSTW][ABCDGIRSTW]* .* \(.*\)$/  {"\1", (void *) \&\1},/p'\'''
lt_cv_sys_global_symbol_to_c_name_address_lib_prefix='sed -n -e '\''s/^: \(.*\) .*$/  {"\1", (void *) 0},/p'\'' -e '\''s/^[ABCDGIRSTW][ABCDGIRSTW]* .* \(lib.*\)$/  {"\1", (void *) \&\1},/p'\'' -e '\''s/^[ABCDGIRSTW][ABCDGIRSTW]* .* \(.*\)$/  {"lib\1", (void *) \&\1},/p'\'''
lt_cv_sys_global_symbol_to_cdecl='sed -n -e '\''s/^T .* \(.*\)$/extern int \1();/p'\'' -e '\''s/^[ABCDGIRSTW][ABCDGIRSTW]* .* \(.*\)$/extern char \1;/p'\'''
lt_cv_sys_global_symbol_to_import=
lt_cv_sys_max_cmd_len=1572864
lt_cv_to_host_file_cmd=func_convert_file_noop
lt_cv_to_tool_file_cmd=func_convert_file_noop
lt_cv_truncate_bin='/usr/bin/dd bs=4096 count=1'

## ----------------- ##
## Output variables. ##
## ----------------- ##

ACLOCAL='${SHELL} '\''/projects/cmsclient/activemq-cpp/config/missing'\'' aclocal-1.16'
ACTIVEMQ_API_VERSION='3.5.0'
ACTIVEMQ_LIBRARY_NAME='activemq-cpp'
ACTIVEMQ_LIBRARY_VERSION='15:0:0'
ACTIVEMQ_MAJOR_VERSION='3'
ACTIVEMQ_MINOR_VERSION='5'
ACTIVEMQ_PATCH_VERSION='0'
ACTIVEMQ_VERSION='3.5.0'
AMDEPBACKSLASH='\'
AMDEP_FALSE='#'
AMDEP_TRUE=''
AMQ_CFLAGS=''
AMQ_CXXFLAGS=''
AMQ_LIBS=''
AMQ_TEST_CXXFLAGS=''
AMQ_TEST_LIBS=''
AMTAR='$${TAR-tar}'
AM_BACKSLASH='\'
AM_DEFAULT_V='$(AM_DEFAULT_VERBOSITY)'
AM_DEFAULT_VERBOSITY='1'
AM_V='$(V)'
APR_CPPFLAGS=''
APR_INCLUDES=''
APR_LDFLAGS=''
APR_LIBS=''
APR_PKGCONFIG=''
APU_INCLUDES=''
APU_LDFLAGS=''
APU_LIBS=''
APU_PKGCONFIG=''
AR='ar'
AS='as'
AUTOCONF='${SHELL} '\''/projects/cmsclient/activemq-cpp/config/missing'\'' autoconf'
AUTOHEADER='${SHELL} '\''/projects/cmsclient/activemq-cpp/config/missing'\'' autoheader'
AUTOMAKE='${SHELL} '\''/projects/cmsclient/activemq-cpp/config/missing'\'' automake-1.16'
AWK='gawk'
BUILD_CPPUNIT_TESTS_FALSE=''
BUILD_CPPUNIT_TESTS_TRUE='#'
CC='gcc'
CCDEPMODE='depmode=gcc3'
CFLAGS='-g -O2'
CMSAPI_MAJOR_VERSION='3'
CMSAPI_MINOR_VERSION='0'
CMSAPI_VERSION='3.0'
CPP='gcc -E'
CPPFLAGS=''
CPPUNIT_CFLAGS=''
CPPUNIT_CONFIG='no'
CPPUNIT_LIBS=''
CSCOPE='cscope'
CTAGS='ctags'
CXX='g++'
CXXCPP='g++ -E'
CXXDEPMODE='depmode=gcc3'
CXXFLAGS='-g -O2'
CYGPATH_W='echo'
DECAF_CFLAGS=''
DECAF_CONFIG_LOCATION='build'
DECAF_CXXFLAGS=''
DECAF_LIBS=''
DECAF_TEST_CXXFLAGS=''
DEFS=''
DEPDIR='.deps'
DLLTOOL='dlltool'
DOXYGEN_PAPER_SIZE=''
DSYMUTIL=''
DUMPBIN=''
DX_COND_chi_FALSE=''
DX_COND_chi_TRUE=''
DX_COND_chm_FALSE=''
DX_COND_chm_TRUE=''
DX_COND_doc_FALSE=''
DX_COND_doc_TRUE=''
DX_COND_dot_FALSE=''
DX_COND_dot_TRUE=''
DX_COND_html_FALSE=''
DX_COND_html_TRUE=''
DX_COND_latex_FALSE=''
DX_COND_latex_TRUE=''
DX_COND_man_FALSE=''
DX_COND_man_TRUE=''
DX_COND_pdf_FALSE=''
DX_COND_pdf_TRUE=''
DX_COND_ps_FALSE=''
DX_COND_ps_TRUE=''
DX_COND_rtf_FALSE=''
DX_COND_rtf_TRUE=''
DX_COND_xml_FALSE=''
DX_COND_xml_TRUE=''
DX_CONFIG=''
DX_DOCDIR=''
DX_DOT=''
DX_DOXYGEN=''
DX_DVIPS=''
DX_EGREP=''
DX_ENV=''
DX_FLAG_chi=''
DX_FLAG_chm=''
DX_FLAG_doc=''
DX_FLAG_dot=''
DX_FLAG_html=''
DX_FLAG_man=''
DX_FLAG_pdf=''
DX_FLAG_ps=''
DX_FLAG_rtf=''
DX_FLAG_xml=''
DX_HHC=''
DX_LATEX=''
DX_MAKEINDEX=''
DX_PDFLATEX=''
DX_PERL=''
DX_PROJECT=''
ECHO_C=''
ECHO_N='-n'
ECHO_T=''
EGREP='/usr/bin/grep -E'
ETAGS='etags'
EXEEXT=''
FGREP='/usr/bin/grep -F'
GREP='/usr/bin/grep'
INSTALL_DATA='${INSTALL} -m 644'
INSTALL_PROGRAM='${INSTALL}'
INSTALL_SCRIPT='${INSTALL}'
INSTALL_STRIP_PROGRAM='$(install_sh) -c -s'
LD='/usr/bin/ld -m elf_x86_64'
LDFLAGS=''
LIBOBJS=''
LIBS='-lpthread '
LIBTOOL='$(SHELL) $(top_builddir)/libtool'
LIBTOOL_DEPS='config/ltmain.sh'
LIPO=''
LN_S='ln -s'
LTLIBOBJS=''
LT_SYS_LIBRARY_PATH=''
MAKEINFO='${SHELL} '\''/projects/cmsclient/activemq-cpp/config/missing'\'' makeinfo'
MANIFEST_TOOL=':'
MKDIR_P='/usr/bin/mkdir -p'
NM='/usr/bin/nm -B'
NMEDIT=''
OBJDUMP='objdump'
OBJEXT='o'
OPENSSL_INCLUDES=''
OPENSSL_LDFLAGS=''
OPENSSL_LIBS=''
OTOOL64=''
OTOOL=''
PACKAGE='activemq-cpp'
PACKAGE_BUGREPORT='dev@activemq.apache.org'
PACKAGE_NAME='activemq-cpp'
PACKAGE_STRING='activemq-cpp 3.5.0'
PACKAGE_TARNAME='activemq-cpp'
PACKAGE_URL=''
PACKAGE_VERSION='3.5.0'
PATH_SEPARATOR=':'
PKG_CONFIG=''
RANLIB='ranlib'
SED='/usr/bin/sed'
SET_MAKE=''
SHELL='/bin/bash'
STRIP='strip'
VERSION='3.5.0'
ac_ct_AR='ar'
ac_ct_CC='gcc'
ac_ct_CXX='g++'
ac_ct_DUMPBIN=''
am__EXEEXT_FALSE=''
am__EXEEXT_TRUE=''
am__fastdepCC_FALSE='#'
am__fastdepCC_TRUE=''
am__fastdepCXX_FALSE='#'
am__fastdepCXX_TRUE=''
am__include='include'
am__isrc=' -I$(srcdir)'
am__leading_dot='.'
am__nodep='_no'
am__quote=''
am__tar='$${TAR-tar} chof - "$$tardir"'
am__untar='$${TAR-tar} xf -'
bindir='${exec_prefix}/bin'
build='x86_64-pc-linux-gnu'
build_alias=''
build_cpu='x86_64'
build_os='linux-gnu'
build_vendor='pc'
datadir='${datarootdir}'
datarootdir='${prefix}/share'
decaf_builddir='/projects/cmsclient/activemq-cpp'
decaf_srcdir='/projects/cmsclient'
docdir='${datarootdir}/doc/${PACKAGE_TARNAME}'
dvidir='${docdir}'
exec_prefix='NONE'
host='x86_64-pc-linux-gnu'
host_alias=''
host_cpu='x86_64'
host_os='linux-gnu'
host_vendor='pc'
htmldir='${docdir}'
includedir='${prefix}/include'
infodir='${datarootdir}/info'
install_sh='${SHELL} /projects/cmsclient/activemq-cpp/config/install-sh'
libdir='${exec_prefix}/lib'
libexecdir='${exec_prefix}/libexec'
localedir='${datarootdir}/locale'
localstatedir='${prefix}/var'
mandir='${datarootdir}/man'
mkdir_p='$(MKDIR_P)'
oldincludedir='/usr/include'
pdfdir='${docdir}'
prefix='NONE'
program_transform_name='s,x,x,'
psdir='${docdir}'
runstatedir='${localstatedir}/run'
sbindir='${exec_prefix}/sbin'
sharedstatedir='${prefix}/com'
sysconfdir='${prefix}/etc'
target_alias=''

## ----------- ##
## confdefs.h. ##
## ----------- ##

/* confdefs.h */
#define PACKAGE_NAME "activemq-cpp"
#define PACKAGE_TARNAME "activemq-cpp"
#define PACKAGE_VERSION "3.5.0"
#define PACKAGE_STRING "activemq-cpp 3.5.0"
#define PACKAGE_BUGREPORT "dev@activemq.apache.org"
#define PACKAGE_URL ""
#define PACKAGE "activemq-cpp"
#define VERSION "3.5.0"
#define STDC_HEADERS 1
#define HAVE_SYS_TYPES_H 1
#define HAVE_SYS_STAT_H 1
#define HAVE_STDLIB_H 1
#define HAVE_STRING_H 1
#define HAVE_MEMORY_H 1
#define HAVE_STRINGS_H 1
#define HAVE_INTTYPES_H 1
#define HAVE_STDINT_H 1
#define HAVE_UNISTD_H 1
#define HAVE_DLFCN_H 1
#define LT_OBJDIR ".libs/"
#define HAVE_VPRINTF 1
#define STDC_HEADERS 1
#define HAVE_WCHAR_T 1
#define SIZEOF_SHORT 2
#define SIZEOF_INT 4
#define SIZEOF_LONG 8
#define SIZEOF_WCHAR_T 4
#define SIZEOF_CHAR 1
#define SIZEOF_SHORT 2
#define SIZEOF_INT 4
#define SIZEOF_LONG_LONG 8
#define SIZEOF_FLOAT 4
#define SIZEOF_DOUBLE 8
#define HAVE_SIGNAL_H 1
#define HAVE_STRING_H 1
#define HAVE_SCHED_H 1
#define HAVE_TIME_H 1
#define HAVE_LIMITS_H 1
#define HAVE_SYS_IOCTL_H 1
#define HAVE_SYS_SELECT_H 1
#define HAVE_SYS_TIME_H 1
#define HAVE_SYS_TIMEB_H 1
#define HAVE_SYS_WAIT_H 1
#define HAVE_SYS_TYPES_H 1
#define HAVE_SYS_RESOURCE_H 1
#define HAVE_PTHREAD_H 1
#define HAVE_ERRNO_H 1
#define HAVE_SEMAPHORE_H 1
#define HAVE_IOCTL 1
#define HAVE_SELECT 1
#define HAVE_GETTIMEOFDAY 1
#define HAVE_TIME 1
#define HAVE_FTIME 1
#define HAVE_RANDOM 1
#define HAVE_SRANDOM 1
#define HAVE_PTHREAD_H 1
#define HAVE_PTHREAD_MUTEX_RECURSIVE 1
#define HAVE_PTHREAD_KEY_DELETE 1
#define HAVE_PTHREAD_RWLOCK_INIT 1
#define HAVE_PTHREAD_ATTR_SETGUARDSIZE 1
#define HAVE_PTHREAD_RWLOCKS 1
#define HAVE_SCHED_H 1
#define HAVE_SCHED_YIELD 1
#define HAVE_PTHREAD_TRYJOIN_NP 1
#define HAVE_PTHREAD_TIMEDJOIN_NP 1
#define HAVE_ATOMIC_BUILTINS 1

configure: exit 1
